[0mCMake Deprecation Warning at CMakeLists.txt:1 (cmake_minimum_required):
  Compatibility with CMake < 3.10 will be removed from a future version of
  CMake.

  Update the VERSION argument <min> value.  Or, use the <min>...<max> syntax
  to tell CMake that the project requires at least <min> but has been updated
  to work with policies introduced by <max> or earlier.

[0m
[0mCMake Deprecation Warning at /home/nl455/miniconda3/envs/ros_env/share/ament_cmake_target_dependencies/cmake/ament_target_dependencies.cmake:87 (message):
  ament_target_dependencies() is deprecated.  Use target_link_libraries()
  with modern CMake targets instead.  Try replacing this call with:

    target_link_libraries(rqt_mocap4r2_control PUBLIC
      ${mocap4r2_control_msgs_TARGETS}
      ${sensor_msgs_TARGETS}
      qt_gui_cpp::qt_gui_cpp
      rclcpp::rclcpp
      rqt_gui_cpp::rqt_gui_cpp
      sensor_msgs::sensor_msgs_library
    )

Call Stack (most recent call first):
  CMakeLists.txt:81 (ament_target_dependencies)

[0m
/home/nl455/mocap_ws/src/mocap4r2/mocap4r2_control/rqt_mocap4r2_control/include/rqt_mocap4r2_control/SystemController.hpp:0: Note: No relevant classes found. No output generated.
In file included from [01m[K/home/nl455/mocap_ws/src/mocap4r2/mocap4r2_control/rqt_mocap4r2_control/include/rqt_mocap4r2_control/mocap4r2_control.hpp:18[m[K,
                 from [01m[K/home/nl455/mocap_ws/src/mocap4r2/mocap4r2_control/rqt_mocap4r2_control/src/rqt_mocap4r2_control/mocap4r2_control.cpp:17[m[K:
[01m[K/home/nl455/miniconda3/envs/ros_env/include/rqt_gui_cpp/rqt_gui_cpp/plugin.h:37:2:[m[K [01;35m[Kwarning: [m[K#warning Including header <rqt_gui_cpp/plugin.h> is deprecated, include <rqt_gui_cpp/plugin.hpp> instead. [[01;35m[K]8;;https://gcc.gnu.org/onlinedocs/gcc/Warning-Options.html#index-Wcpp-Wcpp]8;;[m[K]
   37 | #[01;35m[Kwarning[m[K Including header <rqt_gui_cpp/plugin.h> is deprecated, \
      |  [01;35m[K^~~~~~~[m[K
In file included from [01m[K/home/nl455/mocap_ws/build/rqt_mocap4r2_control/include/rqt_mocap4r2_control/../../../../src/mocap4r2/mocap4r2_control/rqt_mocap4r2_control/include/rqt_mocap4r2_control/mocap4r2_control.hpp:18[m[K,
                 from [01m[K/home/nl455/mocap_ws/build/rqt_mocap4r2_control/include/rqt_mocap4r2_control/moc_mocap4r2_control.cpp:10[m[K:
[01m[K/home/nl455/miniconda3/envs/ros_env/include/rqt_gui_cpp/rqt_gui_cpp/plugin.h:37:2:[m[K [01;35m[Kwarning: [m[K#warning Including header <rqt_gui_cpp/plugin.h> is deprecated, include <rqt_gui_cpp/plugin.hpp> instead. [[01;35m[K]8;;https://gcc.gnu.org/onlinedocs/gcc/Warning-Options.html#index-Wcpp-Wcpp]8;;[m[K]
   37 | #[01;35m[Kwarning[m[K Including header <rqt_gui_cpp/plugin.h> is deprecated, \
      |  [01;35m[K^~~~~~~[m[K
