-- The C compiler identification is GNU 13.3.0
-- The CXX compiler identification is GNU 13.3.0
-- Detecting C compiler ABI info
-- Detecting C compiler ABI info - done
-- Check for working C compiler: /usr/bin/cc - skipped
-- Detecting C compile features
-- Detecting C compile features - done
-- Detecting CXX compiler ABI info
-- Detecting CXX compiler ABI info - done
-- Check for working CXX compiler: /usr/bin/c++ - skipped
-- Detecting CXX compile features
-- Detecting CXX compile features - done
-- Found ament_cmake: 2.7.3 (/home/nl455/miniconda3/envs/ros_env/share/ament_cmake/cmake)
-- Found Python3: /home/nl455/miniconda3/envs/ros_env/bin/python3 (found version "3.12.12") found components: Interpreter
-- Override CMake install command with custom implementation using symlinks instead of copying resources
-- Found rclcpp: 29.5.3 (/home/nl455/miniconda3/envs/ros_env/share/rclcpp/cmake)
-- Found rosidl_generator_c: 4.9.5 (/home/nl455/miniconda3/envs/ros_env/share/rosidl_generator_c/cmake)
-- Found rosidl_generator_cpp: 4.9.5 (/home/nl455/miniconda3/envs/ros_env/share/rosidl_generator_cpp/cmake)
-- Using all available rosidl_typesupport_c: rosidl_typesupport_fastrtps_c;rosidl_typesupport_introspection_c
-- Using all available rosidl_typesupport_cpp: rosidl_typesupport_fastrtps_cpp;rosidl_typesupport_introspection_cpp
-- Found rmw_implementation_cmake: 7.8.2 (/home/nl455/miniconda3/envs/ros_env/share/rmw_implementation_cmake/cmake)
-- Found rmw_fastrtps_cpp: 9.3.3 (/home/nl455/miniconda3/envs/ros_env/share/rmw_fastrtps_cpp/cmake)
-- Found OpenSSL: /home/nl455/miniconda3/envs/ros_env/lib/libcrypto.so (found version "3.6.0")
-- Using RMW implementation 'rmw_fastrtps_cpp' as default
-- Found qt_gui_cpp: 2.9.1 (/home/nl455/miniconda3/envs/ros_env/share/qt_gui_cpp/cmake)
-- Found rqt_gui_cpp: 1.9.0 (/home/nl455/miniconda3/envs/ros_env/share/rqt_gui_cpp/cmake)
-- Found mocap4r2_control: 0.0.7 (/home/nl455/mocap_ws/install/mocap4r2_control/share/mocap4r2_control/cmake)
-- Found sensor_msgs: 5.5.0 (/home/nl455/miniconda3/envs/ros_env/share/sensor_msgs/cmake)
-- Configuring done (0.8s)
-- Generating done (0.0s)
-- Build files have been written to: /home/nl455/mocap_ws/build/rqt_mocap4r2_control
[ 25%] [1m[34mGenerating include/rqt_mocap4r2_control/moc_mocap4r2_control.cpp[0m
[ 37%] [1m[34mGenerating include/rqt_mocap4r2_control/moc_SystemController.cpp[0m
[ 37%] [1m[34mGenerating ui_mocap4r2_control.h[0m
[ 50%] [32mBuilding CXX object CMakeFiles/rqt_mocap4r2_control.dir/src/rqt_mocap4r2_control/SystemController.cpp.o[0m
[ 62%] [32mBuilding CXX object CMakeFiles/rqt_mocap4r2_control.dir/include/rqt_mocap4r2_control/moc_mocap4r2_control.cpp.o[0m
[ 87%] [32mBuilding CXX object CMakeFiles/rqt_mocap4r2_control.dir/src/rqt_mocap4r2_control/mocap4r2_control.cpp.o[0m
[ 87%] [32mBuilding CXX object CMakeFiles/rqt_mocap4r2_control.dir/include/rqt_mocap4r2_control/moc_SystemController.cpp.o[0m
[100%] [1m[32mLinking CXX shared library librqt_mocap4r2_control.so[0m
[100%] Built target rqt_mocap4r2_control
-- Install configuration: ""
-- Execute custom install script
-- Symlinking: /home/nl455/mocap_ws/install/rqt_mocap4r2_control/lib/rqt_mocap4r2_control/rqt_mocap4r2_control
-- Symlinking: /home/nl455/mocap_ws/install/rqt_mocap4r2_control/include/rqt_mocap4r2_control/SystemController.hpp
-- Symlinking: /home/nl455/mocap_ws/install/rqt_mocap4r2_control/include/rqt_mocap4r2_control/mocap4r2_control.hpp
-- Symlinking: /home/nl455/mocap_ws/install/rqt_mocap4r2_control/include/rqt_mocap4r2_control/utils.hpp
-- Symlinking: /home/nl455/mocap_ws/install/rqt_mocap4r2_control/share/rqt_mocap4r2_control/plugin.xml
-- Up-to-date symlink: /home/nl455/mocap_ws/install/rqt_mocap4r2_control/share/rqt_mocap4r2_control//plugin.xml
-- Symlinking: /home/nl455/mocap_ws/install/rqt_mocap4r2_control/share/rqt_mocap4r2_control/environment/library_path.sh
-- Symlinking: /home/nl455/mocap_ws/install/rqt_mocap4r2_control/share/rqt_mocap4r2_control/environment/library_path.dsv
-- Symlinking: /home/nl455/mocap_ws/install/rqt_mocap4r2_control/share/ament_index/resource_index/package_run_dependencies/rqt_mocap4r2_control
-- Symlinking: /home/nl455/mocap_ws/install/rqt_mocap4r2_control/share/ament_index/resource_index/parent_prefix_path/rqt_mocap4r2_control
-- Symlinking: /home/nl455/mocap_ws/install/rqt_mocap4r2_control/share/rqt_mocap4r2_control/environment/ament_prefix_path.sh
-- Symlinking: /home/nl455/mocap_ws/install/rqt_mocap4r2_control/share/rqt_mocap4r2_control/environment/ament_prefix_path.dsv
-- Symlinking: /home/nl455/mocap_ws/install/rqt_mocap4r2_control/share/rqt_mocap4r2_control/environment/path.sh
-- Symlinking: /home/nl455/mocap_ws/install/rqt_mocap4r2_control/share/rqt_mocap4r2_control/environment/path.dsv
-- Symlinking: /home/nl455/mocap_ws/install/rqt_mocap4r2_control/share/rqt_mocap4r2_control/local_setup.bash
-- Symlinking: /home/nl455/mocap_ws/install/rqt_mocap4r2_control/share/rqt_mocap4r2_control/local_setup.sh
-- Symlinking: /home/nl455/mocap_ws/install/rqt_mocap4r2_control/share/rqt_mocap4r2_control/local_setup.zsh
-- Symlinking: /home/nl455/mocap_ws/install/rqt_mocap4r2_control/share/rqt_mocap4r2_control/local_setup.dsv
-- Symlinking: /home/nl455/mocap_ws/install/rqt_mocap4r2_control/share/rqt_mocap4r2_control/package.dsv
-- Symlinking: /home/nl455/mocap_ws/install/rqt_mocap4r2_control/share/ament_index/resource_index/packages/rqt_mocap4r2_control
-- Symlinking: /home/nl455/mocap_ws/install/rqt_mocap4r2_control/share/ament_index/resource_index/rqt_gui__pluginlib__plugin/rqt_mocap4r2_control
-- Symlinking: /home/nl455/mocap_ws/install/rqt_mocap4r2_control/share/rqt_mocap4r2_control/cmake/ament_cmake_export_include_directories-extras.cmake
-- Symlinking: /home/nl455/mocap_ws/install/rqt_mocap4r2_control/share/rqt_mocap4r2_control/cmake/ament_cmake_export_libraries-extras.cmake
-- Symlinking: /home/nl455/mocap_ws/install/rqt_mocap4r2_control/share/rqt_mocap4r2_control/cmake/rqt_mocap4r2_controlConfig.cmake
-- Symlinking: /home/nl455/mocap_ws/install/rqt_mocap4r2_control/share/rqt_mocap4r2_control/cmake/rqt_mocap4r2_controlConfig-version.cmake
-- Symlinking: /home/nl455/mocap_ws/install/rqt_mocap4r2_control/share/rqt_mocap4r2_control/package.xml
-- Installing: /home/nl455/mocap_ws/install/rqt_mocap4r2_control/lib/rqt_mocap4r2_control/librqt_mocap4r2_control.so
-- Set non-toolchain portion of runtime path of "/home/nl455/mocap_ws/install/rqt_mocap4r2_control/lib/rqt_mocap4r2_control/librqt_mocap4r2_control.so" to ""
