[0.005s] Invoking command in '/home/nl455/mocap_ws/build/rqt_mocap4r2_control': AMENT_PREFIX_PATH=/home/nl455/mocap_ws/install/mocap4r2_control:/home/nl455/mocap_ws/install/mocap4r2_control_msgs:${AMENT_PREFIX_PATH} CMAKE_PREFIX_PATH=/home/nl455/mocap_ws/install/mocap4r2_control:/home/nl455/mocap_ws/install/mocap4r2_control_msgs:/home/nl455/miniconda3/envs/ros_env CONDA_PROMPT_MODIFIER=(ros_env) DEBUGINFOD_URLS=https://debuginfod.ubuntu.com LD_LIBRARY_PATH=/home/nl455/mocap_ws/install/mocap4r2_control/lib:/home/nl455/mocap_ws/install/mocap4r2_control_msgs/lib:${LD_LIBRARY_PATH} PYTHONPATH=/home/nl455/mocap_ws/install/mocap4r2_control_msgs/lib/python3.12/site-packages:${PYTHONPATH} /home/nl455/miniconda3/envs/ros_env/bin/cmake /home/nl455/mocap_ws/src/mocap4r2/mocap4r2_control/rqt_mocap4r2_control -DAMENT_CMAKE_SYMLINK_INSTALL=1 -DCMAKE_INSTALL_PREFIX=/home/nl455/mocap_ws/install/rqt_mocap4r2_control
[0.011s] [0mCMake Deprecation Warning at CMakeLists.txt:1 (cmake_minimum_required):
[0.011s]   Compatibility with CMake < 3.10 will be removed from a future version of
[0.011s]   CMake.
[0.011s] 
[0.011s]   Update the VERSION argument <min> value.  Or, use the <min>...<max> syntax
[0.011s]   to tell CMake that the project requires at least <min> but has been updated
[0.011s]   to work with policies introduced by <max> or earlier.
[0.011s] 
[0.011s] [0m
[0.033s] -- The C compiler identification is GNU 13.3.0
[0.063s] -- The CXX compiler identification is GNU 13.3.0
[0.067s] -- Detecting C compiler ABI info
[0.100s] -- Detecting C compiler ABI info - done
[0.108s] -- Check for working C compiler: /usr/bin/cc - skipped
[0.108s] -- Detecting C compile features
[0.108s] -- Detecting C compile features - done
[0.115s] -- Detecting CXX compiler ABI info
[0.152s] -- Detecting CXX compiler ABI info - done
[0.160s] -- Check for working CXX compiler: /usr/bin/c++ - skipped
[0.160s] -- Detecting CXX compile features
[0.161s] -- Detecting CXX compile features - done
[0.166s] -- Found ament_cmake: 2.7.3 (/home/nl455/miniconda3/envs/ros_env/share/ament_cmake/cmake)
[0.229s] -- Found Python3: /home/nl455/miniconda3/envs/ros_env/bin/python3 (found version "3.12.12") found components: Interpreter
[0.267s] -- Override CMake install command with custom implementation using symlinks instead of copying resources
[0.296s] -- Found rclcpp: 29.5.3 (/home/nl455/miniconda3/envs/ros_env/share/rclcpp/cmake)
[0.324s] -- Found rosidl_generator_c: 4.9.5 (/home/nl455/miniconda3/envs/ros_env/share/rosidl_generator_c/cmake)
[0.333s] -- Found rosidl_generator_cpp: 4.9.5 (/home/nl455/miniconda3/envs/ros_env/share/rosidl_generator_cpp/cmake)
[0.344s] -- Using all available rosidl_typesupport_c: rosidl_typesupport_fastrtps_c;rosidl_typesupport_introspection_c
[0.357s] -- Using all available rosidl_typesupport_cpp: rosidl_typesupport_fastrtps_cpp;rosidl_typesupport_introspection_cpp
[0.410s] -- Found rmw_implementation_cmake: 7.8.2 (/home/nl455/miniconda3/envs/ros_env/share/rmw_implementation_cmake/cmake)
[0.413s] -- Found rmw_fastrtps_cpp: 9.3.3 (/home/nl455/miniconda3/envs/ros_env/share/rmw_fastrtps_cpp/cmake)
[0.564s] -- Found OpenSSL: /home/nl455/miniconda3/envs/ros_env/lib/libcrypto.so (found version "3.6.0")
[0.577s] -- Using RMW implementation 'rmw_fastrtps_cpp' as default
[0.629s] -- Found qt_gui_cpp: 2.9.1 (/home/nl455/miniconda3/envs/ros_env/share/qt_gui_cpp/cmake)
[0.642s] -- Found rqt_gui_cpp: 1.9.0 (/home/nl455/miniconda3/envs/ros_env/share/rqt_gui_cpp/cmake)
[0.644s] -- Found mocap4r2_control: 0.0.7 (/home/nl455/mocap_ws/install/mocap4r2_control/share/mocap4r2_control/cmake)
[0.707s] -- Found sensor_msgs: 5.5.0 (/home/nl455/miniconda3/envs/ros_env/share/sensor_msgs/cmake)
[0.721s] [0mCMake Deprecation Warning at /home/nl455/miniconda3/envs/ros_env/share/ament_cmake_target_dependencies/cmake/ament_target_dependencies.cmake:87 (message):
[0.722s]   ament_target_dependencies() is deprecated.  Use target_link_libraries()
[0.722s]   with modern CMake targets instead.  Try replacing this call with:
[0.722s] 
[0.722s]     target_link_libraries(rqt_mocap4r2_control PUBLIC
[0.722s]       ${mocap4r2_control_msgs_TARGETS}
[0.722s]       ${sensor_msgs_TARGETS}
[0.722s]       qt_gui_cpp::qt_gui_cpp
[0.722s]       rclcpp::rclcpp
[0.722s]       rqt_gui_cpp::rqt_gui_cpp
[0.722s]       sensor_msgs::sensor_msgs_library
[0.722s]     )
[0.722s] 
[0.722s] Call Stack (most recent call first):
[0.722s]   CMakeLists.txt:81 (ament_target_dependencies)
[0.722s] 
[0.722s] [0m
[0.769s] -- Configuring done (0.8s)
[0.786s] -- Generating done (0.0s)
[0.801s] -- Build files have been written to: /home/nl455/mocap_ws/build/rqt_mocap4r2_control
[0.809s] Invoked command in '/home/nl455/mocap_ws/build/rqt_mocap4r2_control' returned '0': AMENT_PREFIX_PATH=/home/nl455/mocap_ws/install/mocap4r2_control:/home/nl455/mocap_ws/install/mocap4r2_control_msgs:${AMENT_PREFIX_PATH} CMAKE_PREFIX_PATH=/home/nl455/mocap_ws/install/mocap4r2_control:/home/nl455/mocap_ws/install/mocap4r2_control_msgs:/home/nl455/miniconda3/envs/ros_env CONDA_PROMPT_MODIFIER=(ros_env) DEBUGINFOD_URLS=https://debuginfod.ubuntu.com LD_LIBRARY_PATH=/home/nl455/mocap_ws/install/mocap4r2_control/lib:/home/nl455/mocap_ws/install/mocap4r2_control_msgs/lib:${LD_LIBRARY_PATH} PYTHONPATH=/home/nl455/mocap_ws/install/mocap4r2_control_msgs/lib/python3.12/site-packages:${PYTHONPATH} /home/nl455/miniconda3/envs/ros_env/bin/cmake /home/nl455/mocap_ws/src/mocap4r2/mocap4r2_control/rqt_mocap4r2_control -DAMENT_CMAKE_SYMLINK_INSTALL=1 -DCMAKE_INSTALL_PREFIX=/home/nl455/mocap_ws/install/rqt_mocap4r2_control
[0.809s] Invoking command in '/home/nl455/mocap_ws/build/rqt_mocap4r2_control': AMENT_PREFIX_PATH=/home/nl455/mocap_ws/install/mocap4r2_control:/home/nl455/mocap_ws/install/mocap4r2_control_msgs:${AMENT_PREFIX_PATH} CMAKE_PREFIX_PATH=/home/nl455/mocap_ws/install/mocap4r2_control:/home/nl455/mocap_ws/install/mocap4r2_control_msgs:/home/nl455/miniconda3/envs/ros_env CONDA_PROMPT_MODIFIER=(ros_env) DEBUGINFOD_URLS=https://debuginfod.ubuntu.com LD_LIBRARY_PATH=/home/nl455/mocap_ws/install/mocap4r2_control/lib:/home/nl455/mocap_ws/install/mocap4r2_control_msgs/lib:${LD_LIBRARY_PATH} PYTHONPATH=/home/nl455/mocap_ws/install/mocap4r2_control_msgs/lib/python3.12/site-packages:${PYTHONPATH} /home/nl455/miniconda3/envs/ros_env/bin/cmake --build /home/nl455/mocap_ws/build/rqt_mocap4r2_control -- -j32 -l32
[0.826s] [ 25%] [1m[34mGenerating include/rqt_mocap4r2_control/moc_mocap4r2_control.cpp[0m
[0.826s] [ 37%] [1m[34mGenerating include/rqt_mocap4r2_control/moc_SystemController.cpp[0m
[0.826s] [ 37%] [1m[34mGenerating ui_mocap4r2_control.h[0m
[0.827s] /home/nl455/mocap_ws/src/mocap4r2/mocap4r2_control/rqt_mocap4r2_control/include/rqt_mocap4r2_control/SystemController.hpp:0: Note: No relevant classes found. No output generated.
[0.835s] [ 50%] [32mBuilding CXX object CMakeFiles/rqt_mocap4r2_control.dir/src/rqt_mocap4r2_control/SystemController.cpp.o[0m
[0.835s] [ 62%] [32mBuilding CXX object CMakeFiles/rqt_mocap4r2_control.dir/include/rqt_mocap4r2_control/moc_mocap4r2_control.cpp.o[0m
[0.835s] [ 87%] [32mBuilding CXX object CMakeFiles/rqt_mocap4r2_control.dir/src/rqt_mocap4r2_control/mocap4r2_control.cpp.o[0m
[0.835s] [ 87%] [32mBuilding CXX object CMakeFiles/rqt_mocap4r2_control.dir/include/rqt_mocap4r2_control/moc_SystemController.cpp.o[0m
[0.843s] In file included from [01m[K/home/nl455/mocap_ws/src/mocap4r2/mocap4r2_control/rqt_mocap4r2_control/include/rqt_mocap4r2_control/mocap4r2_control.hpp:18[m[K,
[0.843s]                  from [01m[K/home/nl455/mocap_ws/src/mocap4r2/mocap4r2_control/rqt_mocap4r2_control/src/rqt_mocap4r2_control/mocap4r2_control.cpp:17[m[K:
[0.843s] [01m[K/home/nl455/miniconda3/envs/ros_env/include/rqt_gui_cpp/rqt_gui_cpp/plugin.h:37:2:[m[K [01;35m[Kwarning: [m[K#warning Including header <rqt_gui_cpp/plugin.h> is deprecated, include <rqt_gui_cpp/plugin.hpp> instead. [[01;35m[K]8;;https://gcc.gnu.org/onlinedocs/gcc/Warning-Options.html#index-Wcpp-Wcpp]8;;[m[K]
[0.843s]    37 | #[01;35m[Kwarning[m[K Including header <rqt_gui_cpp/plugin.h> is deprecated, \
[0.843s]       |  [01;35m[K^~~~~~~[m[K
[0.864s] In file included from [01m[K/home/nl455/mocap_ws/build/rqt_mocap4r2_control/include/rqt_mocap4r2_control/../../../../src/mocap4r2/mocap4r2_control/rqt_mocap4r2_control/include/rqt_mocap4r2_control/mocap4r2_control.hpp:18[m[K,
[0.865s]                  from [01m[K/home/nl455/mocap_ws/build/rqt_mocap4r2_control/include/rqt_mocap4r2_control/moc_mocap4r2_control.cpp:10[m[K:
[0.865s] [01m[K/home/nl455/miniconda3/envs/ros_env/include/rqt_gui_cpp/rqt_gui_cpp/plugin.h:37:2:[m[K [01;35m[Kwarning: [m[K#warning Including header <rqt_gui_cpp/plugin.h> is deprecated, include <rqt_gui_cpp/plugin.hpp> instead. [[01;35m[K]8;;https://gcc.gnu.org/onlinedocs/gcc/Warning-Options.html#index-Wcpp-Wcpp]8;;[m[K]
[0.865s]    37 | #[01;35m[Kwarning[m[K Including header <rqt_gui_cpp/plugin.h> is deprecated, \
[0.865s]       |  [01;35m[K^~~~~~~[m[K
[5.408s] [100%] [1m[32mLinking CXX shared library librqt_mocap4r2_control.so[0m
[6.149s] [100%] Built target rqt_mocap4r2_control
[6.153s] Invoked command in '/home/nl455/mocap_ws/build/rqt_mocap4r2_control' returned '0': AMENT_PREFIX_PATH=/home/nl455/mocap_ws/install/mocap4r2_control:/home/nl455/mocap_ws/install/mocap4r2_control_msgs:${AMENT_PREFIX_PATH} CMAKE_PREFIX_PATH=/home/nl455/mocap_ws/install/mocap4r2_control:/home/nl455/mocap_ws/install/mocap4r2_control_msgs:/home/nl455/miniconda3/envs/ros_env CONDA_PROMPT_MODIFIER=(ros_env) DEBUGINFOD_URLS=https://debuginfod.ubuntu.com LD_LIBRARY_PATH=/home/nl455/mocap_ws/install/mocap4r2_control/lib:/home/nl455/mocap_ws/install/mocap4r2_control_msgs/lib:${LD_LIBRARY_PATH} PYTHONPATH=/home/nl455/mocap_ws/install/mocap4r2_control_msgs/lib/python3.12/site-packages:${PYTHONPATH} /home/nl455/miniconda3/envs/ros_env/bin/cmake --build /home/nl455/mocap_ws/build/rqt_mocap4r2_control -- -j32 -l32
[6.154s] Invoking command in '/home/nl455/mocap_ws/build/rqt_mocap4r2_control': AMENT_PREFIX_PATH=/home/nl455/mocap_ws/install/mocap4r2_control:/home/nl455/mocap_ws/install/mocap4r2_control_msgs:${AMENT_PREFIX_PATH} CMAKE_PREFIX_PATH=/home/nl455/mocap_ws/install/mocap4r2_control:/home/nl455/mocap_ws/install/mocap4r2_control_msgs:/home/nl455/miniconda3/envs/ros_env CONDA_PROMPT_MODIFIER=(ros_env) DEBUGINFOD_URLS=https://debuginfod.ubuntu.com LD_LIBRARY_PATH=/home/nl455/mocap_ws/install/mocap4r2_control/lib:/home/nl455/mocap_ws/install/mocap4r2_control_msgs/lib:${LD_LIBRARY_PATH} PYTHONPATH=/home/nl455/mocap_ws/install/mocap4r2_control_msgs/lib/python3.12/site-packages:${PYTHONPATH} /home/nl455/miniconda3/envs/ros_env/bin/cmake --install /home/nl455/mocap_ws/build/rqt_mocap4r2_control
[6.157s] -- Install configuration: ""
[6.157s] -- Execute custom install script
[6.157s] -- Symlinking: /home/nl455/mocap_ws/install/rqt_mocap4r2_control/lib/rqt_mocap4r2_control/rqt_mocap4r2_control
[6.160s] -- Symlinking: /home/nl455/mocap_ws/install/rqt_mocap4r2_control/include/rqt_mocap4r2_control/SystemController.hpp
[6.164s] -- Symlinking: /home/nl455/mocap_ws/install/rqt_mocap4r2_control/include/rqt_mocap4r2_control/mocap4r2_control.hpp
[6.167s] -- Symlinking: /home/nl455/mocap_ws/install/rqt_mocap4r2_control/include/rqt_mocap4r2_control/utils.hpp
[6.170s] -- Symlinking: /home/nl455/mocap_ws/install/rqt_mocap4r2_control/share/rqt_mocap4r2_control/plugin.xml
[6.173s] -- Up-to-date symlink: /home/nl455/mocap_ws/install/rqt_mocap4r2_control/share/rqt_mocap4r2_control//plugin.xml
[6.173s] -- Symlinking: /home/nl455/mocap_ws/install/rqt_mocap4r2_control/share/rqt_mocap4r2_control/environment/library_path.sh
[6.175s] -- Symlinking: /home/nl455/mocap_ws/install/rqt_mocap4r2_control/share/rqt_mocap4r2_control/environment/library_path.dsv
[6.179s] -- Symlinking: /home/nl455/mocap_ws/install/rqt_mocap4r2_control/share/ament_index/resource_index/package_run_dependencies/rqt_mocap4r2_control
[6.182s] -- Symlinking: /home/nl455/mocap_ws/install/rqt_mocap4r2_control/share/ament_index/resource_index/parent_prefix_path/rqt_mocap4r2_control
[6.185s] -- Symlinking: /home/nl455/mocap_ws/install/rqt_mocap4r2_control/share/rqt_mocap4r2_control/environment/ament_prefix_path.sh
[6.188s] -- Symlinking: /home/nl455/mocap_ws/install/rqt_mocap4r2_control/share/rqt_mocap4r2_control/environment/ament_prefix_path.dsv
[6.191s] -- Symlinking: /home/nl455/mocap_ws/install/rqt_mocap4r2_control/share/rqt_mocap4r2_control/environment/path.sh
[6.194s] -- Symlinking: /home/nl455/mocap_ws/install/rqt_mocap4r2_control/share/rqt_mocap4r2_control/environment/path.dsv
[6.197s] -- Symlinking: /home/nl455/mocap_ws/install/rqt_mocap4r2_control/share/rqt_mocap4r2_control/local_setup.bash
[6.200s] -- Symlinking: /home/nl455/mocap_ws/install/rqt_mocap4r2_control/share/rqt_mocap4r2_control/local_setup.sh
[6.203s] -- Symlinking: /home/nl455/mocap_ws/install/rqt_mocap4r2_control/share/rqt_mocap4r2_control/local_setup.zsh
[6.206s] -- Symlinking: /home/nl455/mocap_ws/install/rqt_mocap4r2_control/share/rqt_mocap4r2_control/local_setup.dsv
[6.209s] -- Symlinking: /home/nl455/mocap_ws/install/rqt_mocap4r2_control/share/rqt_mocap4r2_control/package.dsv
[6.212s] -- Symlinking: /home/nl455/mocap_ws/install/rqt_mocap4r2_control/share/ament_index/resource_index/packages/rqt_mocap4r2_control
[6.215s] -- Symlinking: /home/nl455/mocap_ws/install/rqt_mocap4r2_control/share/ament_index/resource_index/rqt_gui__pluginlib__plugin/rqt_mocap4r2_control
[6.217s] -- Symlinking: /home/nl455/mocap_ws/install/rqt_mocap4r2_control/share/rqt_mocap4r2_control/cmake/ament_cmake_export_include_directories-extras.cmake
[6.219s] -- Symlinking: /home/nl455/mocap_ws/install/rqt_mocap4r2_control/share/rqt_mocap4r2_control/cmake/ament_cmake_export_libraries-extras.cmake
[6.222s] -- Symlinking: /home/nl455/mocap_ws/install/rqt_mocap4r2_control/share/rqt_mocap4r2_control/cmake/rqt_mocap4r2_controlConfig.cmake
[6.224s] -- Symlinking: /home/nl455/mocap_ws/install/rqt_mocap4r2_control/share/rqt_mocap4r2_control/cmake/rqt_mocap4r2_controlConfig-version.cmake
[6.227s] -- Symlinking: /home/nl455/mocap_ws/install/rqt_mocap4r2_control/share/rqt_mocap4r2_control/package.xml
[6.229s] -- Installing: /home/nl455/mocap_ws/install/rqt_mocap4r2_control/lib/rqt_mocap4r2_control/librqt_mocap4r2_control.so
[6.232s] -- Set non-toolchain portion of runtime path of "/home/nl455/mocap_ws/install/rqt_mocap4r2_control/lib/rqt_mocap4r2_control/librqt_mocap4r2_control.so" to ""
[6.233s] Invoked command in '/home/nl455/mocap_ws/build/rqt_mocap4r2_control' returned '0': AMENT_PREFIX_PATH=/home/nl455/mocap_ws/install/mocap4r2_control:/home/nl455/mocap_ws/install/mocap4r2_control_msgs:${AMENT_PREFIX_PATH} CMAKE_PREFIX_PATH=/home/nl455/mocap_ws/install/mocap4r2_control:/home/nl455/mocap_ws/install/mocap4r2_control_msgs:/home/nl455/miniconda3/envs/ros_env CONDA_PROMPT_MODIFIER=(ros_env) DEBUGINFOD_URLS=https://debuginfod.ubuntu.com LD_LIBRARY_PATH=/home/nl455/mocap_ws/install/mocap4r2_control/lib:/home/nl455/mocap_ws/install/mocap4r2_control_msgs/lib:${LD_LIBRARY_PATH} PYTHONPATH=/home/nl455/mocap_ws/install/mocap4r2_control_msgs/lib/python3.12/site-packages:${PYTHONPATH} /home/nl455/miniconda3/envs/ros_env/bin/cmake --install /home/nl455/mocap_ws/build/rqt_mocap4r2_control
