[0.009s] Invoking command in '/home/nl455/mocap_ws/build/rqt_mocap4r2_control': AMENT_PREFIX_PATH=/home/nl455/mocap_ws/install/mocap4r2_control:/home/nl455/mocap_ws/install/mocap4r2_control_msgs:${AMENT_PREFIX_PATH} CMAKE_PREFIX_PATH=/home/nl455/mocap_ws/install/mocap4r2_control:/home/nl455/mocap_ws/install/mocap4r2_control_msgs:/home/nl455/miniconda3/envs/ros_env CONDA_PROMPT_MODIFIER=(ros_env) DEBUGINFOD_URLS=https://debuginfod.ubuntu.com LD_LIBRARY_PATH=/home/nl455/mocap_ws/install/mocap4r2_control/lib:/home/nl455/mocap_ws/install/mocap4r2_control_msgs/lib:${LD_LIBRARY_PATH} PYTHONPATH=/home/nl455/mocap_ws/install/mocap4r2_control_msgs/lib/python3.12/site-packages:${PYTHONPATH} /home/nl455/miniconda3/envs/ros_env/bin/cmake --build /home/nl455/mocap_ws/build/rqt_mocap4r2_control -- -j32 -l32
[0.032s] [100%] Built target rqt_mocap4r2_control
[0.042s] Invoked command in '/home/nl455/mocap_ws/build/rqt_mocap4r2_control' returned '0': AMENT_PREFIX_PATH=/home/nl455/mocap_ws/install/mocap4r2_control:/home/nl455/mocap_ws/install/mocap4r2_control_msgs:${AMENT_PREFIX_PATH} CMAKE_PREFIX_PATH=/home/nl455/mocap_ws/install/mocap4r2_control:/home/nl455/mocap_ws/install/mocap4r2_control_msgs:/home/nl455/miniconda3/envs/ros_env CONDA_PROMPT_MODIFIER=(ros_env) DEBUGINFOD_URLS=https://debuginfod.ubuntu.com LD_LIBRARY_PATH=/home/nl455/mocap_ws/install/mocap4r2_control/lib:/home/nl455/mocap_ws/install/mocap4r2_control_msgs/lib:${LD_LIBRARY_PATH} PYTHONPATH=/home/nl455/mocap_ws/install/mocap4r2_control_msgs/lib/python3.12/site-packages:${PYTHONPATH} /home/nl455/miniconda3/envs/ros_env/bin/cmake --build /home/nl455/mocap_ws/build/rqt_mocap4r2_control -- -j32 -l32
[0.042s] Invoking command in '/home/nl455/mocap_ws/build/rqt_mocap4r2_control': AMENT_PREFIX_PATH=/home/nl455/mocap_ws/install/mocap4r2_control:/home/nl455/mocap_ws/install/mocap4r2_control_msgs:${AMENT_PREFIX_PATH} CMAKE_PREFIX_PATH=/home/nl455/mocap_ws/install/mocap4r2_control:/home/nl455/mocap_ws/install/mocap4r2_control_msgs:/home/nl455/miniconda3/envs/ros_env CONDA_PROMPT_MODIFIER=(ros_env) DEBUGINFOD_URLS=https://debuginfod.ubuntu.com LD_LIBRARY_PATH=/home/nl455/mocap_ws/install/mocap4r2_control/lib:/home/nl455/mocap_ws/install/mocap4r2_control_msgs/lib:${LD_LIBRARY_PATH} PYTHONPATH=/home/nl455/mocap_ws/install/mocap4r2_control_msgs/lib/python3.12/site-packages:${PYTHONPATH} /home/nl455/miniconda3/envs/ros_env/bin/cmake --install /home/nl455/mocap_ws/build/rqt_mocap4r2_control
[0.045s] -- Install configuration: ""
[0.045s] -- Execute custom install script
[0.045s] -- Up-to-date symlink: /home/nl455/mocap_ws/install/rqt_mocap4r2_control/lib/rqt_mocap4r2_control/rqt_mocap4r2_control
[0.045s] -- Up-to-date symlink: /home/nl455/mocap_ws/install/rqt_mocap4r2_control/include/rqt_mocap4r2_control/SystemController.hpp
[0.045s] -- Up-to-date symlink: /home/nl455/mocap_ws/install/rqt_mocap4r2_control/include/rqt_mocap4r2_control/mocap4r2_control.hpp
[0.045s] -- Up-to-date symlink: /home/nl455/mocap_ws/install/rqt_mocap4r2_control/include/rqt_mocap4r2_control/utils.hpp
[0.045s] -- Up-to-date symlink: /home/nl455/mocap_ws/install/rqt_mocap4r2_control/share/rqt_mocap4r2_control/plugin.xml
[0.045s] -- Up-to-date symlink: /home/nl455/mocap_ws/install/rqt_mocap4r2_control/share/rqt_mocap4r2_control//plugin.xml
[0.045s] -- Up-to-date symlink: /home/nl455/mocap_ws/install/rqt_mocap4r2_control/share/rqt_mocap4r2_control/environment/library_path.sh
[0.045s] -- Up-to-date symlink: /home/nl455/mocap_ws/install/rqt_mocap4r2_control/share/rqt_mocap4r2_control/environment/library_path.dsv
[0.045s] -- Up-to-date symlink: /home/nl455/mocap_ws/install/rqt_mocap4r2_control/share/ament_index/resource_index/package_run_dependencies/rqt_mocap4r2_control
[0.045s] -- Up-to-date symlink: /home/nl455/mocap_ws/install/rqt_mocap4r2_control/share/ament_index/resource_index/parent_prefix_path/rqt_mocap4r2_control
[0.045s] -- Up-to-date symlink: /home/nl455/mocap_ws/install/rqt_mocap4r2_control/share/rqt_mocap4r2_control/environment/ament_prefix_path.sh
[0.045s] -- Up-to-date symlink: /home/nl455/mocap_ws/install/rqt_mocap4r2_control/share/rqt_mocap4r2_control/environment/ament_prefix_path.dsv
[0.046s] -- Up-to-date symlink: /home/nl455/mocap_ws/install/rqt_mocap4r2_control/share/rqt_mocap4r2_control/environment/path.sh
[0.046s] -- Up-to-date symlink: /home/nl455/mocap_ws/install/rqt_mocap4r2_control/share/rqt_mocap4r2_control/environment/path.dsv
[0.046s] -- Up-to-date symlink: /home/nl455/mocap_ws/install/rqt_mocap4r2_control/share/rqt_mocap4r2_control/local_setup.bash
[0.046s] -- Up-to-date symlink: /home/nl455/mocap_ws/install/rqt_mocap4r2_control/share/rqt_mocap4r2_control/local_setup.sh
[0.046s] -- Up-to-date symlink: /home/nl455/mocap_ws/install/rqt_mocap4r2_control/share/rqt_mocap4r2_control/local_setup.zsh
[0.046s] -- Up-to-date symlink: /home/nl455/mocap_ws/install/rqt_mocap4r2_control/share/rqt_mocap4r2_control/local_setup.dsv
[0.046s] -- Symlinking: /home/nl455/mocap_ws/install/rqt_mocap4r2_control/share/rqt_mocap4r2_control/package.dsv
[0.049s] -- Up-to-date symlink: /home/nl455/mocap_ws/install/rqt_mocap4r2_control/share/ament_index/resource_index/packages/rqt_mocap4r2_control
[0.049s] -- Up-to-date symlink: /home/nl455/mocap_ws/install/rqt_mocap4r2_control/share/ament_index/resource_index/rqt_gui__pluginlib__plugin/rqt_mocap4r2_control
[0.049s] -- Up-to-date symlink: /home/nl455/mocap_ws/install/rqt_mocap4r2_control/share/rqt_mocap4r2_control/cmake/ament_cmake_export_include_directories-extras.cmake
[0.049s] -- Up-to-date symlink: /home/nl455/mocap_ws/install/rqt_mocap4r2_control/share/rqt_mocap4r2_control/cmake/ament_cmake_export_libraries-extras.cmake
[0.049s] -- Up-to-date symlink: /home/nl455/mocap_ws/install/rqt_mocap4r2_control/share/rqt_mocap4r2_control/cmake/rqt_mocap4r2_controlConfig.cmake
[0.049s] -- Up-to-date symlink: /home/nl455/mocap_ws/install/rqt_mocap4r2_control/share/rqt_mocap4r2_control/cmake/rqt_mocap4r2_controlConfig-version.cmake
[0.049s] -- Up-to-date symlink: /home/nl455/mocap_ws/install/rqt_mocap4r2_control/share/rqt_mocap4r2_control/package.xml
[0.049s] -- Up-to-date: /home/nl455/mocap_ws/install/rqt_mocap4r2_control/lib/rqt_mocap4r2_control/librqt_mocap4r2_control.so
[0.056s] Invoked command in '/home/nl455/mocap_ws/build/rqt_mocap4r2_control' returned '0': AMENT_PREFIX_PATH=/home/nl455/mocap_ws/install/mocap4r2_control:/home/nl455/mocap_ws/install/mocap4r2_control_msgs:${AMENT_PREFIX_PATH} CMAKE_PREFIX_PATH=/home/nl455/mocap_ws/install/mocap4r2_control:/home/nl455/mocap_ws/install/mocap4r2_control_msgs:/home/nl455/miniconda3/envs/ros_env CONDA_PROMPT_MODIFIER=(ros_env) DEBUGINFOD_URLS=https://debuginfod.ubuntu.com LD_LIBRARY_PATH=/home/nl455/mocap_ws/install/mocap4r2_control/lib:/home/nl455/mocap_ws/install/mocap4r2_control_msgs/lib:${LD_LIBRARY_PATH} PYTHONPATH=/home/nl455/mocap_ws/install/mocap4r2_control_msgs/lib/python3.12/site-packages:${PYTHONPATH} /home/nl455/miniconda3/envs/ros_env/bin/cmake --install /home/nl455/mocap_ws/build/rqt_mocap4r2_control
