[0mCMake Deprecation Warning at CMakeLists.txt:1 (cmake_minimum_required):
  Compatibility with CMake < 3.10 will be removed from a future version of
  CMake.

  Update the VERSION argument <min> value.  Or, use the <min>...<max> syntax
  to tell CMake that the project requires at least <min> but has been updated
  to work with policies introduced by <max> or earlier.

[0m
[0mCMake Deprecation Warning at /home/nl455/miniconda3/envs/ros_env/share/ament_cmake_target_dependencies/cmake/ament_target_dependencies.cmake:87 (message):
  ament_target_dependencies() is deprecated.  Use target_link_libraries()
  with modern CMake targets instead.  Try replacing this call with:

    target_link_libraries(mocap4r2_control PUBLIC
      ${mocap4r2_control_msgs_TARGETS}
      rclcpp::rclcpp
      rclcpp_lifecycle::rclcpp_lifecycle
    )

Call Stack (most recent call first):
  CMakeLists.txt:37 (ament_target_dependencies)

[0m
[0mCMake Deprecation Warning at /home/nl455/miniconda3/envs/ros_env/share/ament_cmake_target_dependencies/cmake/ament_target_dependencies.cmake:87 (message):
  ament_target_dependencies() is deprecated.  Use target_link_libraries()
  with modern CMake targets instead.  Try replacing this call with:

    target_link_libraries(auxiliar_main PUBLIC
      ${mocap4r2_control_msgs_TARGETS}
      rclcpp::rclcpp
      rclcpp_lifecycle::rclcpp_lifecycle
    )

Call Stack (most recent call first):
  CMakeLists.txt:40 (ament_target_dependencies)

[0m
[0mCMake Deprecation Warning at /home/nl455/miniconda3/envs/ros_env/src/gtest_vendor/CMakeLists.txt:2 (cmake_minimum_required):
  Compatibility with CMake < 3.10 will be removed from a future version of
  CMake.

  Update the VERSION argument <min> value.  Or, use the <min>...<max> syntax
  to tell CMake that the project requires at least <min> but has been updated
  to work with policies introduced by <max> or earlier.

[0m
[0mCMake Deprecation Warning at /home/nl455/miniconda3/envs/ros_env/share/ament_cmake_target_dependencies/cmake/ament_target_dependencies.cmake:87 (message):
  ament_target_dependencies() is deprecated.  Use target_link_libraries()
  with modern CMake targets instead.  Try replacing this call with:

    target_link_libraries(test_control PUBLIC
      ${mocap4r2_control_msgs_TARGETS}
      ${std_msgs_TARGETS}
      rclcpp::rclcpp
      rclcpp_lifecycle::rclcpp_lifecycle
    )

Call Stack (most recent call first):
  test/CMakeLists.txt:3 (ament_target_dependencies)

[0m
[0mCMake Deprecation Warning at /home/nl455/miniconda3/envs/ros_env/share/ament_cmake_target_dependencies/cmake/ament_target_dependencies.cmake:87 (message):
  ament_target_dependencies() is deprecated.  Use target_link_libraries()
  with modern CMake targets instead.  Try replacing this call with:

    target_link_libraries(test_auxiliar PUBLIC
      ${mocap4r2_control_msgs_TARGETS}
      ${std_msgs_TARGETS}
      rclcpp::rclcpp
      rclcpp_lifecycle::rclcpp_lifecycle
    )

Call Stack (most recent call first):
  test/CMakeLists.txt:7 (ament_target_dependencies)

[0m
