[0mCMake Deprecation Warning at CMakeLists.txt:1 (cmake_minimum_required):
  Compatibility with CMake < 3.10 will be removed from a future version of
  CMake.

  Update the VERSION argument <min> value.  Or, use the <min>...<max> syntax
  to tell CMake that the project requires at least <min> but has been updated
  to work with policies introduced by <max> or earlier.

[0m
-- Found ament_cmake: 2.7.3 (/home/nl455/miniconda3/envs/ros_env/share/ament_cmake/cmake)
-- Override CMake install command with custom implementation using symlinks instead of copying resources
-- Found rclcpp: 29.5.3 (/home/nl455/miniconda3/envs/ros_env/share/rclcpp/cmake)
-- Found rosidl_generator_c: 4.9.5 (/home/nl455/miniconda3/envs/ros_env/share/rosidl_generator_c/cmake)
-- Found rosidl_generator_cpp: 4.9.5 (/home/nl455/miniconda3/envs/ros_env/share/rosidl_generator_cpp/cmake)
-- Using all available rosidl_typesupport_c: rosidl_typesupport_fastrtps_c;rosidl_typesupport_introspection_c
-- Using all available rosidl_typesupport_cpp: rosidl_typesupport_fastrtps_cpp;rosidl_typesupport_introspection_cpp
-- Found rmw_implementation_cmake: 7.8.2 (/home/nl455/miniconda3/envs/ros_env/share/rmw_implementation_cmake/cmake)
-- Found rmw_fastrtps_cpp: 9.3.3 (/home/nl455/miniconda3/envs/ros_env/share/rmw_fastrtps_cpp/cmake)
-- Using RMW implementation 'rmw_fastrtps_cpp' as default
-- Found rclcpp_lifecycle: 29.5.3 (/home/nl455/miniconda3/envs/ros_env/share/rclcpp_lifecycle/cmake)
-- Found mocap4r2_control_msgs: 0.0.7 (/home/nl455/mocap_ws/install/mocap4r2_control_msgs/share/mocap4r2_control_msgs/cmake)
[0mCMake Deprecation Warning at /home/nl455/miniconda3/envs/ros_env/share/ament_cmake_target_dependencies/cmake/ament_target_dependencies.cmake:87 (message):
  ament_target_dependencies() is deprecated.  Use target_link_libraries()
  with modern CMake targets instead.  Try replacing this call with:

    target_link_libraries(mocap4r2_control PUBLIC
      ${mocap4r2_control_msgs_TARGETS}
      rclcpp::rclcpp
      rclcpp_lifecycle::rclcpp_lifecycle
    )

Call Stack (most recent call first):
  CMakeLists.txt:37 (ament_target_dependencies)

[0m
[0mCMake Deprecation Warning at /home/nl455/miniconda3/envs/ros_env/share/ament_cmake_target_dependencies/cmake/ament_target_dependencies.cmake:87 (message):
  ament_target_dependencies() is deprecated.  Use target_link_libraries()
  with modern CMake targets instead.  Try replacing this call with:

    target_link_libraries(auxiliar_main PUBLIC
      ${mocap4r2_control_msgs_TARGETS}
      rclcpp::rclcpp
      rclcpp_lifecycle::rclcpp_lifecycle
    )

Call Stack (most recent call first):
  CMakeLists.txt:40 (ament_target_dependencies)

[0m
-- Found ament_lint_auto: 0.19.2 (/home/nl455/miniconda3/envs/ros_env/share/ament_lint_auto/cmake)
-- Found gtest sources under '/home/nl455/miniconda3/envs/ros_env/src/gtest_vendor': C++ tests using 'Google Test' will be built
[0mCMake Deprecation Warning at /home/nl455/miniconda3/envs/ros_env/src/gtest_vendor/CMakeLists.txt:2 (cmake_minimum_required):
  Compatibility with CMake < 3.10 will be removed from a future version of
  CMake.

  Update the VERSION argument <min> value.  Or, use the <min>...<max> syntax
  to tell CMake that the project requires at least <min> but has been updated
  to work with policies introduced by <max> or earlier.

[0m
[0mCMake Deprecation Warning at /home/nl455/miniconda3/envs/ros_env/share/ament_cmake_target_dependencies/cmake/ament_target_dependencies.cmake:87 (message):
  ament_target_dependencies() is deprecated.  Use target_link_libraries()
  with modern CMake targets instead.  Try replacing this call with:

    target_link_libraries(test_control PUBLIC
      ${mocap4r2_control_msgs_TARGETS}
      ${std_msgs_TARGETS}
      rclcpp::rclcpp
      rclcpp_lifecycle::rclcpp_lifecycle
    )

Call Stack (most recent call first):
  test/CMakeLists.txt:3 (ament_target_dependencies)

[0m
[0mCMake Deprecation Warning at /home/nl455/miniconda3/envs/ros_env/share/ament_cmake_target_dependencies/cmake/ament_target_dependencies.cmake:87 (message):
  ament_target_dependencies() is deprecated.  Use target_link_libraries()
  with modern CMake targets instead.  Try replacing this call with:

    target_link_libraries(test_auxiliar PUBLIC
      ${mocap4r2_control_msgs_TARGETS}
      ${std_msgs_TARGETS}
      rclcpp::rclcpp
      rclcpp_lifecycle::rclcpp_lifecycle
    )

Call Stack (most recent call first):
  test/CMakeLists.txt:7 (ament_target_dependencies)

[0m
-- Added test 'copyright' to check source files copyright and LICENSE
-- Added test 'cppcheck' to perform static code analysis on C / C++ code
-- Configured cppcheck include dirs: /home/nl455/mocap_ws/src/mocap4r2/mocap4r2_control/mocap4r2_control/include
-- Configured cppcheck exclude dirs and/or files: 
-- Added test 'cpplint' to check C / C++ code against the Google style
-- Configured cpplint exclude dirs and/or files: 
-- Added test 'flake8' to check Python code syntax and style conventions
-- Configured 'flake8' exclude dirs and/or files: 
-- Added test 'lint_cmake' to check CMake code style
-- Added test 'pep257' to check Python code against some of the docstring style conventions in PEP 257
-- Added test 'uncrustify' to check C / C++ code style
-- Configured uncrustify additional arguments: 
-- Added test 'xmllint' to check XML markup files
-- Configuring done (0.3s)
-- Generating done (0.0s)
-- Build files have been written to: /home/nl455/mocap_ws/build/mocap4r2_control
[ 14%] Built target gtest_main
[ 28%] Built target gtest
[ 57%] Built target mocap4r2_control
[ 71%] Built target auxiliar_main
[ 92%] Built target test_control
[100%] Built target test_auxiliar
-- Install configuration: ""
-- Execute custom install script
-- Up-to-date symlink: /home/nl455/mocap_ws/install/mocap4r2_control/include//mocap4r2_control/AuxiliarNode.hpp
-- Up-to-date symlink: /home/nl455/mocap_ws/install/mocap4r2_control/include//mocap4r2_control/ControlledLifecycleNode.hpp
-- Up-to-date symlink: /home/nl455/mocap_ws/install/mocap4r2_control/include//mocap4r2_control/ControllerNode.hpp
-- Up-to-date symlink: /home/nl455/mocap_ws/install/mocap4r2_control/share/mocap4r2_control/config/config_example.yaml
-- Up-to-date symlink: /home/nl455/mocap_ws/install/mocap4r2_control/share/mocap4r2_control/launch/auxiliar.launch.py
-- Up-to-date symlink: /home/nl455/mocap_ws/install/mocap4r2_control/lib/libmocap4r2_control.so
-- Up-to-date symlink: /home/nl455/mocap_ws/install/mocap4r2_control/lib/mocap4r2_control/auxiliar_main
-- Up-to-date symlink: /home/nl455/mocap_ws/install/mocap4r2_control/share/mocap4r2_control/environment/library_path.sh
-- Up-to-date symlink: /home/nl455/mocap_ws/install/mocap4r2_control/share/mocap4r2_control/environment/library_path.dsv
-- Up-to-date symlink: /home/nl455/mocap_ws/install/mocap4r2_control/share/ament_index/resource_index/package_run_dependencies/mocap4r2_control
-- Up-to-date symlink: /home/nl455/mocap_ws/install/mocap4r2_control/share/ament_index/resource_index/parent_prefix_path/mocap4r2_control
-- Up-to-date symlink: /home/nl455/mocap_ws/install/mocap4r2_control/share/mocap4r2_control/environment/ament_prefix_path.sh
-- Up-to-date symlink: /home/nl455/mocap_ws/install/mocap4r2_control/share/mocap4r2_control/environment/ament_prefix_path.dsv
-- Up-to-date symlink: /home/nl455/mocap_ws/install/mocap4r2_control/share/mocap4r2_control/environment/path.sh
-- Up-to-date symlink: /home/nl455/mocap_ws/install/mocap4r2_control/share/mocap4r2_control/environment/path.dsv
-- Up-to-date symlink: /home/nl455/mocap_ws/install/mocap4r2_control/share/mocap4r2_control/local_setup.bash
-- Up-to-date symlink: /home/nl455/mocap_ws/install/mocap4r2_control/share/mocap4r2_control/local_setup.sh
-- Up-to-date symlink: /home/nl455/mocap_ws/install/mocap4r2_control/share/mocap4r2_control/local_setup.zsh
-- Up-to-date symlink: /home/nl455/mocap_ws/install/mocap4r2_control/share/mocap4r2_control/local_setup.dsv
-- Symlinking: /home/nl455/mocap_ws/install/mocap4r2_control/share/mocap4r2_control/package.dsv
-- Up-to-date symlink: /home/nl455/mocap_ws/install/mocap4r2_control/share/ament_index/resource_index/packages/mocap4r2_control
-- Up-to-date symlink: /home/nl455/mocap_ws/install/mocap4r2_control/share/mocap4r2_control/cmake/ament_cmake_export_include_directories-extras.cmake
-- Up-to-date symlink: /home/nl455/mocap_ws/install/mocap4r2_control/share/mocap4r2_control/cmake/ament_cmake_export_libraries-extras.cmake
-- Up-to-date symlink: /home/nl455/mocap_ws/install/mocap4r2_control/share/mocap4r2_control/cmake/ament_cmake_export_dependencies-extras.cmake
-- Up-to-date symlink: /home/nl455/mocap_ws/install/mocap4r2_control/share/mocap4r2_control/cmake/mocap4r2_controlConfig.cmake
-- Up-to-date symlink: /home/nl455/mocap_ws/install/mocap4r2_control/share/mocap4r2_control/cmake/mocap4r2_controlConfig-version.cmake
-- Up-to-date symlink: /home/nl455/mocap_ws/install/mocap4r2_control/share/mocap4r2_control/package.xml
