[0.006s] Invoking command in '/home/nl455/mocap_ws/build/mocap4r2_control': AMENT_PREFIX_PATH=/home/nl455/mocap_ws/install/mocap4r2_control_msgs:${AMENT_PREFIX_PATH} CMAKE_PREFIX_PATH=/home/nl455/mocap_ws/install/mocap4r2_control_msgs:/home/nl455/miniconda3/envs/ros_env CONDA_PROMPT_MODIFIER=(ros_env) DEBUGINFOD_URLS=https://debuginfod.ubuntu.com LD_LIBRARY_PATH=/home/nl455/mocap_ws/install/mocap4r2_control_msgs/lib:${LD_LIBRARY_PATH} PYTHONPATH=/home/nl455/mocap_ws/install/mocap4r2_control_msgs/lib/python3.12/site-packages:${PYTHONPATH} /home/nl455/miniconda3/envs/ros_env/bin/cmake /home/nl455/mocap_ws/src/mocap4r2/mocap4r2_control/mocap4r2_control -DCMAKE_INSTALL_PREFIX=/home/nl455/mocap_ws/install/mocap4r2_control
[0.010s] [0mCMake Deprecation Warning at CMakeLists.txt:1 (cmake_minimum_required):
[0.010s]   Compatibility with CMake < 3.10 will be removed from a future version of
[0.010s]   CMake.
[0.010s] 
[0.010s]   Update the VERSION argument <min> value.  Or, use the <min>...<max> syntax
[0.010s]   to tell CMake that the project requires at least <min> but has been updated
[0.010s]   to work with policies introduced by <max> or earlier.
[0.010s] 
[0.010s] [0m
[0.012s] -- Found ament_cmake: 2.7.3 (/home/nl455/miniconda3/envs/ros_env/share/ament_cmake/cmake)
[0.107s] -- Override CMake install command with custom implementation using symlinks instead of copying resources
[0.110s] -- Found rclcpp: 29.5.3 (/home/nl455/miniconda3/envs/ros_env/share/rclcpp/cmake)
[0.125s] -- Found rosidl_generator_c: 4.9.5 (/home/nl455/miniconda3/envs/ros_env/share/rosidl_generator_c/cmake)
[0.129s] -- Found rosidl_generator_cpp: 4.9.5 (/home/nl455/miniconda3/envs/ros_env/share/rosidl_generator_cpp/cmake)
[0.135s] -- Using all available rosidl_typesupport_c: rosidl_typesupport_fastrtps_c;rosidl_typesupport_introspection_c
[0.142s] -- Using all available rosidl_typesupport_cpp: rosidl_typesupport_fastrtps_cpp;rosidl_typesupport_introspection_cpp
[0.178s] -- Found rmw_implementation_cmake: 7.8.2 (/home/nl455/miniconda3/envs/ros_env/share/rmw_implementation_cmake/cmake)
[0.179s] -- Found rmw_fastrtps_cpp: 9.3.3 (/home/nl455/miniconda3/envs/ros_env/share/rmw_fastrtps_cpp/cmake)
[0.212s] -- Using RMW implementation 'rmw_fastrtps_cpp' as default
[0.252s] -- Found rclcpp_lifecycle: 29.5.3 (/home/nl455/miniconda3/envs/ros_env/share/rclcpp_lifecycle/cmake)
[0.268s] -- Found mocap4r2_control_msgs: 0.0.7 (/home/nl455/mocap_ws/install/mocap4r2_control_msgs/share/mocap4r2_control_msgs/cmake)
[0.297s] [0mCMake Deprecation Warning at /home/nl455/miniconda3/envs/ros_env/share/ament_cmake_target_dependencies/cmake/ament_target_dependencies.cmake:87 (message):
[0.297s]   ament_target_dependencies() is deprecated.  Use target_link_libraries()
[0.297s]   with modern CMake targets instead.  Try replacing this call with:
[0.297s] 
[0.297s]     target_link_libraries(mocap4r2_control PUBLIC
[0.297s]       ${mocap4r2_control_msgs_TARGETS}
[0.297s]       rclcpp::rclcpp
[0.297s]       rclcpp_lifecycle::rclcpp_lifecycle
[0.297s]     )
[0.297s] 
[0.297s] Call Stack (most recent call first):
[0.297s]   CMakeLists.txt:37 (ament_target_dependencies)
[0.297s] 
[0.297s] [0m
[0.297s] [0mCMake Deprecation Warning at /home/nl455/miniconda3/envs/ros_env/share/ament_cmake_target_dependencies/cmake/ament_target_dependencies.cmake:87 (message):
[0.297s]   ament_target_dependencies() is deprecated.  Use target_link_libraries()
[0.297s]   with modern CMake targets instead.  Try replacing this call with:
[0.297s] 
[0.297s]     target_link_libraries(auxiliar_main PUBLIC
[0.297s]       ${mocap4r2_control_msgs_TARGETS}
[0.297s]       rclcpp::rclcpp
[0.298s]       rclcpp_lifecycle::rclcpp_lifecycle
[0.298s]     )
[0.298s] 
[0.298s] Call Stack (most recent call first):
[0.298s]   CMakeLists.txt:40 (ament_target_dependencies)
[0.298s] 
[0.298s] [0m
[0.298s] -- Found ament_lint_auto: 0.19.2 (/home/nl455/miniconda3/envs/ros_env/share/ament_lint_auto/cmake)
[0.344s] -- Found gtest sources under '/home/nl455/miniconda3/envs/ros_env/src/gtest_vendor': C++ tests using 'Google Test' will be built
[0.344s] [0mCMake Deprecation Warning at /home/nl455/miniconda3/envs/ros_env/src/gtest_vendor/CMakeLists.txt:2 (cmake_minimum_required):
[0.344s]   Compatibility with CMake < 3.10 will be removed from a future version of
[0.344s]   CMake.
[0.344s] 
[0.345s]   Update the VERSION argument <min> value.  Or, use the <min>...<max> syntax
[0.345s]   to tell CMake that the project requires at least <min> but has been updated
[0.345s]   to work with policies introduced by <max> or earlier.
[0.345s] 
[0.345s] [0m
[0.346s] [0mCMake Deprecation Warning at /home/nl455/miniconda3/envs/ros_env/share/ament_cmake_target_dependencies/cmake/ament_target_dependencies.cmake:87 (message):
[0.346s]   ament_target_dependencies() is deprecated.  Use target_link_libraries()
[0.346s]   with modern CMake targets instead.  Try replacing this call with:
[0.346s] 
[0.346s]     target_link_libraries(test_control PUBLIC
[0.346s]       ${mocap4r2_control_msgs_TARGETS}
[0.346s]       ${std_msgs_TARGETS}
[0.346s]       rclcpp::rclcpp
[0.346s]       rclcpp_lifecycle::rclcpp_lifecycle
[0.346s]     )
[0.346s] 
[0.346s] Call Stack (most recent call first):
[0.346s]   test/CMakeLists.txt:3 (ament_target_dependencies)
[0.346s] 
[0.346s] [0m
[0.348s] [0mCMake Deprecation Warning at /home/nl455/miniconda3/envs/ros_env/share/ament_cmake_target_dependencies/cmake/ament_target_dependencies.cmake:87 (message):
[0.348s]   ament_target_dependencies() is deprecated.  Use target_link_libraries()
[0.348s]   with modern CMake targets instead.  Try replacing this call with:
[0.348s] 
[0.348s]     target_link_libraries(test_auxiliar PUBLIC
[0.348s]       ${mocap4r2_control_msgs_TARGETS}
[0.348s]       ${std_msgs_TARGETS}
[0.348s]       rclcpp::rclcpp
[0.348s]       rclcpp_lifecycle::rclcpp_lifecycle
[0.348s]     )
[0.348s] 
[0.348s] Call Stack (most recent call first):
[0.348s]   test/CMakeLists.txt:7 (ament_target_dependencies)
[0.348s] 
[0.348s] [0m
[0.350s] -- Added test 'copyright' to check source files copyright and LICENSE
[0.351s] -- Added test 'cppcheck' to perform static code analysis on C / C++ code
[0.351s] -- Configured cppcheck include dirs: /home/nl455/mocap_ws/src/mocap4r2/mocap4r2_control/mocap4r2_control/include
[0.351s] -- Configured cppcheck exclude dirs and/or files: 
[0.351s] -- Added test 'cpplint' to check C / C++ code against the Google style
[0.351s] -- Configured cpplint exclude dirs and/or files: 
[0.351s] -- Added test 'flake8' to check Python code syntax and style conventions
[0.352s] -- Configured 'flake8' exclude dirs and/or files: 
[0.352s] -- Added test 'lint_cmake' to check CMake code style
[0.352s] -- Added test 'pep257' to check Python code against some of the docstring style conventions in PEP 257
[0.352s] -- Added test 'uncrustify' to check C / C++ code style
[0.352s] -- Configured uncrustify additional arguments: 
[0.352s] -- Added test 'xmllint' to check XML markup files
[0.353s] -- Configuring done (0.3s)
[0.369s] -- Generating done (0.0s)
[0.381s] -- Build files have been written to: /home/nl455/mocap_ws/build/mocap4r2_control
[0.387s] Invoked command in '/home/nl455/mocap_ws/build/mocap4r2_control' returned '0': AMENT_PREFIX_PATH=/home/nl455/mocap_ws/install/mocap4r2_control_msgs:${AMENT_PREFIX_PATH} CMAKE_PREFIX_PATH=/home/nl455/mocap_ws/install/mocap4r2_control_msgs:/home/nl455/miniconda3/envs/ros_env CONDA_PROMPT_MODIFIER=(ros_env) DEBUGINFOD_URLS=https://debuginfod.ubuntu.com LD_LIBRARY_PATH=/home/nl455/mocap_ws/install/mocap4r2_control_msgs/lib:${LD_LIBRARY_PATH} PYTHONPATH=/home/nl455/mocap_ws/install/mocap4r2_control_msgs/lib/python3.12/site-packages:${PYTHONPATH} /home/nl455/miniconda3/envs/ros_env/bin/cmake /home/nl455/mocap_ws/src/mocap4r2/mocap4r2_control/mocap4r2_control -DCMAKE_INSTALL_PREFIX=/home/nl455/mocap_ws/install/mocap4r2_control
[0.388s] Invoking command in '/home/nl455/mocap_ws/build/mocap4r2_control': AMENT_PREFIX_PATH=/home/nl455/mocap_ws/install/mocap4r2_control_msgs:${AMENT_PREFIX_PATH} CMAKE_PREFIX_PATH=/home/nl455/mocap_ws/install/mocap4r2_control_msgs:/home/nl455/miniconda3/envs/ros_env CONDA_PROMPT_MODIFIER=(ros_env) DEBUGINFOD_URLS=https://debuginfod.ubuntu.com LD_LIBRARY_PATH=/home/nl455/mocap_ws/install/mocap4r2_control_msgs/lib:${LD_LIBRARY_PATH} PYTHONPATH=/home/nl455/mocap_ws/install/mocap4r2_control_msgs/lib/python3.12/site-packages:${PYTHONPATH} /home/nl455/miniconda3/envs/ros_env/bin/cmake --build /home/nl455/mocap_ws/build/mocap4r2_control -- -j32 -l32
[0.409s] [ 14%] Built target gtest_main
[0.409s] [ 28%] Built target gtest
[0.415s] [ 57%] Built target mocap4r2_control
[0.426s] [ 71%] Built target auxiliar_main
[0.426s] [ 92%] Built target test_control
[0.426s] [100%] Built target test_auxiliar
[0.430s] Invoked command in '/home/nl455/mocap_ws/build/mocap4r2_control' returned '0': AMENT_PREFIX_PATH=/home/nl455/mocap_ws/install/mocap4r2_control_msgs:${AMENT_PREFIX_PATH} CMAKE_PREFIX_PATH=/home/nl455/mocap_ws/install/mocap4r2_control_msgs:/home/nl455/miniconda3/envs/ros_env CONDA_PROMPT_MODIFIER=(ros_env) DEBUGINFOD_URLS=https://debuginfod.ubuntu.com LD_LIBRARY_PATH=/home/nl455/mocap_ws/install/mocap4r2_control_msgs/lib:${LD_LIBRARY_PATH} PYTHONPATH=/home/nl455/mocap_ws/install/mocap4r2_control_msgs/lib/python3.12/site-packages:${PYTHONPATH} /home/nl455/miniconda3/envs/ros_env/bin/cmake --build /home/nl455/mocap_ws/build/mocap4r2_control -- -j32 -l32
[0.431s] Invoking command in '/home/nl455/mocap_ws/build/mocap4r2_control': AMENT_PREFIX_PATH=/home/nl455/mocap_ws/install/mocap4r2_control_msgs:${AMENT_PREFIX_PATH} CMAKE_PREFIX_PATH=/home/nl455/mocap_ws/install/mocap4r2_control_msgs:/home/nl455/miniconda3/envs/ros_env CONDA_PROMPT_MODIFIER=(ros_env) DEBUGINFOD_URLS=https://debuginfod.ubuntu.com LD_LIBRARY_PATH=/home/nl455/mocap_ws/install/mocap4r2_control_msgs/lib:${LD_LIBRARY_PATH} PYTHONPATH=/home/nl455/mocap_ws/install/mocap4r2_control_msgs/lib/python3.12/site-packages:${PYTHONPATH} /home/nl455/miniconda3/envs/ros_env/bin/cmake --install /home/nl455/mocap_ws/build/mocap4r2_control
[0.433s] -- Install configuration: ""
[0.434s] -- Execute custom install script
[0.434s] -- Up-to-date symlink: /home/nl455/mocap_ws/install/mocap4r2_control/include//mocap4r2_control/AuxiliarNode.hpp
[0.434s] -- Up-to-date symlink: /home/nl455/mocap_ws/install/mocap4r2_control/include//mocap4r2_control/ControlledLifecycleNode.hpp
[0.434s] -- Up-to-date symlink: /home/nl455/mocap_ws/install/mocap4r2_control/include//mocap4r2_control/ControllerNode.hpp
[0.434s] -- Up-to-date symlink: /home/nl455/mocap_ws/install/mocap4r2_control/share/mocap4r2_control/config/config_example.yaml
[0.434s] -- Up-to-date symlink: /home/nl455/mocap_ws/install/mocap4r2_control/share/mocap4r2_control/launch/auxiliar.launch.py
[0.434s] -- Up-to-date symlink: /home/nl455/mocap_ws/install/mocap4r2_control/lib/libmocap4r2_control.so
[0.434s] -- Up-to-date symlink: /home/nl455/mocap_ws/install/mocap4r2_control/lib/mocap4r2_control/auxiliar_main
[0.434s] -- Up-to-date symlink: /home/nl455/mocap_ws/install/mocap4r2_control/share/mocap4r2_control/environment/library_path.sh
[0.434s] -- Up-to-date symlink: /home/nl455/mocap_ws/install/mocap4r2_control/share/mocap4r2_control/environment/library_path.dsv
[0.434s] -- Up-to-date symlink: /home/nl455/mocap_ws/install/mocap4r2_control/share/ament_index/resource_index/package_run_dependencies/mocap4r2_control
[0.434s] -- Up-to-date symlink: /home/nl455/mocap_ws/install/mocap4r2_control/share/ament_index/resource_index/parent_prefix_path/mocap4r2_control
[0.434s] -- Up-to-date symlink: /home/nl455/mocap_ws/install/mocap4r2_control/share/mocap4r2_control/environment/ament_prefix_path.sh
[0.434s] -- Up-to-date symlink: /home/nl455/mocap_ws/install/mocap4r2_control/share/mocap4r2_control/environment/ament_prefix_path.dsv
[0.435s] -- Up-to-date symlink: /home/nl455/mocap_ws/install/mocap4r2_control/share/mocap4r2_control/environment/path.sh
[0.435s] -- Up-to-date symlink: /home/nl455/mocap_ws/install/mocap4r2_control/share/mocap4r2_control/environment/path.dsv
[0.435s] -- Up-to-date symlink: /home/nl455/mocap_ws/install/mocap4r2_control/share/mocap4r2_control/local_setup.bash
[0.435s] -- Up-to-date symlink: /home/nl455/mocap_ws/install/mocap4r2_control/share/mocap4r2_control/local_setup.sh
[0.435s] -- Up-to-date symlink: /home/nl455/mocap_ws/install/mocap4r2_control/share/mocap4r2_control/local_setup.zsh
[0.435s] -- Up-to-date symlink: /home/nl455/mocap_ws/install/mocap4r2_control/share/mocap4r2_control/local_setup.dsv
[0.435s] -- Symlinking: /home/nl455/mocap_ws/install/mocap4r2_control/share/mocap4r2_control/package.dsv
[0.438s] -- Up-to-date symlink: /home/nl455/mocap_ws/install/mocap4r2_control/share/ament_index/resource_index/packages/mocap4r2_control
[0.438s] -- Up-to-date symlink: /home/nl455/mocap_ws/install/mocap4r2_control/share/mocap4r2_control/cmake/ament_cmake_export_include_directories-extras.cmake
[0.438s] -- Up-to-date symlink: /home/nl455/mocap_ws/install/mocap4r2_control/share/mocap4r2_control/cmake/ament_cmake_export_libraries-extras.cmake
[0.438s] -- Up-to-date symlink: /home/nl455/mocap_ws/install/mocap4r2_control/share/mocap4r2_control/cmake/ament_cmake_export_dependencies-extras.cmake
[0.438s] -- Up-to-date symlink: /home/nl455/mocap_ws/install/mocap4r2_control/share/mocap4r2_control/cmake/mocap4r2_controlConfig.cmake
[0.438s] -- Up-to-date symlink: /home/nl455/mocap_ws/install/mocap4r2_control/share/mocap4r2_control/cmake/mocap4r2_controlConfig-version.cmake
[0.438s] -- Up-to-date symlink: /home/nl455/mocap_ws/install/mocap4r2_control/share/mocap4r2_control/package.xml
[0.439s] Invoked command in '/home/nl455/mocap_ws/build/mocap4r2_control' returned '0': AMENT_PREFIX_PATH=/home/nl455/mocap_ws/install/mocap4r2_control_msgs:${AMENT_PREFIX_PATH} CMAKE_PREFIX_PATH=/home/nl455/mocap_ws/install/mocap4r2_control_msgs:/home/nl455/miniconda3/envs/ros_env CONDA_PROMPT_MODIFIER=(ros_env) DEBUGINFOD_URLS=https://debuginfod.ubuntu.com LD_LIBRARY_PATH=/home/nl455/mocap_ws/install/mocap4r2_control_msgs/lib:${LD_LIBRARY_PATH} PYTHONPATH=/home/nl455/mocap_ws/install/mocap4r2_control_msgs/lib/python3.12/site-packages:${PYTHONPATH} /home/nl455/miniconda3/envs/ros_env/bin/cmake --install /home/nl455/mocap_ws/build/mocap4r2_control
