[0.093s] Invoking command in '/home/nl455/mocap_ws/build/mocap4r2_robot_gt': AMENT_PREFIX_PATH=/home/nl455/mocap_ws/install/mocap4r2_robot_gt_msgs:/home/nl455/mocap_ws/install/mocap4r2_msgs:${AMENT_PREFIX_PATH} CMAKE_PREFIX_PATH=/home/nl455/mocap_ws/install/mocap4r2_robot_gt_msgs:/home/nl455/mocap_ws/install/mocap4r2_msgs:/home/nl455/miniconda3/envs/ros_env CONDA_PROMPT_MODIFIER=(ros_env) DEBUGINFOD_URLS=https://debuginfod.ubuntu.com LD_LIBRARY_PATH=/home/nl455/mocap_ws/install/mocap4r2_robot_gt_msgs/lib:/home/nl455/mocap_ws/install/mocap4r2_msgs/lib:${LD_LIBRARY_PATH} PYTHONPATH=/home/nl455/mocap_ws/install/mocap4r2_robot_gt_msgs/lib/python3.12/site-packages:/home/nl455/mocap_ws/install/mocap4r2_msgs/lib/python3.12/site-packages:${PYTHONPATH} /home/nl455/miniconda3/envs/ros_env/bin/cmake --build /home/nl455/mocap_ws/build/mocap4r2_robot_gt -- -j32 -l32
[0.114s] [ 25%] Built target set_gt_component
[0.115s] [ 50%] Built target gt_component
[0.124s] [ 75%] Built target set_gt_cli
[0.125s] [100%] Built target gt_program
[0.131s] Invoked command in '/home/nl455/mocap_ws/build/mocap4r2_robot_gt' returned '0': AMENT_PREFIX_PATH=/home/nl455/mocap_ws/install/mocap4r2_robot_gt_msgs:/home/nl455/mocap_ws/install/mocap4r2_msgs:${AMENT_PREFIX_PATH} CMAKE_PREFIX_PATH=/home/nl455/mocap_ws/install/mocap4r2_robot_gt_msgs:/home/nl455/mocap_ws/install/mocap4r2_msgs:/home/nl455/miniconda3/envs/ros_env CONDA_PROMPT_MODIFIER=(ros_env) DEBUGINFOD_URLS=https://debuginfod.ubuntu.com LD_LIBRARY_PATH=/home/nl455/mocap_ws/install/mocap4r2_robot_gt_msgs/lib:/home/nl455/mocap_ws/install/mocap4r2_msgs/lib:${LD_LIBRARY_PATH} PYTHONPATH=/home/nl455/mocap_ws/install/mocap4r2_robot_gt_msgs/lib/python3.12/site-packages:/home/nl455/mocap_ws/install/mocap4r2_msgs/lib/python3.12/site-packages:${PYTHONPATH} /home/nl455/miniconda3/envs/ros_env/bin/cmake --build /home/nl455/mocap_ws/build/mocap4r2_robot_gt -- -j32 -l32
[0.132s] Invoking command in '/home/nl455/mocap_ws/build/mocap4r2_robot_gt': AMENT_PREFIX_PATH=/home/nl455/mocap_ws/install/mocap4r2_robot_gt_msgs:/home/nl455/mocap_ws/install/mocap4r2_msgs:${AMENT_PREFIX_PATH} CMAKE_PREFIX_PATH=/home/nl455/mocap_ws/install/mocap4r2_robot_gt_msgs:/home/nl455/mocap_ws/install/mocap4r2_msgs:/home/nl455/miniconda3/envs/ros_env CONDA_PROMPT_MODIFIER=(ros_env) DEBUGINFOD_URLS=https://debuginfod.ubuntu.com LD_LIBRARY_PATH=/home/nl455/mocap_ws/install/mocap4r2_robot_gt_msgs/lib:/home/nl455/mocap_ws/install/mocap4r2_msgs/lib:${LD_LIBRARY_PATH} PYTHONPATH=/home/nl455/mocap_ws/install/mocap4r2_robot_gt_msgs/lib/python3.12/site-packages:/home/nl455/mocap_ws/install/mocap4r2_msgs/lib/python3.12/site-packages:${PYTHONPATH} /home/nl455/miniconda3/envs/ros_env/bin/cmake --install /home/nl455/mocap_ws/build/mocap4r2_robot_gt
[0.134s] -- Install configuration: ""
[0.134s] -- Execute custom install script
[0.134s] -- Up-to-date symlink: /home/nl455/mocap_ws/install/mocap4r2_robot_gt/lib/libgt_component.so
[0.134s] -- Up-to-date symlink: /home/nl455/mocap_ws/install/mocap4r2_robot_gt/lib/mocap4r2_robot_gt/gt_program
[0.134s] -- Up-to-date symlink: /home/nl455/mocap_ws/install/mocap4r2_robot_gt/lib/libset_gt_component.so
[0.134s] -- Up-to-date symlink: /home/nl455/mocap_ws/install/mocap4r2_robot_gt/lib/mocap4r2_robot_gt/set_gt_cli
[0.134s] -- Up-to-date symlink: /home/nl455/mocap_ws/install/mocap4r2_robot_gt/share/ament_index/resource_index/package_run_dependencies/mocap4r2_robot_gt
[0.135s] -- Up-to-date symlink: /home/nl455/mocap_ws/install/mocap4r2_robot_gt/share/ament_index/resource_index/parent_prefix_path/mocap4r2_robot_gt
[0.135s] -- Up-to-date symlink: /home/nl455/mocap_ws/install/mocap4r2_robot_gt/share/mocap4r2_robot_gt/environment/ament_prefix_path.sh
[0.135s] -- Up-to-date symlink: /home/nl455/mocap_ws/install/mocap4r2_robot_gt/share/mocap4r2_robot_gt/environment/ament_prefix_path.dsv
[0.135s] -- Up-to-date symlink: /home/nl455/mocap_ws/install/mocap4r2_robot_gt/share/mocap4r2_robot_gt/environment/path.sh
[0.135s] -- Up-to-date symlink: /home/nl455/mocap_ws/install/mocap4r2_robot_gt/share/mocap4r2_robot_gt/environment/path.dsv
[0.135s] -- Up-to-date symlink: /home/nl455/mocap_ws/install/mocap4r2_robot_gt/share/mocap4r2_robot_gt/local_setup.bash
[0.135s] -- Up-to-date symlink: /home/nl455/mocap_ws/install/mocap4r2_robot_gt/share/mocap4r2_robot_gt/local_setup.sh
[0.135s] -- Up-to-date symlink: /home/nl455/mocap_ws/install/mocap4r2_robot_gt/share/mocap4r2_robot_gt/local_setup.zsh
[0.135s] -- Up-to-date symlink: /home/nl455/mocap_ws/install/mocap4r2_robot_gt/share/mocap4r2_robot_gt/local_setup.dsv
[0.135s] -- Symlinking: /home/nl455/mocap_ws/install/mocap4r2_robot_gt/share/mocap4r2_robot_gt/package.dsv
[0.138s] -- Up-to-date symlink: /home/nl455/mocap_ws/install/mocap4r2_robot_gt/share/ament_index/resource_index/packages/mocap4r2_robot_gt
[0.138s] -- Up-to-date symlink: /home/nl455/mocap_ws/install/mocap4r2_robot_gt/share/ament_index/resource_index/rclcpp_components/mocap4r2_robot_gt
[0.138s] -- Up-to-date symlink: /home/nl455/mocap_ws/install/mocap4r2_robot_gt/share/mocap4r2_robot_gt/cmake/mocap4r2_robot_gtConfig.cmake
[0.138s] -- Up-to-date symlink: /home/nl455/mocap_ws/install/mocap4r2_robot_gt/share/mocap4r2_robot_gt/cmake/mocap4r2_robot_gtConfig-version.cmake
[0.138s] -- Up-to-date symlink: /home/nl455/mocap_ws/install/mocap4r2_robot_gt/share/mocap4r2_robot_gt/package.xml
[0.139s] Invoked command in '/home/nl455/mocap_ws/build/mocap4r2_robot_gt' returned '0': AMENT_PREFIX_PATH=/home/nl455/mocap_ws/install/mocap4r2_robot_gt_msgs:/home/nl455/mocap_ws/install/mocap4r2_msgs:${AMENT_PREFIX_PATH} CMAKE_PREFIX_PATH=/home/nl455/mocap_ws/install/mocap4r2_robot_gt_msgs:/home/nl455/mocap_ws/install/mocap4r2_msgs:/home/nl455/miniconda3/envs/ros_env CONDA_PROMPT_MODIFIER=(ros_env) DEBUGINFOD_URLS=https://debuginfod.ubuntu.com LD_LIBRARY_PATH=/home/nl455/mocap_ws/install/mocap4r2_robot_gt_msgs/lib:/home/nl455/mocap_ws/install/mocap4r2_msgs/lib:${LD_LIBRARY_PATH} PYTHONPATH=/home/nl455/mocap_ws/install/mocap4r2_robot_gt_msgs/lib/python3.12/site-packages:/home/nl455/mocap_ws/install/mocap4r2_msgs/lib/python3.12/site-packages:${PYTHONPATH} /home/nl455/miniconda3/envs/ros_env/bin/cmake --install /home/nl455/mocap_ws/build/mocap4r2_robot_gt
