[0.006s] Invoking command in '/home/nl455/mocap_ws/build/mocap4r2_marker_viz_srvs': CMAKE_PREFIX_PATH=/home/nl455/miniconda3/envs/ros_env CONDA_PROMPT_MODIFIER=(ros_env) DEBUGINFOD_URLS=https://debuginfod.ubuntu.com /home/nl455/miniconda3/envs/ros_env/bin/cmake /home/nl455/mocap_ws/src/mocap4r2/mocap4r2_marker_viz/mocap4r2_marker_viz_srvs -DCMAKE_INSTALL_PREFIX=/home/nl455/mocap_ws/install/mocap4r2_marker_viz_srvs
[0.012s] [0mCMake Deprecation Warning at CMakeLists.txt:1 (cmake_minimum_required):
[0.012s]   Compatibility with CMake < 3.10 will be removed from a future version of
[0.012s]   CMake.
[0.012s] 
[0.012s]   Update the VERSION argument <min> value.  Or, use the <min>...<max> syntax
[0.012s]   to tell CMake that the project requires at least <min> but has been updated
[0.012s]   to work with policies introduced by <max> or earlier.
[0.012s] 
[0.012s] [0m
[0.015s] -- Found ament_cmake: 2.7.3 (/home/nl455/miniconda3/envs/ros_env/share/ament_cmake/cmake)
[0.025s] -- Found Python3: /home/nl455/miniconda3/envs/ros_env/bin/python3 (found version "3.12.12") found components: Interpreter
[0.061s] -- Override CMake install command with custom implementation using symlinks instead of copying resources
[0.064s] -- Found rosidl_default_generators: 1.7.1 (/home/nl455/miniconda3/envs/ros_env/share/rosidl_default_generators/cmake)
[0.065s] -- Using all available rosidl_typesupport_c: rosidl_typesupport_fastrtps_c;rosidl_typesupport_introspection_c
[0.083s] -- Using all available rosidl_typesupport_cpp: rosidl_typesupport_fastrtps_cpp;rosidl_typesupport_introspection_cpp
[0.095s] -- Found rosidl_adapter: 4.9.5 (/home/nl455/miniconda3/envs/ros_env/share/rosidl_adapter/cmake)
[0.096s] -- Found std_msgs: 5.5.0 (/home/nl455/miniconda3/envs/ros_env/share/std_msgs/cmake)
[0.246s] -- Found ament_cmake_cppcheck: 0.19.2 (/home/nl455/miniconda3/envs/ros_env/share/ament_cmake_cppcheck/cmake)
[0.247s] -- Found ament_cmake_cpplint: 0.19.2 (/home/nl455/miniconda3/envs/ros_env/share/ament_cmake_cpplint/cmake)
[0.247s] -- Found ament_cmake_uncrustify: 0.19.2 (/home/nl455/miniconda3/envs/ros_env/share/ament_cmake_uncrustify/cmake)
[0.247s] -- Found ament_cmake_ros_core: 0.14.3 (/home/nl455/miniconda3/envs/ros_env/share/ament_cmake_ros_core/cmake)
[0.309s] -- Using all available rosidl_typesupport_c: rosidl_typesupport_fastrtps_c;rosidl_typesupport_introspection_c
[0.387s] -- Using all available rosidl_typesupport_cpp: rosidl_typesupport_fastrtps_cpp;rosidl_typesupport_introspection_cpp
[0.585s] -- Found Python3: /home/nl455/miniconda3/envs/ros_env/bin/python3 (found version "3.12.12") found components: Interpreter Development NumPy Development.Module Development.Embed
[0.601s] -- Found ament_cmake_flake8: 0.19.2 (/home/nl455/miniconda3/envs/ros_env/share/ament_cmake_flake8/cmake)
[0.601s] -- Found ament_cmake_pep257: 0.19.2 (/home/nl455/miniconda3/envs/ros_env/share/ament_cmake_pep257/cmake)
[0.605s] -- Configuring done (0.6s)
[0.630s] -- Generating done (0.0s)
[0.651s] -- Build files have been written to: /home/nl455/mocap_ws/build/mocap4r2_marker_viz_srvs
[0.659s] Invoked command in '/home/nl455/mocap_ws/build/mocap4r2_marker_viz_srvs' returned '0': CMAKE_PREFIX_PATH=/home/nl455/miniconda3/envs/ros_env CONDA_PROMPT_MODIFIER=(ros_env) DEBUGINFOD_URLS=https://debuginfod.ubuntu.com /home/nl455/miniconda3/envs/ros_env/bin/cmake /home/nl455/mocap_ws/src/mocap4r2/mocap4r2_marker_viz/mocap4r2_marker_viz_srvs -DCMAKE_INSTALL_PREFIX=/home/nl455/mocap_ws/install/mocap4r2_marker_viz_srvs
[0.660s] Invoking command in '/home/nl455/mocap_ws/build/mocap4r2_marker_viz_srvs': CMAKE_PREFIX_PATH=/home/nl455/miniconda3/envs/ros_env CONDA_PROMPT_MODIFIER=(ros_env) DEBUGINFOD_URLS=https://debuginfod.ubuntu.com /home/nl455/miniconda3/envs/ros_env/bin/cmake --build /home/nl455/mocap_ws/build/mocap4r2_marker_viz_srvs -- -j32 -l32
[0.679s] [  2%] Built target mocap4r2_marker_viz_srvs__rosidl_generator_type_description
[0.682s] [  2%] Built target ament_cmake_python_symlink_mocap4r2_marker_viz_srvs
[0.686s] [  4%] Built target mocap4r2_marker_viz_srvs__cpp
[0.687s] [ 22%] Built target mocap4r2_marker_viz_srvs__rosidl_generator_c
[0.695s] [ 36%] Built target mocap4r2_marker_viz_srvs__rosidl_typesupport_c
[0.695s] [ 40%] Built target mocap4r2_marker_viz_srvs__rosidl_typesupport_introspection_c
[0.696s] [ 50%] Built target mocap4r2_marker_viz_srvs__rosidl_typesupport_cpp
[0.696s] [ 59%] Built target mocap4r2_marker_viz_srvs__rosidl_typesupport_introspection_cpp
[0.696s] [ 68%] Built target mocap4r2_marker_viz_srvs__rosidl_typesupport_fastrtps_c
[0.697s] [ 77%] Built target mocap4r2_marker_viz_srvs__rosidl_typesupport_fastrtps_cpp
[0.704s] [ 77%] Built target mocap4r2_marker_viz_srvs
[0.710s] [ 79%] Built target mocap4r2_marker_viz_srvs__py
[0.719s] [ 86%] Built target mocap4r2_marker_viz_srvs__rosidl_generator_py
[0.727s] [ 95%] Built target mocap4r2_marker_viz_srvs_s__rosidl_typesupport_fastrtps_c
[0.727s] [ 95%] Built target mocap4r2_marker_viz_srvs_s__rosidl_typesupport_c
[0.727s] [100%] Built target mocap4r2_marker_viz_srvs_s__rosidl_typesupport_introspection_c
[0.773s] running egg_info
[0.780s] writing mocap4r2_marker_viz_srvs.egg-info/PKG-INFO
[0.780s] writing dependency_links to mocap4r2_marker_viz_srvs.egg-info/dependency_links.txt
[0.780s] writing top-level names to mocap4r2_marker_viz_srvs.egg-info/top_level.txt
[0.798s] reading manifest file 'mocap4r2_marker_viz_srvs.egg-info/SOURCES.txt'
[0.799s] writing manifest file 'mocap4r2_marker_viz_srvs.egg-info/SOURCES.txt'
[0.816s] [100%] Built target ament_cmake_python_build_mocap4r2_marker_viz_srvs_egg
[0.820s] Invoked command in '/home/nl455/mocap_ws/build/mocap4r2_marker_viz_srvs' returned '0': CMAKE_PREFIX_PATH=/home/nl455/miniconda3/envs/ros_env CONDA_PROMPT_MODIFIER=(ros_env) DEBUGINFOD_URLS=https://debuginfod.ubuntu.com /home/nl455/miniconda3/envs/ros_env/bin/cmake --build /home/nl455/mocap_ws/build/mocap4r2_marker_viz_srvs -- -j32 -l32
[0.824s] Invoking command in '/home/nl455/mocap_ws/build/mocap4r2_marker_viz_srvs': CMAKE_PREFIX_PATH=/home/nl455/miniconda3/envs/ros_env CONDA_PROMPT_MODIFIER=(ros_env) DEBUGINFOD_URLS=https://debuginfod.ubuntu.com /home/nl455/miniconda3/envs/ros_env/bin/cmake --install /home/nl455/mocap_ws/build/mocap4r2_marker_viz_srvs
[0.827s] -- Install configuration: ""
[0.827s] -- Execute custom install script
[0.827s] -- Up-to-date symlink: /home/nl455/mocap_ws/install/mocap4r2_marker_viz_srvs/share/ament_index/resource_index/rosidl_interfaces/mocap4r2_marker_viz_srvs
[0.827s] -- Up-to-date symlink: /home/nl455/mocap_ws/install/mocap4r2_marker_viz_srvs/share/mocap4r2_marker_viz_srvs/srv/SetMarkerColor.json
[0.827s] -- Up-to-date symlink: /home/nl455/mocap_ws/install/mocap4r2_marker_viz_srvs/share/mocap4r2_marker_viz_srvs/srv/ResetMarkerColor.json
[0.827s] -- Up-to-date symlink: /home/nl455/mocap_ws/install/mocap4r2_marker_viz_srvs/include/mocap4r2_marker_viz_srvs/mocap4r2_marker_viz_srvs/msg/rosidl_generator_c__visibility_control.h
[0.827s] -- Up-to-date symlink: /home/nl455/mocap_ws/install/mocap4r2_marker_viz_srvs/include/mocap4r2_marker_viz_srvs/mocap4r2_marker_viz_srvs/srv/detail/reset_marker_color__functions.h
[0.828s] -- Up-to-date symlink: /home/nl455/mocap_ws/install/mocap4r2_marker_viz_srvs/include/mocap4r2_marker_viz_srvs/mocap4r2_marker_viz_srvs/srv/detail/reset_marker_color__struct.h
[0.828s] -- Up-to-date symlink: /home/nl455/mocap_ws/install/mocap4r2_marker_viz_srvs/include/mocap4r2_marker_viz_srvs/mocap4r2_marker_viz_srvs/srv/detail/reset_marker_color__type_support.h
[0.828s] -- Up-to-date symlink: /home/nl455/mocap_ws/install/mocap4r2_marker_viz_srvs/include/mocap4r2_marker_viz_srvs/mocap4r2_marker_viz_srvs/srv/detail/set_marker_color__functions.h
[0.828s] -- Up-to-date symlink: /home/nl455/mocap_ws/install/mocap4r2_marker_viz_srvs/include/mocap4r2_marker_viz_srvs/mocap4r2_marker_viz_srvs/srv/detail/set_marker_color__struct.h
[0.828s] -- Up-to-date symlink: /home/nl455/mocap_ws/install/mocap4r2_marker_viz_srvs/include/mocap4r2_marker_viz_srvs/mocap4r2_marker_viz_srvs/srv/detail/set_marker_color__type_support.h
[0.828s] -- Up-to-date symlink: /home/nl455/mocap_ws/install/mocap4r2_marker_viz_srvs/include/mocap4r2_marker_viz_srvs/mocap4r2_marker_viz_srvs/srv/reset_marker_color.h
[0.828s] -- Up-to-date symlink: /home/nl455/mocap_ws/install/mocap4r2_marker_viz_srvs/include/mocap4r2_marker_viz_srvs/mocap4r2_marker_viz_srvs/srv/set_marker_color.h
[0.828s] -- Up-to-date symlink: /home/nl455/mocap_ws/install/mocap4r2_marker_viz_srvs/share/mocap4r2_marker_viz_srvs/environment/library_path.sh
[0.828s] -- Up-to-date symlink: /home/nl455/mocap_ws/install/mocap4r2_marker_viz_srvs/share/mocap4r2_marker_viz_srvs/environment/library_path.dsv
[0.828s] -- Up-to-date symlink: /home/nl455/mocap_ws/install/mocap4r2_marker_viz_srvs/include/mocap4r2_marker_viz_srvs/mocap4r2_marker_viz_srvs/msg/rosidl_typesupport_fastrtps_c__visibility_control.h
[0.828s] -- Up-to-date symlink: /home/nl455/mocap_ws/install/mocap4r2_marker_viz_srvs/include/mocap4r2_marker_viz_srvs/mocap4r2_marker_viz_srvs/srv/detail/reset_marker_color__rosidl_typesupport_fastrtps_c.h
[0.828s] -- Up-to-date symlink: /home/nl455/mocap_ws/install/mocap4r2_marker_viz_srvs/include/mocap4r2_marker_viz_srvs/mocap4r2_marker_viz_srvs/srv/detail/set_marker_color__rosidl_typesupport_fastrtps_c.h
[0.828s] -- Up-to-date symlink: /home/nl455/mocap_ws/install/mocap4r2_marker_viz_srvs/include/mocap4r2_marker_viz_srvs/mocap4r2_marker_viz_srvs/msg/rosidl_typesupport_introspection_c__visibility_control.h
[0.828s] -- Up-to-date symlink: /home/nl455/mocap_ws/install/mocap4r2_marker_viz_srvs/include/mocap4r2_marker_viz_srvs/mocap4r2_marker_viz_srvs/srv/detail/reset_marker_color__rosidl_typesupport_introspection_c.h
[0.828s] -- Up-to-date symlink: /home/nl455/mocap_ws/install/mocap4r2_marker_viz_srvs/include/mocap4r2_marker_viz_srvs/mocap4r2_marker_viz_srvs/srv/detail/set_marker_color__rosidl_typesupport_introspection_c.h
[0.828s] -- Up-to-date symlink: /home/nl455/mocap_ws/install/mocap4r2_marker_viz_srvs/include/mocap4r2_marker_viz_srvs/mocap4r2_marker_viz_srvs/msg/rosidl_generator_cpp__visibility_control.hpp
[0.828s] -- Up-to-date symlink: /home/nl455/mocap_ws/install/mocap4r2_marker_viz_srvs/include/mocap4r2_marker_viz_srvs/mocap4r2_marker_viz_srvs/srv/detail/reset_marker_color__builder.hpp
[0.828s] -- Up-to-date symlink: /home/nl455/mocap_ws/install/mocap4r2_marker_viz_srvs/include/mocap4r2_marker_viz_srvs/mocap4r2_marker_viz_srvs/srv/detail/reset_marker_color__struct.hpp
[0.828s] -- Up-to-date symlink: /home/nl455/mocap_ws/install/mocap4r2_marker_viz_srvs/include/mocap4r2_marker_viz_srvs/mocap4r2_marker_viz_srvs/srv/detail/reset_marker_color__traits.hpp
[0.828s] -- Up-to-date symlink: /home/nl455/mocap_ws/install/mocap4r2_marker_viz_srvs/include/mocap4r2_marker_viz_srvs/mocap4r2_marker_viz_srvs/srv/detail/reset_marker_color__type_support.hpp
[0.828s] -- Up-to-date symlink: /home/nl455/mocap_ws/install/mocap4r2_marker_viz_srvs/include/mocap4r2_marker_viz_srvs/mocap4r2_marker_viz_srvs/srv/detail/set_marker_color__builder.hpp
[0.828s] -- Up-to-date symlink: /home/nl455/mocap_ws/install/mocap4r2_marker_viz_srvs/include/mocap4r2_marker_viz_srvs/mocap4r2_marker_viz_srvs/srv/detail/set_marker_color__struct.hpp
[0.828s] -- Up-to-date symlink: /home/nl455/mocap_ws/install/mocap4r2_marker_viz_srvs/include/mocap4r2_marker_viz_srvs/mocap4r2_marker_viz_srvs/srv/detail/set_marker_color__traits.hpp
[0.828s] -- Up-to-date symlink: /home/nl455/mocap_ws/install/mocap4r2_marker_viz_srvs/include/mocap4r2_marker_viz_srvs/mocap4r2_marker_viz_srvs/srv/detail/set_marker_color__type_support.hpp
[0.828s] -- Up-to-date symlink: /home/nl455/mocap_ws/install/mocap4r2_marker_viz_srvs/include/mocap4r2_marker_viz_srvs/mocap4r2_marker_viz_srvs/srv/reset_marker_color.hpp
[0.829s] -- Up-to-date symlink: /home/nl455/mocap_ws/install/mocap4r2_marker_viz_srvs/include/mocap4r2_marker_viz_srvs/mocap4r2_marker_viz_srvs/srv/set_marker_color.hpp
[0.829s] -- Up-to-date symlink: /home/nl455/mocap_ws/install/mocap4r2_marker_viz_srvs/include/mocap4r2_marker_viz_srvs/mocap4r2_marker_viz_srvs/msg/rosidl_typesupport_fastrtps_cpp__visibility_control.h
[0.829s] -- Up-to-date symlink: /home/nl455/mocap_ws/install/mocap4r2_marker_viz_srvs/include/mocap4r2_marker_viz_srvs/mocap4r2_marker_viz_srvs/srv/detail/reset_marker_color__rosidl_typesupport_fastrtps_cpp.hpp
[0.829s] -- Up-to-date symlink: /home/nl455/mocap_ws/install/mocap4r2_marker_viz_srvs/include/mocap4r2_marker_viz_srvs/mocap4r2_marker_viz_srvs/srv/detail/set_marker_color__rosidl_typesupport_fastrtps_cpp.hpp
[0.829s] -- Up-to-date symlink: /home/nl455/mocap_ws/install/mocap4r2_marker_viz_srvs/include/mocap4r2_marker_viz_srvs/mocap4r2_marker_viz_srvs/srv/detail/reset_marker_color__rosidl_typesupport_introspection_cpp.hpp
[0.829s] -- Up-to-date symlink: /home/nl455/mocap_ws/install/mocap4r2_marker_viz_srvs/include/mocap4r2_marker_viz_srvs/mocap4r2_marker_viz_srvs/srv/detail/set_marker_color__rosidl_typesupport_introspection_cpp.hpp
[0.829s] -- Up-to-date symlink: /home/nl455/mocap_ws/install/mocap4r2_marker_viz_srvs/share/mocap4r2_marker_viz_srvs/environment/pythonpath.sh
[0.829s] -- Up-to-date symlink: /home/nl455/mocap_ws/install/mocap4r2_marker_viz_srvs/share/mocap4r2_marker_viz_srvs/environment/pythonpath.dsv
[0.829s] -- Up-to-date symlink: /home/nl455/mocap_ws/install/mocap4r2_marker_viz_srvs/lib/python3.12/site-packages/mocap4r2_marker_viz_srvs-0.0.7-py3.12.egg-info/PKG-INFO
[0.829s] -- Up-to-date symlink: /home/nl455/mocap_ws/install/mocap4r2_marker_viz_srvs/lib/python3.12/site-packages/mocap4r2_marker_viz_srvs-0.0.7-py3.12.egg-info/SOURCES.txt
[0.829s] -- Up-to-date symlink: /home/nl455/mocap_ws/install/mocap4r2_marker_viz_srvs/lib/python3.12/site-packages/mocap4r2_marker_viz_srvs-0.0.7-py3.12.egg-info/dependency_links.txt
[0.829s] -- Up-to-date symlink: /home/nl455/mocap_ws/install/mocap4r2_marker_viz_srvs/lib/python3.12/site-packages/mocap4r2_marker_viz_srvs-0.0.7-py3.12.egg-info/top_level.txt
[0.829s] -- Up-to-date symlink: /home/nl455/mocap_ws/install/mocap4r2_marker_viz_srvs/lib/python3.12/site-packages/mocap4r2_marker_viz_srvs/__init__.py
[0.829s] -- Up-to-date symlink: /home/nl455/mocap_ws/install/mocap4r2_marker_viz_srvs/lib/python3.12/site-packages/mocap4r2_marker_viz_srvs/_mocap4r2_marker_viz_srvs_s.ep.rosidl_typesupport_c.c
[0.829s] -- Up-to-date symlink: /home/nl455/mocap_ws/install/mocap4r2_marker_viz_srvs/lib/python3.12/site-packages/mocap4r2_marker_viz_srvs/_mocap4r2_marker_viz_srvs_s.ep.rosidl_typesupport_fastrtps_c.c
[0.829s] -- Up-to-date symlink: /home/nl455/mocap_ws/install/mocap4r2_marker_viz_srvs/lib/python3.12/site-packages/mocap4r2_marker_viz_srvs/_mocap4r2_marker_viz_srvs_s.ep.rosidl_typesupport_introspection_c.c
[0.829s] -- Up-to-date symlink: /home/nl455/mocap_ws/install/mocap4r2_marker_viz_srvs/lib/python3.12/site-packages/mocap4r2_marker_viz_srvs/mocap4r2_marker_viz_srvs_s__rosidl_typesupport_c.so
[0.830s] -- Up-to-date symlink: /home/nl455/mocap_ws/install/mocap4r2_marker_viz_srvs/lib/python3.12/site-packages/mocap4r2_marker_viz_srvs/mocap4r2_marker_viz_srvs_s__rosidl_typesupport_fastrtps_c.so
[0.830s] -- Up-to-date symlink: /home/nl455/mocap_ws/install/mocap4r2_marker_viz_srvs/lib/python3.12/site-packages/mocap4r2_marker_viz_srvs/mocap4r2_marker_viz_srvs_s__rosidl_typesupport_introspection_c.so
[0.830s] -- Up-to-date symlink: /home/nl455/mocap_ws/install/mocap4r2_marker_viz_srvs/lib/python3.12/site-packages/mocap4r2_marker_viz_srvs/srv/__init__.py
[0.830s] -- Up-to-date symlink: /home/nl455/mocap_ws/install/mocap4r2_marker_viz_srvs/lib/python3.12/site-packages/mocap4r2_marker_viz_srvs/srv/_reset_marker_color.py
[0.830s] -- Up-to-date symlink: /home/nl455/mocap_ws/install/mocap4r2_marker_viz_srvs/lib/python3.12/site-packages/mocap4r2_marker_viz_srvs/srv/_reset_marker_color_s.c
[0.830s] -- Up-to-date symlink: /home/nl455/mocap_ws/install/mocap4r2_marker_viz_srvs/lib/python3.12/site-packages/mocap4r2_marker_viz_srvs/srv/_set_marker_color.py
[0.830s] -- Up-to-date symlink: /home/nl455/mocap_ws/install/mocap4r2_marker_viz_srvs/lib/python3.12/site-packages/mocap4r2_marker_viz_srvs/srv/_set_marker_color_s.c
[0.830s] -- Up-to-date symlink: /home/nl455/mocap_ws/install/mocap4r2_marker_viz_srvs/lib/python3.12/site-packages/mocap4r2_marker_viz_srvs/mocap4r2_marker_viz_srvs_s__rosidl_typesupport_fastrtps_c.so
[0.830s] -- Up-to-date symlink: /home/nl455/mocap_ws/install/mocap4r2_marker_viz_srvs/lib/python3.12/site-packages/mocap4r2_marker_viz_srvs/mocap4r2_marker_viz_srvs_s__rosidl_typesupport_introspection_c.so
[0.830s] -- Up-to-date symlink: /home/nl455/mocap_ws/install/mocap4r2_marker_viz_srvs/lib/python3.12/site-packages/mocap4r2_marker_viz_srvs/mocap4r2_marker_viz_srvs_s__rosidl_typesupport_c.so
[0.830s] -- Up-to-date symlink: /home/nl455/mocap_ws/install/mocap4r2_marker_viz_srvs/share/mocap4r2_marker_viz_srvs/srv/SetMarkerColor.idl
[0.830s] -- Up-to-date symlink: /home/nl455/mocap_ws/install/mocap4r2_marker_viz_srvs/share/mocap4r2_marker_viz_srvs/srv/ResetMarkerColor.idl
[0.830s] -- Up-to-date symlink: /home/nl455/mocap_ws/install/mocap4r2_marker_viz_srvs/share/mocap4r2_marker_viz_srvs/srv/SetMarkerColor.srv
[0.830s] -- Up-to-date symlink: /home/nl455/mocap_ws/install/mocap4r2_marker_viz_srvs/share/mocap4r2_marker_viz_srvs/srv/ResetMarkerColor.srv
[0.830s] -- Up-to-date symlink: /home/nl455/mocap_ws/install/mocap4r2_marker_viz_srvs/share/ament_index/resource_index/package_run_dependencies/mocap4r2_marker_viz_srvs
[0.830s] -- Up-to-date symlink: /home/nl455/mocap_ws/install/mocap4r2_marker_viz_srvs/share/ament_index/resource_index/parent_prefix_path/mocap4r2_marker_viz_srvs
[0.830s] -- Up-to-date symlink: /home/nl455/mocap_ws/install/mocap4r2_marker_viz_srvs/share/mocap4r2_marker_viz_srvs/environment/ament_prefix_path.sh
[0.831s] -- Up-to-date symlink: /home/nl455/mocap_ws/install/mocap4r2_marker_viz_srvs/share/mocap4r2_marker_viz_srvs/environment/ament_prefix_path.dsv
[0.831s] -- Up-to-date symlink: /home/nl455/mocap_ws/install/mocap4r2_marker_viz_srvs/share/mocap4r2_marker_viz_srvs/environment/path.sh
[0.831s] -- Up-to-date symlink: /home/nl455/mocap_ws/install/mocap4r2_marker_viz_srvs/share/mocap4r2_marker_viz_srvs/environment/path.dsv
[0.831s] -- Up-to-date symlink: /home/nl455/mocap_ws/install/mocap4r2_marker_viz_srvs/share/mocap4r2_marker_viz_srvs/local_setup.bash
[0.831s] -- Up-to-date symlink: /home/nl455/mocap_ws/install/mocap4r2_marker_viz_srvs/share/mocap4r2_marker_viz_srvs/local_setup.sh
[0.831s] -- Up-to-date symlink: /home/nl455/mocap_ws/install/mocap4r2_marker_viz_srvs/share/mocap4r2_marker_viz_srvs/local_setup.zsh
[0.831s] -- Up-to-date symlink: /home/nl455/mocap_ws/install/mocap4r2_marker_viz_srvs/share/mocap4r2_marker_viz_srvs/local_setup.dsv
[0.831s] -- Symlinking: /home/nl455/mocap_ws/install/mocap4r2_marker_viz_srvs/share/mocap4r2_marker_viz_srvs/package.dsv
[0.833s] -- Up-to-date symlink: /home/nl455/mocap_ws/install/mocap4r2_marker_viz_srvs/share/ament_index/resource_index/packages/mocap4r2_marker_viz_srvs
[0.833s] -- Up-to-date symlink: /home/nl455/mocap_ws/install/mocap4r2_marker_viz_srvs/share/mocap4r2_marker_viz_srvs/cmake/rosidl_cmake-extras.cmake
[0.833s] -- Up-to-date symlink: /home/nl455/mocap_ws/install/mocap4r2_marker_viz_srvs/share/mocap4r2_marker_viz_srvs/cmake/ament_cmake_export_dependencies-extras.cmake
[0.833s] -- Up-to-date symlink: /home/nl455/mocap_ws/install/mocap4r2_marker_viz_srvs/share/mocap4r2_marker_viz_srvs/cmake/ament_cmake_export_include_directories-extras.cmake
[0.834s] -- Up-to-date symlink: /home/nl455/mocap_ws/install/mocap4r2_marker_viz_srvs/share/mocap4r2_marker_viz_srvs/cmake/ament_cmake_export_libraries-extras.cmake
[0.834s] -- Up-to-date symlink: /home/nl455/mocap_ws/install/mocap4r2_marker_viz_srvs/share/mocap4r2_marker_viz_srvs/cmake/ament_cmake_export_targets-extras.cmake
[0.834s] -- Up-to-date symlink: /home/nl455/mocap_ws/install/mocap4r2_marker_viz_srvs/share/mocap4r2_marker_viz_srvs/cmake/rosidl_cmake_export_typesupport_targets-extras.cmake
[0.834s] -- Up-to-date symlink: /home/nl455/mocap_ws/install/mocap4r2_marker_viz_srvs/share/mocap4r2_marker_viz_srvs/cmake/rosidl_cmake_export_typesupport_libraries-extras.cmake
[0.834s] -- Up-to-date symlink: /home/nl455/mocap_ws/install/mocap4r2_marker_viz_srvs/share/mocap4r2_marker_viz_srvs/cmake/mocap4r2_marker_viz_srvsConfig.cmake
[0.834s] -- Up-to-date symlink: /home/nl455/mocap_ws/install/mocap4r2_marker_viz_srvs/share/mocap4r2_marker_viz_srvs/cmake/mocap4r2_marker_viz_srvsConfig-version.cmake
[0.834s] -- Up-to-date symlink: /home/nl455/mocap_ws/install/mocap4r2_marker_viz_srvs/share/mocap4r2_marker_viz_srvs/package.xml
[0.834s] -- Up-to-date: /home/nl455/mocap_ws/install/mocap4r2_marker_viz_srvs/lib/libmocap4r2_marker_viz_srvs__rosidl_generator_c.so
[0.834s] -- Up-to-date: /home/nl455/mocap_ws/install/mocap4r2_marker_viz_srvs/lib/libmocap4r2_marker_viz_srvs__rosidl_typesupport_fastrtps_c.so
[0.834s] -- Up-to-date: /home/nl455/mocap_ws/install/mocap4r2_marker_viz_srvs/lib/libmocap4r2_marker_viz_srvs__rosidl_typesupport_introspection_c.so
[0.834s] -- Up-to-date: /home/nl455/mocap_ws/install/mocap4r2_marker_viz_srvs/lib/libmocap4r2_marker_viz_srvs__rosidl_typesupport_c.so
[0.834s] -- Up-to-date: /home/nl455/mocap_ws/install/mocap4r2_marker_viz_srvs/lib/libmocap4r2_marker_viz_srvs__rosidl_typesupport_fastrtps_cpp.so
[0.834s] -- Up-to-date: /home/nl455/mocap_ws/install/mocap4r2_marker_viz_srvs/lib/libmocap4r2_marker_viz_srvs__rosidl_typesupport_introspection_cpp.so
[0.834s] -- Up-to-date: /home/nl455/mocap_ws/install/mocap4r2_marker_viz_srvs/lib/libmocap4r2_marker_viz_srvs__rosidl_typesupport_cpp.so
[0.852s] Listing '/home/nl455/mocap_ws/install/mocap4r2_marker_viz_srvs/lib/python3.12/site-packages/mocap4r2_marker_viz_srvs'...
[0.852s] Compiling '/home/nl455/mocap_ws/install/mocap4r2_marker_viz_srvs/lib/python3.12/site-packages/mocap4r2_marker_viz_srvs/__init__.py'...
[0.852s] Listing '/home/nl455/mocap_ws/install/mocap4r2_marker_viz_srvs/lib/python3.12/site-packages/mocap4r2_marker_viz_srvs/srv'...
[0.854s] -- Up-to-date: /home/nl455/mocap_ws/install/mocap4r2_marker_viz_srvs/lib/libmocap4r2_marker_viz_srvs__rosidl_generator_py.so
[0.855s] -- Up-to-date: /home/nl455/mocap_ws/install/mocap4r2_marker_viz_srvs/share/mocap4r2_marker_viz_srvs/cmake/export_mocap4r2_marker_viz_srvs__rosidl_generator_cExport.cmake
[0.855s] -- Up-to-date: /home/nl455/mocap_ws/install/mocap4r2_marker_viz_srvs/share/mocap4r2_marker_viz_srvs/cmake/export_mocap4r2_marker_viz_srvs__rosidl_generator_cExport-noconfig.cmake
[0.855s] -- Up-to-date: /home/nl455/mocap_ws/install/mocap4r2_marker_viz_srvs/share/mocap4r2_marker_viz_srvs/cmake/export_mocap4r2_marker_viz_srvs__rosidl_typesupport_fastrtps_cExport.cmake
[0.855s] -- Up-to-date: /home/nl455/mocap_ws/install/mocap4r2_marker_viz_srvs/share/mocap4r2_marker_viz_srvs/cmake/export_mocap4r2_marker_viz_srvs__rosidl_typesupport_fastrtps_cExport-noconfig.cmake
[0.855s] -- Up-to-date: /home/nl455/mocap_ws/install/mocap4r2_marker_viz_srvs/share/mocap4r2_marker_viz_srvs/cmake/mocap4r2_marker_viz_srvs__rosidl_typesupport_introspection_cExport.cmake
[0.855s] -- Up-to-date: /home/nl455/mocap_ws/install/mocap4r2_marker_viz_srvs/share/mocap4r2_marker_viz_srvs/cmake/mocap4r2_marker_viz_srvs__rosidl_typesupport_introspection_cExport-noconfig.cmake
[0.855s] -- Up-to-date: /home/nl455/mocap_ws/install/mocap4r2_marker_viz_srvs/share/mocap4r2_marker_viz_srvs/cmake/mocap4r2_marker_viz_srvs__rosidl_typesupport_cExport.cmake
[0.855s] -- Up-to-date: /home/nl455/mocap_ws/install/mocap4r2_marker_viz_srvs/share/mocap4r2_marker_viz_srvs/cmake/mocap4r2_marker_viz_srvs__rosidl_typesupport_cExport-noconfig.cmake
[0.855s] -- Up-to-date: /home/nl455/mocap_ws/install/mocap4r2_marker_viz_srvs/share/mocap4r2_marker_viz_srvs/cmake/export_mocap4r2_marker_viz_srvs__rosidl_generator_cppExport.cmake
[0.855s] -- Up-to-date: /home/nl455/mocap_ws/install/mocap4r2_marker_viz_srvs/share/mocap4r2_marker_viz_srvs/cmake/export_mocap4r2_marker_viz_srvs__rosidl_typesupport_fastrtps_cppExport.cmake
[0.855s] -- Up-to-date: /home/nl455/mocap_ws/install/mocap4r2_marker_viz_srvs/share/mocap4r2_marker_viz_srvs/cmake/export_mocap4r2_marker_viz_srvs__rosidl_typesupport_fastrtps_cppExport-noconfig.cmake
[0.855s] -- Up-to-date: /home/nl455/mocap_ws/install/mocap4r2_marker_viz_srvs/share/mocap4r2_marker_viz_srvs/cmake/mocap4r2_marker_viz_srvs__rosidl_typesupport_introspection_cppExport.cmake
[0.855s] -- Up-to-date: /home/nl455/mocap_ws/install/mocap4r2_marker_viz_srvs/share/mocap4r2_marker_viz_srvs/cmake/mocap4r2_marker_viz_srvs__rosidl_typesupport_introspection_cppExport-noconfig.cmake
[0.855s] -- Up-to-date: /home/nl455/mocap_ws/install/mocap4r2_marker_viz_srvs/share/mocap4r2_marker_viz_srvs/cmake/mocap4r2_marker_viz_srvs__rosidl_typesupport_cppExport.cmake
[0.855s] -- Up-to-date: /home/nl455/mocap_ws/install/mocap4r2_marker_viz_srvs/share/mocap4r2_marker_viz_srvs/cmake/mocap4r2_marker_viz_srvs__rosidl_typesupport_cppExport-noconfig.cmake
[0.855s] -- Up-to-date: /home/nl455/mocap_ws/install/mocap4r2_marker_viz_srvs/share/mocap4r2_marker_viz_srvs/cmake/export_mocap4r2_marker_viz_srvs__rosidl_generator_pyExport.cmake
[0.855s] -- Up-to-date: /home/nl455/mocap_ws/install/mocap4r2_marker_viz_srvs/share/mocap4r2_marker_viz_srvs/cmake/export_mocap4r2_marker_viz_srvs__rosidl_generator_pyExport-noconfig.cmake
[0.856s] Invoked command in '/home/nl455/mocap_ws/build/mocap4r2_marker_viz_srvs' returned '0': CMAKE_PREFIX_PATH=/home/nl455/miniconda3/envs/ros_env CONDA_PROMPT_MODIFIER=(ros_env) DEBUGINFOD_URLS=https://debuginfod.ubuntu.com /home/nl455/miniconda3/envs/ros_env/bin/cmake --install /home/nl455/mocap_ws/build/mocap4r2_marker_viz_srvs
