[0.008s] Invoking command in '/home/nl455/mocap_ws/build/mocap4r2_dummy_driver': CMAKE_PREFIX_PATH=/home/nl455/mocap_ws/install/mocap4r2_control:/home/nl455/mocap_ws/install/mocap4r2_msgs:/home/nl455/mocap_ws/install/mocap4r2_control_msgs:/home/nl455/mocap_ws/install/rqt_mocap4r2_control:/home/nl455/mocap_ws/install/mocap4r2_robot_gt:/home/nl455/mocap_ws/install/mocap4r2_robot_gt_msgs:/home/nl455/mocap_ws/install/mocap4r2_optitrack_driver:/home/nl455/mocap_ws/install/mocap4r2_marker_viz:/home/nl455/mocap_ws/install/mocap4r2_marker_publisher:/home/nl455/mocap_ws/install/mocap4r2_dummy_driver:/home/nl455/mocap_ws/install/mocap4r2_marker_viz_srvs:/home/nl455/mocap_ws/install/mocap4r2cli:/home/nl455/miniconda3/envs/ros_env CONDA_PROMPT_MODIFIER=(ros_env) DEBUGINFOD_URLS=https://debuginfod.ubuntu.com LD_LIBRARY_PATH=/home/nl455/mocap_ws/install/mocap4r2_control/lib:/home/nl455/mocap_ws/install/mocap4r2_msgs/lib:/home/nl455/mocap_ws/install/mocap4r2_control_msgs/lib:/home/nl455/mocap_ws/install/rqt_mocap4r2_control/lib:/home/nl455/mocap_ws/install/mocap4r2_robot_gt/lib:/home/nl455/mocap_ws/install/mocap4r2_robot_gt_msgs/lib:/home/nl455/mocap_ws/install/mocap4r2_optitrack_driver/lib:/home/nl455/mocap_ws/install/mocap4r2_marker_viz_srvs/lib:/home/nl455/miniconda3/envs/ros_env/opt/rviz_ogre_vendor/lib:/home/nl455/miniconda3/envs/ros_env/lib PYTHONPATH=/home/nl455/mocap_ws/install/mocap4r2_msgs/lib/python3.12/site-packages:/home/nl455/mocap_ws/install/mocap4r2_control_msgs/lib/python3.12/site-packages:/home/nl455/mocap_ws/install/mocap4r2cli/lib/python3.12/site-packages:/home/nl455/mocap_ws/install/mocap4r2_robot_gt_msgs/lib/python3.12/site-packages:/home/nl455/mocap_ws/install/mocap4r2_marker_viz_srvs/lib/python3.12/site-packages:/home/nl455/miniconda3/envs/ros_env/lib/python/site-packages:/home/nl455/miniconda3/envs/ros_env/lib/python3.12/site-packages /home/nl455/miniconda3/envs/ros_env/bin/cmake /home/nl455/mocap_ws/src/mocap4r2/mocap4r2_dummy_driver -DAMENT_CMAKE_SYMLINK_INSTALL=1 -DCMAKE_INSTALL_PREFIX=/home/nl455/mocap_ws/install/mocap4r2_dummy_driver
[0.014s] [0mCMake Deprecation Warning at CMakeLists.txt:1 (cmake_minimum_required):
[0.014s]   Compatibility with CMake < 3.10 will be removed from a future version of
[0.014s]   CMake.
[0.014s] 
[0.014s]   Update the VERSION argument <min> value.  Or, use the <min>...<max> syntax
[0.014s]   to tell CMake that the project requires at least <min> but has been updated
[0.014s]   to work with policies introduced by <max> or earlier.
[0.014s] 
[0.014s] [0m
[0.017s] -- Found ament_cmake: 2.7.3 (/home/nl455/miniconda3/envs/ros_env/share/ament_cmake/cmake)
[0.122s] -- Override CMake install command with custom implementation using symlinks instead of copying resources
[0.124s] -- Found rclcpp: 29.5.3 (/home/nl455/miniconda3/envs/ros_env/share/rclcpp/cmake)
[0.139s] -- Found rosidl_generator_c: 4.9.5 (/home/nl455/miniconda3/envs/ros_env/share/rosidl_generator_c/cmake)
[0.143s] -- Found rosidl_generator_cpp: 4.9.5 (/home/nl455/miniconda3/envs/ros_env/share/rosidl_generator_cpp/cmake)
[0.149s] -- Using all available rosidl_typesupport_c: rosidl_typesupport_fastrtps_c;rosidl_typesupport_introspection_c
[0.155s] -- Using all available rosidl_typesupport_cpp: rosidl_typesupport_fastrtps_cpp;rosidl_typesupport_introspection_cpp
[0.189s] -- Found rmw_implementation_cmake: 7.8.2 (/home/nl455/miniconda3/envs/ros_env/share/rmw_implementation_cmake/cmake)
[0.190s] -- Found rmw_fastrtps_cpp: 9.3.3 (/home/nl455/miniconda3/envs/ros_env/share/rmw_fastrtps_cpp/cmake)
[0.221s] -- Using RMW implementation 'rmw_fastrtps_cpp' as default
[0.258s] -- Found rclcpp_lifecycle: 29.5.3 (/home/nl455/miniconda3/envs/ros_env/share/rclcpp_lifecycle/cmake)
[0.274s] -- Found mocap4r2_msgs: 0.2.0 (/home/nl455/mocap_ws/install/mocap4r2_msgs/share/mocap4r2_msgs/cmake)
[0.303s] -- Found mocap4r2_control: 0.0.7 (/home/nl455/mocap_ws/install/mocap4r2_control/share/mocap4r2_control/cmake)
[0.318s] [0mCMake Deprecation Warning at /home/nl455/miniconda3/envs/ros_env/share/ament_cmake_target_dependencies/cmake/ament_target_dependencies.cmake:87 (message):
[0.318s]   ament_target_dependencies() is deprecated.  Use target_link_libraries()
[0.318s]   with modern CMake targets instead.  Try replacing this call with:
[0.318s] 
[0.318s]     target_link_libraries(mocap4r2_dummy_driver PUBLIC
[0.318s]       ${mocap4r2_msgs_TARGETS}
[0.318s]       rclcpp::rclcpp
[0.318s]       rclcpp_lifecycle::rclcpp_lifecycle
[0.318s]     )
[0.318s] 
[0.318s] Call Stack (most recent call first):
[0.318s]   CMakeLists.txt:33 (ament_target_dependencies)
[0.318s] 
[0.318s] [0m
[0.321s] [0mCMake Deprecation Warning at /home/nl455/miniconda3/envs/ros_env/share/ament_cmake_target_dependencies/cmake/ament_target_dependencies.cmake:87 (message):
[0.321s]   ament_target_dependencies() is deprecated.  Use target_link_libraries()
[0.321s]   with modern CMake targets instead.  Try replacing this call with:
[0.321s] 
[0.321s]     target_link_libraries(mocap4r2_dummy_driver_main PUBLIC
[0.321s]       ${mocap4r2_msgs_TARGETS}
[0.321s]       rclcpp::rclcpp
[0.321s]       rclcpp_lifecycle::rclcpp_lifecycle
[0.321s]     )
[0.321s] 
[0.321s] Call Stack (most recent call first):
[0.321s]   CMakeLists.txt:38 (ament_target_dependencies)
[0.321s] 
[0.321s] [0m
[0.324s] -- Found ament_lint_auto: 0.19.2 (/home/nl455/miniconda3/envs/ros_env/share/ament_lint_auto/cmake)
[0.370s] -- Added test 'copyright' to check source files copyright and LICENSE
[0.371s] -- Added test 'cppcheck' to perform static code analysis on C / C++ code
[0.371s] -- Configured cppcheck include dirs: /home/nl455/mocap_ws/src/mocap4r2/mocap4r2_dummy_driver/include
[0.371s] -- Configured cppcheck exclude dirs and/or files: 
[0.371s] -- Added test 'cpplint' to check C / C++ code against the Google style
[0.371s] -- Configured cpplint exclude dirs and/or files: 
[0.371s] -- Added test 'flake8' to check Python code syntax and style conventions
[0.371s] -- Configured 'flake8' exclude dirs and/or files: 
[0.371s] -- Added test 'lint_cmake' to check CMake code style
[0.372s] -- Added test 'pep257' to check Python code against some of the docstring style conventions in PEP 257
[0.372s] -- Added test 'uncrustify' to check C / C++ code style
[0.372s] -- Configured uncrustify additional arguments: 
[0.372s] -- Added test 'xmllint' to check XML markup files
[0.373s] -- Configuring done (0.4s)
[0.390s] -- Generating done (0.0s)
[0.402s] -- Build files have been written to: /home/nl455/mocap_ws/build/mocap4r2_dummy_driver
[0.407s] Invoked command in '/home/nl455/mocap_ws/build/mocap4r2_dummy_driver' returned '0': CMAKE_PREFIX_PATH=/home/nl455/mocap_ws/install/mocap4r2_control:/home/nl455/mocap_ws/install/mocap4r2_msgs:/home/nl455/mocap_ws/install/mocap4r2_control_msgs:/home/nl455/mocap_ws/install/rqt_mocap4r2_control:/home/nl455/mocap_ws/install/mocap4r2_robot_gt:/home/nl455/mocap_ws/install/mocap4r2_robot_gt_msgs:/home/nl455/mocap_ws/install/mocap4r2_optitrack_driver:/home/nl455/mocap_ws/install/mocap4r2_marker_viz:/home/nl455/mocap_ws/install/mocap4r2_marker_publisher:/home/nl455/mocap_ws/install/mocap4r2_dummy_driver:/home/nl455/mocap_ws/install/mocap4r2_marker_viz_srvs:/home/nl455/mocap_ws/install/mocap4r2cli:/home/nl455/miniconda3/envs/ros_env CONDA_PROMPT_MODIFIER=(ros_env) DEBUGINFOD_URLS=https://debuginfod.ubuntu.com LD_LIBRARY_PATH=/home/nl455/mocap_ws/install/mocap4r2_control/lib:/home/nl455/mocap_ws/install/mocap4r2_msgs/lib:/home/nl455/mocap_ws/install/mocap4r2_control_msgs/lib:/home/nl455/mocap_ws/install/rqt_mocap4r2_control/lib:/home/nl455/mocap_ws/install/mocap4r2_robot_gt/lib:/home/nl455/mocap_ws/install/mocap4r2_robot_gt_msgs/lib:/home/nl455/mocap_ws/install/mocap4r2_optitrack_driver/lib:/home/nl455/mocap_ws/install/mocap4r2_marker_viz_srvs/lib:/home/nl455/miniconda3/envs/ros_env/opt/rviz_ogre_vendor/lib:/home/nl455/miniconda3/envs/ros_env/lib PYTHONPATH=/home/nl455/mocap_ws/install/mocap4r2_msgs/lib/python3.12/site-packages:/home/nl455/mocap_ws/install/mocap4r2_control_msgs/lib/python3.12/site-packages:/home/nl455/mocap_ws/install/mocap4r2cli/lib/python3.12/site-packages:/home/nl455/mocap_ws/install/mocap4r2_robot_gt_msgs/lib/python3.12/site-packages:/home/nl455/mocap_ws/install/mocap4r2_marker_viz_srvs/lib/python3.12/site-packages:/home/nl455/miniconda3/envs/ros_env/lib/python/site-packages:/home/nl455/miniconda3/envs/ros_env/lib/python3.12/site-packages /home/nl455/miniconda3/envs/ros_env/bin/cmake /home/nl455/mocap_ws/src/mocap4r2/mocap4r2_dummy_driver -DAMENT_CMAKE_SYMLINK_INSTALL=1 -DCMAKE_INSTALL_PREFIX=/home/nl455/mocap_ws/install/mocap4r2_dummy_driver
[0.408s] Invoking command in '/home/nl455/mocap_ws/build/mocap4r2_dummy_driver': CMAKE_PREFIX_PATH=/home/nl455/mocap_ws/install/mocap4r2_control:/home/nl455/mocap_ws/install/mocap4r2_msgs:/home/nl455/mocap_ws/install/mocap4r2_control_msgs:/home/nl455/mocap_ws/install/rqt_mocap4r2_control:/home/nl455/mocap_ws/install/mocap4r2_robot_gt:/home/nl455/mocap_ws/install/mocap4r2_robot_gt_msgs:/home/nl455/mocap_ws/install/mocap4r2_optitrack_driver:/home/nl455/mocap_ws/install/mocap4r2_marker_viz:/home/nl455/mocap_ws/install/mocap4r2_marker_publisher:/home/nl455/mocap_ws/install/mocap4r2_dummy_driver:/home/nl455/mocap_ws/install/mocap4r2_marker_viz_srvs:/home/nl455/mocap_ws/install/mocap4r2cli:/home/nl455/miniconda3/envs/ros_env CONDA_PROMPT_MODIFIER=(ros_env) DEBUGINFOD_URLS=https://debuginfod.ubuntu.com LD_LIBRARY_PATH=/home/nl455/mocap_ws/install/mocap4r2_control/lib:/home/nl455/mocap_ws/install/mocap4r2_msgs/lib:/home/nl455/mocap_ws/install/mocap4r2_control_msgs/lib:/home/nl455/mocap_ws/install/rqt_mocap4r2_control/lib:/home/nl455/mocap_ws/install/mocap4r2_robot_gt/lib:/home/nl455/mocap_ws/install/mocap4r2_robot_gt_msgs/lib:/home/nl455/mocap_ws/install/mocap4r2_optitrack_driver/lib:/home/nl455/mocap_ws/install/mocap4r2_marker_viz_srvs/lib:/home/nl455/miniconda3/envs/ros_env/opt/rviz_ogre_vendor/lib:/home/nl455/miniconda3/envs/ros_env/lib PYTHONPATH=/home/nl455/mocap_ws/install/mocap4r2_msgs/lib/python3.12/site-packages:/home/nl455/mocap_ws/install/mocap4r2_control_msgs/lib/python3.12/site-packages:/home/nl455/mocap_ws/install/mocap4r2cli/lib/python3.12/site-packages:/home/nl455/mocap_ws/install/mocap4r2_robot_gt_msgs/lib/python3.12/site-packages:/home/nl455/mocap_ws/install/mocap4r2_marker_viz_srvs/lib/python3.12/site-packages:/home/nl455/miniconda3/envs/ros_env/lib/python/site-packages:/home/nl455/miniconda3/envs/ros_env/lib/python3.12/site-packages /home/nl455/miniconda3/envs/ros_env/bin/cmake --build /home/nl455/mocap_ws/build/mocap4r2_dummy_driver -- -j32 -l32
[0.430s] [ 50%] Built target mocap4r2_dummy_driver
[0.441s] [100%] Built target mocap4r2_dummy_driver_main
[0.445s] Invoked command in '/home/nl455/mocap_ws/build/mocap4r2_dummy_driver' returned '0': CMAKE_PREFIX_PATH=/home/nl455/mocap_ws/install/mocap4r2_control:/home/nl455/mocap_ws/install/mocap4r2_msgs:/home/nl455/mocap_ws/install/mocap4r2_control_msgs:/home/nl455/mocap_ws/install/rqt_mocap4r2_control:/home/nl455/mocap_ws/install/mocap4r2_robot_gt:/home/nl455/mocap_ws/install/mocap4r2_robot_gt_msgs:/home/nl455/mocap_ws/install/mocap4r2_optitrack_driver:/home/nl455/mocap_ws/install/mocap4r2_marker_viz:/home/nl455/mocap_ws/install/mocap4r2_marker_publisher:/home/nl455/mocap_ws/install/mocap4r2_dummy_driver:/home/nl455/mocap_ws/install/mocap4r2_marker_viz_srvs:/home/nl455/mocap_ws/install/mocap4r2cli:/home/nl455/miniconda3/envs/ros_env CONDA_PROMPT_MODIFIER=(ros_env) DEBUGINFOD_URLS=https://debuginfod.ubuntu.com LD_LIBRARY_PATH=/home/nl455/mocap_ws/install/mocap4r2_control/lib:/home/nl455/mocap_ws/install/mocap4r2_msgs/lib:/home/nl455/mocap_ws/install/mocap4r2_control_msgs/lib:/home/nl455/mocap_ws/install/rqt_mocap4r2_control/lib:/home/nl455/mocap_ws/install/mocap4r2_robot_gt/lib:/home/nl455/mocap_ws/install/mocap4r2_robot_gt_msgs/lib:/home/nl455/mocap_ws/install/mocap4r2_optitrack_driver/lib:/home/nl455/mocap_ws/install/mocap4r2_marker_viz_srvs/lib:/home/nl455/miniconda3/envs/ros_env/opt/rviz_ogre_vendor/lib:/home/nl455/miniconda3/envs/ros_env/lib PYTHONPATH=/home/nl455/mocap_ws/install/mocap4r2_msgs/lib/python3.12/site-packages:/home/nl455/mocap_ws/install/mocap4r2_control_msgs/lib/python3.12/site-packages:/home/nl455/mocap_ws/install/mocap4r2cli/lib/python3.12/site-packages:/home/nl455/mocap_ws/install/mocap4r2_robot_gt_msgs/lib/python3.12/site-packages:/home/nl455/mocap_ws/install/mocap4r2_marker_viz_srvs/lib/python3.12/site-packages:/home/nl455/miniconda3/envs/ros_env/lib/python/site-packages:/home/nl455/miniconda3/envs/ros_env/lib/python3.12/site-packages /home/nl455/miniconda3/envs/ros_env/bin/cmake --build /home/nl455/mocap_ws/build/mocap4r2_dummy_driver -- -j32 -l32
[0.446s] Invoking command in '/home/nl455/mocap_ws/build/mocap4r2_dummy_driver': CMAKE_PREFIX_PATH=/home/nl455/mocap_ws/install/mocap4r2_control:/home/nl455/mocap_ws/install/mocap4r2_msgs:/home/nl455/mocap_ws/install/mocap4r2_control_msgs:/home/nl455/mocap_ws/install/rqt_mocap4r2_control:/home/nl455/mocap_ws/install/mocap4r2_robot_gt:/home/nl455/mocap_ws/install/mocap4r2_robot_gt_msgs:/home/nl455/mocap_ws/install/mocap4r2_optitrack_driver:/home/nl455/mocap_ws/install/mocap4r2_marker_viz:/home/nl455/mocap_ws/install/mocap4r2_marker_publisher:/home/nl455/mocap_ws/install/mocap4r2_dummy_driver:/home/nl455/mocap_ws/install/mocap4r2_marker_viz_srvs:/home/nl455/mocap_ws/install/mocap4r2cli:/home/nl455/miniconda3/envs/ros_env CONDA_PROMPT_MODIFIER=(ros_env) DEBUGINFOD_URLS=https://debuginfod.ubuntu.com LD_LIBRARY_PATH=/home/nl455/mocap_ws/install/mocap4r2_control/lib:/home/nl455/mocap_ws/install/mocap4r2_msgs/lib:/home/nl455/mocap_ws/install/mocap4r2_control_msgs/lib:/home/nl455/mocap_ws/install/rqt_mocap4r2_control/lib:/home/nl455/mocap_ws/install/mocap4r2_robot_gt/lib:/home/nl455/mocap_ws/install/mocap4r2_robot_gt_msgs/lib:/home/nl455/mocap_ws/install/mocap4r2_optitrack_driver/lib:/home/nl455/mocap_ws/install/mocap4r2_marker_viz_srvs/lib:/home/nl455/miniconda3/envs/ros_env/opt/rviz_ogre_vendor/lib:/home/nl455/miniconda3/envs/ros_env/lib PYTHONPATH=/home/nl455/mocap_ws/install/mocap4r2_msgs/lib/python3.12/site-packages:/home/nl455/mocap_ws/install/mocap4r2_control_msgs/lib/python3.12/site-packages:/home/nl455/mocap_ws/install/mocap4r2cli/lib/python3.12/site-packages:/home/nl455/mocap_ws/install/mocap4r2_robot_gt_msgs/lib/python3.12/site-packages:/home/nl455/mocap_ws/install/mocap4r2_marker_viz_srvs/lib/python3.12/site-packages:/home/nl455/miniconda3/envs/ros_env/lib/python/site-packages:/home/nl455/miniconda3/envs/ros_env/lib/python3.12/site-packages /home/nl455/miniconda3/envs/ros_env/bin/cmake --install /home/nl455/mocap_ws/build/mocap4r2_dummy_driver
[0.448s] -- Install configuration: ""
[0.448s] -- Execute custom install script
[0.448s] -- Up-to-date symlink: /home/nl455/mocap_ws/install/mocap4r2_dummy_driver/share/mocap4r2_dummy_driver/launch/dummy.launch.py
[0.448s] -- Up-to-date symlink: /home/nl455/mocap_ws/install/mocap4r2_dummy_driver/lib/libmocap4r2_dummy_driver.a
[0.448s] -- Up-to-date symlink: /home/nl455/mocap_ws/install/mocap4r2_dummy_driver/lib/mocap4r2_dummy_driver/mocap4r2_dummy_driver_main
[0.448s] -- Up-to-date symlink: /home/nl455/mocap_ws/install/mocap4r2_dummy_driver/share/ament_index/resource_index/package_run_dependencies/mocap4r2_dummy_driver
[0.448s] -- Up-to-date symlink: /home/nl455/mocap_ws/install/mocap4r2_dummy_driver/share/ament_index/resource_index/parent_prefix_path/mocap4r2_dummy_driver
[0.448s] -- Up-to-date symlink: /home/nl455/mocap_ws/install/mocap4r2_dummy_driver/share/mocap4r2_dummy_driver/environment/ament_prefix_path.sh
[0.448s] -- Up-to-date symlink: /home/nl455/mocap_ws/install/mocap4r2_dummy_driver/share/mocap4r2_dummy_driver/environment/ament_prefix_path.dsv
[0.449s] -- Up-to-date symlink: /home/nl455/mocap_ws/install/mocap4r2_dummy_driver/share/mocap4r2_dummy_driver/environment/path.sh
[0.449s] -- Up-to-date symlink: /home/nl455/mocap_ws/install/mocap4r2_dummy_driver/share/mocap4r2_dummy_driver/environment/path.dsv
[0.449s] -- Up-to-date symlink: /home/nl455/mocap_ws/install/mocap4r2_dummy_driver/share/mocap4r2_dummy_driver/local_setup.bash
[0.449s] -- Up-to-date symlink: /home/nl455/mocap_ws/install/mocap4r2_dummy_driver/share/mocap4r2_dummy_driver/local_setup.sh
[0.449s] -- Up-to-date symlink: /home/nl455/mocap_ws/install/mocap4r2_dummy_driver/share/mocap4r2_dummy_driver/local_setup.zsh
[0.449s] -- Up-to-date symlink: /home/nl455/mocap_ws/install/mocap4r2_dummy_driver/share/mocap4r2_dummy_driver/local_setup.dsv
[0.449s] -- Symlinking: /home/nl455/mocap_ws/install/mocap4r2_dummy_driver/share/mocap4r2_dummy_driver/package.dsv
[0.452s] -- Up-to-date symlink: /home/nl455/mocap_ws/install/mocap4r2_dummy_driver/share/ament_index/resource_index/packages/mocap4r2_dummy_driver
[0.452s] -- Up-to-date symlink: /home/nl455/mocap_ws/install/mocap4r2_dummy_driver/share/mocap4r2_dummy_driver/cmake/ament_cmake_export_dependencies-extras.cmake
[0.452s] -- Up-to-date symlink: /home/nl455/mocap_ws/install/mocap4r2_dummy_driver/share/mocap4r2_dummy_driver/cmake/mocap4r2_dummy_driverConfig.cmake
[0.452s] -- Up-to-date symlink: /home/nl455/mocap_ws/install/mocap4r2_dummy_driver/share/mocap4r2_dummy_driver/cmake/mocap4r2_dummy_driverConfig-version.cmake
[0.452s] -- Up-to-date symlink: /home/nl455/mocap_ws/install/mocap4r2_dummy_driver/share/mocap4r2_dummy_driver/package.xml
[0.456s] Invoked command in '/home/nl455/mocap_ws/build/mocap4r2_dummy_driver' returned '0': CMAKE_PREFIX_PATH=/home/nl455/mocap_ws/install/mocap4r2_control:/home/nl455/mocap_ws/install/mocap4r2_msgs:/home/nl455/mocap_ws/install/mocap4r2_control_msgs:/home/nl455/mocap_ws/install/rqt_mocap4r2_control:/home/nl455/mocap_ws/install/mocap4r2_robot_gt:/home/nl455/mocap_ws/install/mocap4r2_robot_gt_msgs:/home/nl455/mocap_ws/install/mocap4r2_optitrack_driver:/home/nl455/mocap_ws/install/mocap4r2_marker_viz:/home/nl455/mocap_ws/install/mocap4r2_marker_publisher:/home/nl455/mocap_ws/install/mocap4r2_dummy_driver:/home/nl455/mocap_ws/install/mocap4r2_marker_viz_srvs:/home/nl455/mocap_ws/install/mocap4r2cli:/home/nl455/miniconda3/envs/ros_env CONDA_PROMPT_MODIFIER=(ros_env) DEBUGINFOD_URLS=https://debuginfod.ubuntu.com LD_LIBRARY_PATH=/home/nl455/mocap_ws/install/mocap4r2_control/lib:/home/nl455/mocap_ws/install/mocap4r2_msgs/lib:/home/nl455/mocap_ws/install/mocap4r2_control_msgs/lib:/home/nl455/mocap_ws/install/rqt_mocap4r2_control/lib:/home/nl455/mocap_ws/install/mocap4r2_robot_gt/lib:/home/nl455/mocap_ws/install/mocap4r2_robot_gt_msgs/lib:/home/nl455/mocap_ws/install/mocap4r2_optitrack_driver/lib:/home/nl455/mocap_ws/install/mocap4r2_marker_viz_srvs/lib:/home/nl455/miniconda3/envs/ros_env/opt/rviz_ogre_vendor/lib:/home/nl455/miniconda3/envs/ros_env/lib PYTHONPATH=/home/nl455/mocap_ws/install/mocap4r2_msgs/lib/python3.12/site-packages:/home/nl455/mocap_ws/install/mocap4r2_control_msgs/lib/python3.12/site-packages:/home/nl455/mocap_ws/install/mocap4r2cli/lib/python3.12/site-packages:/home/nl455/mocap_ws/install/mocap4r2_robot_gt_msgs/lib/python3.12/site-packages:/home/nl455/mocap_ws/install/mocap4r2_marker_viz_srvs/lib/python3.12/site-packages:/home/nl455/miniconda3/envs/ros_env/lib/python/site-packages:/home/nl455/miniconda3/envs/ros_env/lib/python3.12/site-packages /home/nl455/miniconda3/envs/ros_env/bin/cmake --install /home/nl455/mocap_ws/build/mocap4r2_dummy_driver
