[0.007s] Invoking command in '/home/nl455/mocap_ws/build/mocap4r2_marker_viz': CMAKE_PREFIX_PATH=/home/nl455/mocap_ws/install/mocap4r2_msgs:/home/nl455/mocap_ws/install/mocap4r2_marker_viz_srvs:/home/nl455/mocap_ws/install/rqt_mocap4r2_control:/home/nl455/mocap_ws/install/mocap4r2_robot_gt:/home/nl455/mocap_ws/install/mocap4r2_robot_gt_msgs:/home/nl455/mocap_ws/install/mocap4r2_optitrack_driver:/home/nl455/mocap_ws/install/mocap4r2_marker_viz:/home/nl455/mocap_ws/install/mocap4r2_marker_publisher:/home/nl455/mocap_ws/install/mocap4r2_dummy_driver:/home/nl455/mocap_ws/install/mocap4r2_control:/home/nl455/mocap_ws/install/mocap4r2_control_msgs:/home/nl455/mocap_ws/install/mocap4r2cli:/home/nl455/miniconda3/envs/ros_env CONDA_PROMPT_MODIFIER=(ros_env) DEBUGINFOD_URLS=https://debuginfod.ubuntu.com LD_LIBRARY_PATH=/home/nl455/mocap_ws/install/mocap4r2_msgs/lib:/home/nl455/mocap_ws/install/mocap4r2_marker_viz_srvs/lib:/home/nl455/mocap_ws/install/rqt_mocap4r2_control/lib:/home/nl455/mocap_ws/install/mocap4r2_robot_gt/lib:/home/nl455/mocap_ws/install/mocap4r2_robot_gt_msgs/lib:/home/nl455/mocap_ws/install/mocap4r2_optitrack_driver/lib:/home/nl455/mocap_ws/install/mocap4r2_control/lib:/home/nl455/mocap_ws/install/mocap4r2_control_msgs/lib:/home/nl455/miniconda3/envs/ros_env/opt/rviz_ogre_vendor/lib:/home/nl455/miniconda3/envs/ros_env/lib PYTHONPATH=/home/nl455/mocap_ws/install/mocap4r2_msgs/lib/python3.12/site-packages:/home/nl455/mocap_ws/install/mocap4r2_marker_viz_srvs/lib/python3.12/site-packages:/home/nl455/mocap_ws/install/mocap4r2cli/lib/python3.12/site-packages:/home/nl455/mocap_ws/install/mocap4r2_robot_gt_msgs/lib/python3.12/site-packages:/home/nl455/mocap_ws/install/mocap4r2_control_msgs/lib/python3.12/site-packages:/home/nl455/miniconda3/envs/ros_env/lib/python/site-packages:/home/nl455/miniconda3/envs/ros_env/lib/python3.12/site-packages /home/nl455/miniconda3/envs/ros_env/bin/cmake /home/nl455/mocap_ws/src/mocap4r2/mocap4r2_marker_viz/mocap4r2_marker_viz -DAMENT_CMAKE_SYMLINK_INSTALL=1 -DCMAKE_INSTALL_PREFIX=/home/nl455/mocap_ws/install/mocap4r2_marker_viz
[0.013s] [0mCMake Deprecation Warning at CMakeLists.txt:1 (cmake_minimum_required):
[0.013s]   Compatibility with CMake < 3.10 will be removed from a future version of
[0.013s]   CMake.
[0.013s] 
[0.013s]   Update the VERSION argument <min> value.  Or, use the <min>...<max> syntax
[0.013s]   to tell CMake that the project requires at least <min> but has been updated
[0.013s]   to work with policies introduced by <max> or earlier.
[0.013s] 
[0.013s] [0m
[0.016s] -- Found ament_cmake: 2.7.3 (/home/nl455/miniconda3/envs/ros_env/share/ament_cmake/cmake)
[0.114s] -- Override CMake install command with custom implementation using symlinks instead of copying resources
[0.117s] -- Found rclcpp: 29.5.3 (/home/nl455/miniconda3/envs/ros_env/share/rclcpp/cmake)
[0.132s] -- Found rosidl_generator_c: 4.9.5 (/home/nl455/miniconda3/envs/ros_env/share/rosidl_generator_c/cmake)
[0.135s] -- Found rosidl_generator_cpp: 4.9.5 (/home/nl455/miniconda3/envs/ros_env/share/rosidl_generator_cpp/cmake)
[0.141s] -- Using all available rosidl_typesupport_c: rosidl_typesupport_fastrtps_c;rosidl_typesupport_introspection_c
[0.148s] -- Using all available rosidl_typesupport_cpp: rosidl_typesupport_fastrtps_cpp;rosidl_typesupport_introspection_cpp
[0.183s] -- Found rmw_implementation_cmake: 7.8.2 (/home/nl455/miniconda3/envs/ros_env/share/rmw_implementation_cmake/cmake)
[0.183s] -- Found rmw_fastrtps_cpp: 9.3.3 (/home/nl455/miniconda3/envs/ros_env/share/rmw_fastrtps_cpp/cmake)
[0.217s] -- Using RMW implementation 'rmw_fastrtps_cpp' as default
[0.253s] -- Found mocap4r2_marker_viz_srvs: 0.0.7 (/home/nl455/mocap_ws/install/mocap4r2_marker_viz_srvs/share/mocap4r2_marker_viz_srvs/cmake)
[0.273s] -- Found mocap4r2_msgs: 0.2.0 (/home/nl455/mocap_ws/install/mocap4r2_msgs/share/mocap4r2_msgs/cmake)
[0.295s] -- Found visualization_msgs: 5.5.0 (/home/nl455/miniconda3/envs/ros_env/share/visualization_msgs/cmake)
[0.331s] [0mCMake Deprecation Warning at /home/nl455/miniconda3/envs/ros_env/share/ament_cmake_target_dependencies/cmake/ament_target_dependencies.cmake:87 (message):
[0.331s]   ament_target_dependencies() is deprecated.  Use target_link_libraries()
[0.331s]   with modern CMake targets instead.  Try replacing this call with:
[0.331s] 
[0.331s]     target_link_libraries(mocap4r2_marker_viz_NODE PUBLIC
[0.331s]       ${geometry_msgs_TARGETS}
[0.331s]       ${mocap4r2_marker_viz_srvs_TARGETS}
[0.331s]       ${mocap4r2_msgs_TARGETS}
[0.331s]       ${visualization_msgs_TARGETS}
[0.331s]       rclcpp::rclcpp
[0.331s]     )
[0.331s] 
[0.331s] Call Stack (most recent call first):
[0.331s]   CMakeLists.txt:37 (ament_target_dependencies)
[0.331s] 
[0.331s] [0m
[0.332s] -- Found ament_lint_auto: 0.19.2 (/home/nl455/miniconda3/envs/ros_env/share/ament_lint_auto/cmake)
[0.382s] -- Added test 'cppcheck' to perform static code analysis on C / C++ code
[0.382s] -- Configured cppcheck include dirs: $<BUILD_INTERFACE:/home/nl455/mocap_ws/src/mocap4r2/mocap4r2_marker_viz/mocap4r2_marker_viz/include>
[0.382s] -- Configured cppcheck exclude dirs and/or files: 
[0.383s] -- Added test 'cpplint' to check C / C++ code against the Google style
[0.383s] -- Configured cpplint exclude dirs and/or files: 
[0.383s] -- Added test 'flake8' to check Python code syntax and style conventions
[0.383s] -- Configured 'flake8' exclude dirs and/or files: 
[0.383s] -- Added test 'lint_cmake' to check CMake code style
[0.383s] -- Added test 'pep257' to check Python code against some of the docstring style conventions in PEP 257
[0.384s] -- Added test 'uncrustify' to check C / C++ code style
[0.384s] -- Configured uncrustify additional arguments: 
[0.384s] -- Added test 'xmllint' to check XML markup files
[0.384s] -- Configuring done (0.4s)
[0.396s] -- Generating done (0.0s)
[0.408s] -- Build files have been written to: /home/nl455/mocap_ws/build/mocap4r2_marker_viz
[0.415s] Invoked command in '/home/nl455/mocap_ws/build/mocap4r2_marker_viz' returned '0': CMAKE_PREFIX_PATH=/home/nl455/mocap_ws/install/mocap4r2_msgs:/home/nl455/mocap_ws/install/mocap4r2_marker_viz_srvs:/home/nl455/mocap_ws/install/rqt_mocap4r2_control:/home/nl455/mocap_ws/install/mocap4r2_robot_gt:/home/nl455/mocap_ws/install/mocap4r2_robot_gt_msgs:/home/nl455/mocap_ws/install/mocap4r2_optitrack_driver:/home/nl455/mocap_ws/install/mocap4r2_marker_viz:/home/nl455/mocap_ws/install/mocap4r2_marker_publisher:/home/nl455/mocap_ws/install/mocap4r2_dummy_driver:/home/nl455/mocap_ws/install/mocap4r2_control:/home/nl455/mocap_ws/install/mocap4r2_control_msgs:/home/nl455/mocap_ws/install/mocap4r2cli:/home/nl455/miniconda3/envs/ros_env CONDA_PROMPT_MODIFIER=(ros_env) DEBUGINFOD_URLS=https://debuginfod.ubuntu.com LD_LIBRARY_PATH=/home/nl455/mocap_ws/install/mocap4r2_msgs/lib:/home/nl455/mocap_ws/install/mocap4r2_marker_viz_srvs/lib:/home/nl455/mocap_ws/install/rqt_mocap4r2_control/lib:/home/nl455/mocap_ws/install/mocap4r2_robot_gt/lib:/home/nl455/mocap_ws/install/mocap4r2_robot_gt_msgs/lib:/home/nl455/mocap_ws/install/mocap4r2_optitrack_driver/lib:/home/nl455/mocap_ws/install/mocap4r2_control/lib:/home/nl455/mocap_ws/install/mocap4r2_control_msgs/lib:/home/nl455/miniconda3/envs/ros_env/opt/rviz_ogre_vendor/lib:/home/nl455/miniconda3/envs/ros_env/lib PYTHONPATH=/home/nl455/mocap_ws/install/mocap4r2_msgs/lib/python3.12/site-packages:/home/nl455/mocap_ws/install/mocap4r2_marker_viz_srvs/lib/python3.12/site-packages:/home/nl455/mocap_ws/install/mocap4r2cli/lib/python3.12/site-packages:/home/nl455/mocap_ws/install/mocap4r2_robot_gt_msgs/lib/python3.12/site-packages:/home/nl455/mocap_ws/install/mocap4r2_control_msgs/lib/python3.12/site-packages:/home/nl455/miniconda3/envs/ros_env/lib/python/site-packages:/home/nl455/miniconda3/envs/ros_env/lib/python3.12/site-packages /home/nl455/miniconda3/envs/ros_env/bin/cmake /home/nl455/mocap_ws/src/mocap4r2/mocap4r2_marker_viz/mocap4r2_marker_viz -DAMENT_CMAKE_SYMLINK_INSTALL=1 -DCMAKE_INSTALL_PREFIX=/home/nl455/mocap_ws/install/mocap4r2_marker_viz
[0.416s] Invoking command in '/home/nl455/mocap_ws/build/mocap4r2_marker_viz': CMAKE_PREFIX_PATH=/home/nl455/mocap_ws/install/mocap4r2_msgs:/home/nl455/mocap_ws/install/mocap4r2_marker_viz_srvs:/home/nl455/mocap_ws/install/rqt_mocap4r2_control:/home/nl455/mocap_ws/install/mocap4r2_robot_gt:/home/nl455/mocap_ws/install/mocap4r2_robot_gt_msgs:/home/nl455/mocap_ws/install/mocap4r2_optitrack_driver:/home/nl455/mocap_ws/install/mocap4r2_marker_viz:/home/nl455/mocap_ws/install/mocap4r2_marker_publisher:/home/nl455/mocap_ws/install/mocap4r2_dummy_driver:/home/nl455/mocap_ws/install/mocap4r2_control:/home/nl455/mocap_ws/install/mocap4r2_control_msgs:/home/nl455/mocap_ws/install/mocap4r2cli:/home/nl455/miniconda3/envs/ros_env CONDA_PROMPT_MODIFIER=(ros_env) DEBUGINFOD_URLS=https://debuginfod.ubuntu.com LD_LIBRARY_PATH=/home/nl455/mocap_ws/install/mocap4r2_msgs/lib:/home/nl455/mocap_ws/install/mocap4r2_marker_viz_srvs/lib:/home/nl455/mocap_ws/install/rqt_mocap4r2_control/lib:/home/nl455/mocap_ws/install/mocap4r2_robot_gt/lib:/home/nl455/mocap_ws/install/mocap4r2_robot_gt_msgs/lib:/home/nl455/mocap_ws/install/mocap4r2_optitrack_driver/lib:/home/nl455/mocap_ws/install/mocap4r2_control/lib:/home/nl455/mocap_ws/install/mocap4r2_control_msgs/lib:/home/nl455/miniconda3/envs/ros_env/opt/rviz_ogre_vendor/lib:/home/nl455/miniconda3/envs/ros_env/lib PYTHONPATH=/home/nl455/mocap_ws/install/mocap4r2_msgs/lib/python3.12/site-packages:/home/nl455/mocap_ws/install/mocap4r2_marker_viz_srvs/lib/python3.12/site-packages:/home/nl455/mocap_ws/install/mocap4r2cli/lib/python3.12/site-packages:/home/nl455/mocap_ws/install/mocap4r2_robot_gt_msgs/lib/python3.12/site-packages:/home/nl455/mocap_ws/install/mocap4r2_control_msgs/lib/python3.12/site-packages:/home/nl455/miniconda3/envs/ros_env/lib/python/site-packages:/home/nl455/miniconda3/envs/ros_env/lib/python3.12/site-packages /home/nl455/miniconda3/envs/ros_env/bin/cmake --build /home/nl455/mocap_ws/build/mocap4r2_marker_viz -- -j32 -l32
[0.439s] [ 50%] Built target mocap4r2_marker_viz_NODE
[0.450s] [100%] Built target mocap4r2_marker_viz
[0.454s] Invoked command in '/home/nl455/mocap_ws/build/mocap4r2_marker_viz' returned '0': CMAKE_PREFIX_PATH=/home/nl455/mocap_ws/install/mocap4r2_msgs:/home/nl455/mocap_ws/install/mocap4r2_marker_viz_srvs:/home/nl455/mocap_ws/install/rqt_mocap4r2_control:/home/nl455/mocap_ws/install/mocap4r2_robot_gt:/home/nl455/mocap_ws/install/mocap4r2_robot_gt_msgs:/home/nl455/mocap_ws/install/mocap4r2_optitrack_driver:/home/nl455/mocap_ws/install/mocap4r2_marker_viz:/home/nl455/mocap_ws/install/mocap4r2_marker_publisher:/home/nl455/mocap_ws/install/mocap4r2_dummy_driver:/home/nl455/mocap_ws/install/mocap4r2_control:/home/nl455/mocap_ws/install/mocap4r2_control_msgs:/home/nl455/mocap_ws/install/mocap4r2cli:/home/nl455/miniconda3/envs/ros_env CONDA_PROMPT_MODIFIER=(ros_env) DEBUGINFOD_URLS=https://debuginfod.ubuntu.com LD_LIBRARY_PATH=/home/nl455/mocap_ws/install/mocap4r2_msgs/lib:/home/nl455/mocap_ws/install/mocap4r2_marker_viz_srvs/lib:/home/nl455/mocap_ws/install/rqt_mocap4r2_control/lib:/home/nl455/mocap_ws/install/mocap4r2_robot_gt/lib:/home/nl455/mocap_ws/install/mocap4r2_robot_gt_msgs/lib:/home/nl455/mocap_ws/install/mocap4r2_optitrack_driver/lib:/home/nl455/mocap_ws/install/mocap4r2_control/lib:/home/nl455/mocap_ws/install/mocap4r2_control_msgs/lib:/home/nl455/miniconda3/envs/ros_env/opt/rviz_ogre_vendor/lib:/home/nl455/miniconda3/envs/ros_env/lib PYTHONPATH=/home/nl455/mocap_ws/install/mocap4r2_msgs/lib/python3.12/site-packages:/home/nl455/mocap_ws/install/mocap4r2_marker_viz_srvs/lib/python3.12/site-packages:/home/nl455/mocap_ws/install/mocap4r2cli/lib/python3.12/site-packages:/home/nl455/mocap_ws/install/mocap4r2_robot_gt_msgs/lib/python3.12/site-packages:/home/nl455/mocap_ws/install/mocap4r2_control_msgs/lib/python3.12/site-packages:/home/nl455/miniconda3/envs/ros_env/lib/python/site-packages:/home/nl455/miniconda3/envs/ros_env/lib/python3.12/site-packages /home/nl455/miniconda3/envs/ros_env/bin/cmake --build /home/nl455/mocap_ws/build/mocap4r2_marker_viz -- -j32 -l32
[0.455s] Invoking command in '/home/nl455/mocap_ws/build/mocap4r2_marker_viz': CMAKE_PREFIX_PATH=/home/nl455/mocap_ws/install/mocap4r2_msgs:/home/nl455/mocap_ws/install/mocap4r2_marker_viz_srvs:/home/nl455/mocap_ws/install/rqt_mocap4r2_control:/home/nl455/mocap_ws/install/mocap4r2_robot_gt:/home/nl455/mocap_ws/install/mocap4r2_robot_gt_msgs:/home/nl455/mocap_ws/install/mocap4r2_optitrack_driver:/home/nl455/mocap_ws/install/mocap4r2_marker_viz:/home/nl455/mocap_ws/install/mocap4r2_marker_publisher:/home/nl455/mocap_ws/install/mocap4r2_dummy_driver:/home/nl455/mocap_ws/install/mocap4r2_control:/home/nl455/mocap_ws/install/mocap4r2_control_msgs:/home/nl455/mocap_ws/install/mocap4r2cli:/home/nl455/miniconda3/envs/ros_env CONDA_PROMPT_MODIFIER=(ros_env) DEBUGINFOD_URLS=https://debuginfod.ubuntu.com LD_LIBRARY_PATH=/home/nl455/mocap_ws/install/mocap4r2_msgs/lib:/home/nl455/mocap_ws/install/mocap4r2_marker_viz_srvs/lib:/home/nl455/mocap_ws/install/rqt_mocap4r2_control/lib:/home/nl455/mocap_ws/install/mocap4r2_robot_gt/lib:/home/nl455/mocap_ws/install/mocap4r2_robot_gt_msgs/lib:/home/nl455/mocap_ws/install/mocap4r2_optitrack_driver/lib:/home/nl455/mocap_ws/install/mocap4r2_control/lib:/home/nl455/mocap_ws/install/mocap4r2_control_msgs/lib:/home/nl455/miniconda3/envs/ros_env/opt/rviz_ogre_vendor/lib:/home/nl455/miniconda3/envs/ros_env/lib PYTHONPATH=/home/nl455/mocap_ws/install/mocap4r2_msgs/lib/python3.12/site-packages:/home/nl455/mocap_ws/install/mocap4r2_marker_viz_srvs/lib/python3.12/site-packages:/home/nl455/mocap_ws/install/mocap4r2cli/lib/python3.12/site-packages:/home/nl455/mocap_ws/install/mocap4r2_robot_gt_msgs/lib/python3.12/site-packages:/home/nl455/mocap_ws/install/mocap4r2_control_msgs/lib/python3.12/site-packages:/home/nl455/miniconda3/envs/ros_env/lib/python/site-packages:/home/nl455/miniconda3/envs/ros_env/lib/python3.12/site-packages /home/nl455/miniconda3/envs/ros_env/bin/cmake --install /home/nl455/mocap_ws/build/mocap4r2_marker_viz
[0.458s] -- Install configuration: ""
[0.458s] -- Execute custom install script
[0.458s] -- Up-to-date symlink: /home/nl455/mocap_ws/install/mocap4r2_marker_viz/lib/libmocap4r2_marker_viz_NODE.a
[0.458s] -- Up-to-date symlink: /home/nl455/mocap_ws/install/mocap4r2_marker_viz/lib/mocap4r2_marker_viz/mocap4r2_marker_viz
[0.458s] -- Up-to-date symlink: /home/nl455/mocap_ws/install/mocap4r2_marker_viz/share/mocap4r2_marker_viz/launch/mocap4r2_marker_viz.launch.py
[0.458s] -- Up-to-date symlink: /home/nl455/mocap_ws/install/mocap4r2_marker_viz/share/mocap4r2_marker_viz/rviz/config.rviz
[0.458s] -- Up-to-date symlink: /home/nl455/mocap_ws/install/mocap4r2_marker_viz/share/ament_index/resource_index/package_run_dependencies/mocap4r2_marker_viz
[0.459s] -- Up-to-date symlink: /home/nl455/mocap_ws/install/mocap4r2_marker_viz/share/ament_index/resource_index/parent_prefix_path/mocap4r2_marker_viz
[0.459s] -- Up-to-date symlink: /home/nl455/mocap_ws/install/mocap4r2_marker_viz/share/mocap4r2_marker_viz/environment/ament_prefix_path.sh
[0.459s] -- Up-to-date symlink: /home/nl455/mocap_ws/install/mocap4r2_marker_viz/share/mocap4r2_marker_viz/environment/ament_prefix_path.dsv
[0.459s] -- Up-to-date symlink: /home/nl455/mocap_ws/install/mocap4r2_marker_viz/share/mocap4r2_marker_viz/environment/path.sh
[0.459s] -- Up-to-date symlink: /home/nl455/mocap_ws/install/mocap4r2_marker_viz/share/mocap4r2_marker_viz/environment/path.dsv
[0.459s] -- Up-to-date symlink: /home/nl455/mocap_ws/install/mocap4r2_marker_viz/share/mocap4r2_marker_viz/local_setup.bash
[0.459s] -- Up-to-date symlink: /home/nl455/mocap_ws/install/mocap4r2_marker_viz/share/mocap4r2_marker_viz/local_setup.sh
[0.459s] -- Up-to-date symlink: /home/nl455/mocap_ws/install/mocap4r2_marker_viz/share/mocap4r2_marker_viz/local_setup.zsh
[0.459s] -- Up-to-date symlink: /home/nl455/mocap_ws/install/mocap4r2_marker_viz/share/mocap4r2_marker_viz/local_setup.dsv
[0.459s] -- Symlinking: /home/nl455/mocap_ws/install/mocap4r2_marker_viz/share/mocap4r2_marker_viz/package.dsv
[0.462s] -- Up-to-date symlink: /home/nl455/mocap_ws/install/mocap4r2_marker_viz/share/ament_index/resource_index/packages/mocap4r2_marker_viz
[0.462s] -- Up-to-date symlink: /home/nl455/mocap_ws/install/mocap4r2_marker_viz/share/mocap4r2_marker_viz/cmake/mocap4r2_marker_vizConfig.cmake
[0.462s] -- Up-to-date symlink: /home/nl455/mocap_ws/install/mocap4r2_marker_viz/share/mocap4r2_marker_viz/cmake/mocap4r2_marker_vizConfig-version.cmake
[0.462s] -- Up-to-date symlink: /home/nl455/mocap_ws/install/mocap4r2_marker_viz/share/mocap4r2_marker_viz/package.xml
[0.463s] Invoked command in '/home/nl455/mocap_ws/build/mocap4r2_marker_viz' returned '0': CMAKE_PREFIX_PATH=/home/nl455/mocap_ws/install/mocap4r2_msgs:/home/nl455/mocap_ws/install/mocap4r2_marker_viz_srvs:/home/nl455/mocap_ws/install/rqt_mocap4r2_control:/home/nl455/mocap_ws/install/mocap4r2_robot_gt:/home/nl455/mocap_ws/install/mocap4r2_robot_gt_msgs:/home/nl455/mocap_ws/install/mocap4r2_optitrack_driver:/home/nl455/mocap_ws/install/mocap4r2_marker_viz:/home/nl455/mocap_ws/install/mocap4r2_marker_publisher:/home/nl455/mocap_ws/install/mocap4r2_dummy_driver:/home/nl455/mocap_ws/install/mocap4r2_control:/home/nl455/mocap_ws/install/mocap4r2_control_msgs:/home/nl455/mocap_ws/install/mocap4r2cli:/home/nl455/miniconda3/envs/ros_env CONDA_PROMPT_MODIFIER=(ros_env) DEBUGINFOD_URLS=https://debuginfod.ubuntu.com LD_LIBRARY_PATH=/home/nl455/mocap_ws/install/mocap4r2_msgs/lib:/home/nl455/mocap_ws/install/mocap4r2_marker_viz_srvs/lib:/home/nl455/mocap_ws/install/rqt_mocap4r2_control/lib:/home/nl455/mocap_ws/install/mocap4r2_robot_gt/lib:/home/nl455/mocap_ws/install/mocap4r2_robot_gt_msgs/lib:/home/nl455/mocap_ws/install/mocap4r2_optitrack_driver/lib:/home/nl455/mocap_ws/install/mocap4r2_control/lib:/home/nl455/mocap_ws/install/mocap4r2_control_msgs/lib:/home/nl455/miniconda3/envs/ros_env/opt/rviz_ogre_vendor/lib:/home/nl455/miniconda3/envs/ros_env/lib PYTHONPATH=/home/nl455/mocap_ws/install/mocap4r2_msgs/lib/python3.12/site-packages:/home/nl455/mocap_ws/install/mocap4r2_marker_viz_srvs/lib/python3.12/site-packages:/home/nl455/mocap_ws/install/mocap4r2cli/lib/python3.12/site-packages:/home/nl455/mocap_ws/install/mocap4r2_robot_gt_msgs/lib/python3.12/site-packages:/home/nl455/mocap_ws/install/mocap4r2_control_msgs/lib/python3.12/site-packages:/home/nl455/miniconda3/envs/ros_env/lib/python/site-packages:/home/nl455/miniconda3/envs/ros_env/lib/python3.12/site-packages /home/nl455/miniconda3/envs/ros_env/bin/cmake --install /home/nl455/mocap_ws/build/mocap4r2_marker_viz
