[0.331s] Invoking command in '/home/nl455/mocap_ws/build/mocap4r2cli': AMENT_PREFIX_PATH=/home/nl455/mocap_ws/install/mocap4r2_control_msgs:${AMENT_PREFIX_PATH} CMAKE_PREFIX_PATH=/home/nl455/mocap_ws/install/mocap4r2_control_msgs CONDA_PROMPT_MODIFIER=(ros_env) DEBUGINFOD_URLS=https://debuginfod.ubuntu.com LD_LIBRARY_PATH=/home/nl455/mocap_ws/install/mocap4r2_control_msgs/lib:${LD_LIBRARY_PATH} PYTHONPATH=/home/nl455/mocap_ws/build/mocap4r2cli/prefix_override:/home/nl455/miniconda3/envs/ros_env/lib/python3.12/site-packages/colcon_core/task/python/colcon_distutils_commands:/home/nl455/mocap_ws/install/mocap4r2cli/lib/python3.12/site-packages:/home/nl455/mocap_ws/install/mocap4r2_control_msgs/lib/python3.12/site-packages:${PYTHONPATH} /home/nl455/miniconda3/envs/ros_env/bin/python3 -W ignore:setup.py install is deprecated -W ignore:easy_install command is deprecated setup.py develop --editable --build-directory /home/nl455/mocap_ws/build/mocap4r2cli/build --no-deps symlink_data
[0.405s] /home/nl455/miniconda3/envs/ros_env/lib/python3.12/site-packages/setuptools/_distutils/dist.py:289: UserWarning: Unknown distribution option: 'tests_require'
[0.405s]   warnings.warn(msg)
[0.417s] /home/nl455/miniconda3/envs/ros_env/lib/python3.12/site-packages/setuptools/dist.py:759: SetuptoolsDeprecationWarning: License classifiers are deprecated.
[0.417s] !!
[0.417s] 
[0.417s]         ********************************************************************************
[0.417s]         Please consider removing the following classifiers in favor of a SPDX license expression:
[0.417s] 
[0.417s]         License :: OSI Approved :: Apache Software License
[0.417s] 
[0.417s]         See https://packaging.python.org/en/latest/guides/writing-pyproject-toml/#license for details.
[0.417s]         ********************************************************************************
[0.417s] 
[0.417s] !!
[0.417s]   self._finalize_license_expression()
[0.453s] running develop
[0.517s] running egg_info
[0.522s] writing mocap4r2cli.egg-info/PKG-INFO
[0.523s] writing dependency_links to mocap4r2cli.egg-info/dependency_links.txt
[0.523s] writing entry points to mocap4r2cli.egg-info/entry_points.txt
[0.523s] writing requirements to mocap4r2cli.egg-info/requires.txt
[0.523s] writing top-level names to mocap4r2cli.egg-info/top_level.txt
[0.535s] reading manifest file 'mocap4r2cli.egg-info/SOURCES.txt'
[0.535s] writing manifest file 'mocap4r2cli.egg-info/SOURCES.txt'
[0.543s] running build_ext
[0.543s] Creating /home/nl455/mocap_ws/install/mocap4r2cli/lib/python3.12/site-packages/mocap4r2cli.egg-link (link to .)
[0.543s] 
[0.543s] Installed /home/nl455/mocap_ws/build/mocap4r2cli
[0.543s] running symlink_data
[0.563s] Invoked command in '/home/nl455/mocap_ws/build/mocap4r2cli' returned '0': AMENT_PREFIX_PATH=/home/nl455/mocap_ws/install/mocap4r2_control_msgs:${AMENT_PREFIX_PATH} CMAKE_PREFIX_PATH=/home/nl455/mocap_ws/install/mocap4r2_control_msgs CONDA_PROMPT_MODIFIER=(ros_env) DEBUGINFOD_URLS=https://debuginfod.ubuntu.com LD_LIBRARY_PATH=/home/nl455/mocap_ws/install/mocap4r2_control_msgs/lib:${LD_LIBRARY_PATH} PYTHONPATH=/home/nl455/mocap_ws/build/mocap4r2cli/prefix_override:/home/nl455/miniconda3/envs/ros_env/lib/python3.12/site-packages/colcon_core/task/python/colcon_distutils_commands:/home/nl455/mocap_ws/install/mocap4r2cli/lib/python3.12/site-packages:/home/nl455/mocap_ws/install/mocap4r2_control_msgs/lib/python3.12/site-packages:${PYTHONPATH} /home/nl455/miniconda3/envs/ros_env/bin/python3 -W ignore:setup.py install is deprecated -W ignore:easy_install command is deprecated setup.py develop --editable --build-directory /home/nl455/mocap_ws/build/mocap4r2cli/build --no-deps symlink_data
