[0.007s] Invoking command in '/home/nl455/mocap_ws/build/mocap4r2_robot_gt_msgs': CMAKE_PREFIX_PATH=/home/nl455/miniconda3/envs/ros_env CONDA_PROMPT_MODIFIER=(ros_env) DEBUGINFOD_URLS=https://debuginfod.ubuntu.com /home/nl455/miniconda3/envs/ros_env/bin/cmake --build /home/nl455/mocap_ws/build/mocap4r2_robot_gt_msgs -- -j32 -l32
[0.024s] [  2%] Built target mocap4r2_robot_gt_msgs__rosidl_generator_type_description
[0.027s] [  2%] Built target ament_cmake_python_symlink_mocap4r2_robot_gt_msgs
[0.032s] [  5%] Built target mocap4r2_robot_gt_msgs__cpp
[0.034s] [ 20%] Built target mocap4r2_robot_gt_msgs__rosidl_generator_c
[0.046s] [ 29%] Built target mocap4r2_robot_gt_msgs__rosidl_typesupport_cpp
[0.046s] [ 38%] Built target mocap4r2_robot_gt_msgs__rosidl_typesupport_introspection_c
[0.046s] [ 47%] Built target mocap4r2_robot_gt_msgs__rosidl_typesupport_introspection_cpp
[0.047s] [ 55%] Built target mocap4r2_robot_gt_msgs__rosidl_typesupport_c
[0.047s] [ 64%] Built target mocap4r2_robot_gt_msgs__rosidl_typesupport_fastrtps_c
[0.048s] [ 73%] Built target mocap4r2_robot_gt_msgs__rosidl_typesupport_fastrtps_cpp
[0.055s] [ 73%] Built target mocap4r2_robot_gt_msgs
[0.063s] [ 76%] Built target mocap4r2_robot_gt_msgs__py
[0.072s] [ 82%] Built target mocap4r2_robot_gt_msgs__rosidl_generator_py
[0.082s] [ 88%] Built target mocap4r2_robot_gt_msgs_s__rosidl_typesupport_introspection_c
[0.082s] [ 94%] Built target mocap4r2_robot_gt_msgs_s__rosidl_typesupport_fastrtps_c
[0.082s] [100%] Built target mocap4r2_robot_gt_msgs_s__rosidl_typesupport_c
[0.134s] running egg_info
[0.140s] writing mocap4r2_robot_gt_msgs.egg-info/PKG-INFO
[0.140s] writing dependency_links to mocap4r2_robot_gt_msgs.egg-info/dependency_links.txt
[0.140s] writing top-level names to mocap4r2_robot_gt_msgs.egg-info/top_level.txt
[0.160s] reading manifest file 'mocap4r2_robot_gt_msgs.egg-info/SOURCES.txt'
[0.161s] writing manifest file 'mocap4r2_robot_gt_msgs.egg-info/SOURCES.txt'
[0.180s] [100%] Built target ament_cmake_python_build_mocap4r2_robot_gt_msgs_egg
[0.189s] Invoked command in '/home/nl455/mocap_ws/build/mocap4r2_robot_gt_msgs' returned '0': CMAKE_PREFIX_PATH=/home/nl455/miniconda3/envs/ros_env CONDA_PROMPT_MODIFIER=(ros_env) DEBUGINFOD_URLS=https://debuginfod.ubuntu.com /home/nl455/miniconda3/envs/ros_env/bin/cmake --build /home/nl455/mocap_ws/build/mocap4r2_robot_gt_msgs -- -j32 -l32
[0.191s] Invoking command in '/home/nl455/mocap_ws/build/mocap4r2_robot_gt_msgs': CMAKE_PREFIX_PATH=/home/nl455/miniconda3/envs/ros_env CONDA_PROMPT_MODIFIER=(ros_env) DEBUGINFOD_URLS=https://debuginfod.ubuntu.com /home/nl455/miniconda3/envs/ros_env/bin/cmake --install /home/nl455/mocap_ws/build/mocap4r2_robot_gt_msgs
[0.193s] -- Install configuration: ""
[0.193s] -- Execute custom install script
[0.193s] -- Up-to-date symlink: /home/nl455/mocap_ws/install/mocap4r2_robot_gt_msgs/share/ament_index/resource_index/rosidl_interfaces/mocap4r2_robot_gt_msgs
[0.193s] -- Up-to-date symlink: /home/nl455/mocap_ws/install/mocap4r2_robot_gt_msgs/share/mocap4r2_robot_gt_msgs/srv/SetGTOrigin.json
[0.193s] -- Up-to-date symlink: /home/nl455/mocap_ws/install/mocap4r2_robot_gt_msgs/include/mocap4r2_robot_gt_msgs/mocap4r2_robot_gt_msgs/msg/rosidl_generator_c__visibility_control.h
[0.193s] -- Up-to-date symlink: /home/nl455/mocap_ws/install/mocap4r2_robot_gt_msgs/include/mocap4r2_robot_gt_msgs/mocap4r2_robot_gt_msgs/srv/detail/set_gt_origin__functions.h
[0.193s] -- Up-to-date symlink: /home/nl455/mocap_ws/install/mocap4r2_robot_gt_msgs/include/mocap4r2_robot_gt_msgs/mocap4r2_robot_gt_msgs/srv/detail/set_gt_origin__struct.h
[0.193s] -- Up-to-date symlink: /home/nl455/mocap_ws/install/mocap4r2_robot_gt_msgs/include/mocap4r2_robot_gt_msgs/mocap4r2_robot_gt_msgs/srv/detail/set_gt_origin__type_support.h
[0.194s] -- Up-to-date symlink: /home/nl455/mocap_ws/install/mocap4r2_robot_gt_msgs/include/mocap4r2_robot_gt_msgs/mocap4r2_robot_gt_msgs/srv/set_gt_origin.h
[0.194s] -- Up-to-date symlink: /home/nl455/mocap_ws/install/mocap4r2_robot_gt_msgs/share/mocap4r2_robot_gt_msgs/environment/library_path.sh
[0.194s] -- Up-to-date symlink: /home/nl455/mocap_ws/install/mocap4r2_robot_gt_msgs/share/mocap4r2_robot_gt_msgs/environment/library_path.dsv
[0.194s] -- Up-to-date symlink: /home/nl455/mocap_ws/install/mocap4r2_robot_gt_msgs/include/mocap4r2_robot_gt_msgs/mocap4r2_robot_gt_msgs/msg/rosidl_typesupport_fastrtps_c__visibility_control.h
[0.194s] -- Up-to-date symlink: /home/nl455/mocap_ws/install/mocap4r2_robot_gt_msgs/include/mocap4r2_robot_gt_msgs/mocap4r2_robot_gt_msgs/srv/detail/set_gt_origin__rosidl_typesupport_fastrtps_c.h
[0.194s] -- Up-to-date symlink: /home/nl455/mocap_ws/install/mocap4r2_robot_gt_msgs/include/mocap4r2_robot_gt_msgs/mocap4r2_robot_gt_msgs/msg/rosidl_typesupport_introspection_c__visibility_control.h
[0.194s] -- Up-to-date symlink: /home/nl455/mocap_ws/install/mocap4r2_robot_gt_msgs/include/mocap4r2_robot_gt_msgs/mocap4r2_robot_gt_msgs/srv/detail/set_gt_origin__rosidl_typesupport_introspection_c.h
[0.194s] -- Up-to-date symlink: /home/nl455/mocap_ws/install/mocap4r2_robot_gt_msgs/include/mocap4r2_robot_gt_msgs/mocap4r2_robot_gt_msgs/msg/rosidl_generator_cpp__visibility_control.hpp
[0.194s] -- Up-to-date symlink: /home/nl455/mocap_ws/install/mocap4r2_robot_gt_msgs/include/mocap4r2_robot_gt_msgs/mocap4r2_robot_gt_msgs/srv/detail/set_gt_origin__builder.hpp
[0.194s] -- Up-to-date symlink: /home/nl455/mocap_ws/install/mocap4r2_robot_gt_msgs/include/mocap4r2_robot_gt_msgs/mocap4r2_robot_gt_msgs/srv/detail/set_gt_origin__struct.hpp
[0.194s] -- Up-to-date symlink: /home/nl455/mocap_ws/install/mocap4r2_robot_gt_msgs/include/mocap4r2_robot_gt_msgs/mocap4r2_robot_gt_msgs/srv/detail/set_gt_origin__traits.hpp
[0.194s] -- Up-to-date symlink: /home/nl455/mocap_ws/install/mocap4r2_robot_gt_msgs/include/mocap4r2_robot_gt_msgs/mocap4r2_robot_gt_msgs/srv/detail/set_gt_origin__type_support.hpp
[0.194s] -- Up-to-date symlink: /home/nl455/mocap_ws/install/mocap4r2_robot_gt_msgs/include/mocap4r2_robot_gt_msgs/mocap4r2_robot_gt_msgs/srv/set_gt_origin.hpp
[0.194s] -- Up-to-date symlink: /home/nl455/mocap_ws/install/mocap4r2_robot_gt_msgs/include/mocap4r2_robot_gt_msgs/mocap4r2_robot_gt_msgs/msg/rosidl_typesupport_fastrtps_cpp__visibility_control.h
[0.194s] -- Up-to-date symlink: /home/nl455/mocap_ws/install/mocap4r2_robot_gt_msgs/include/mocap4r2_robot_gt_msgs/mocap4r2_robot_gt_msgs/srv/detail/set_gt_origin__rosidl_typesupport_fastrtps_cpp.hpp
[0.194s] -- Up-to-date symlink: /home/nl455/mocap_ws/install/mocap4r2_robot_gt_msgs/include/mocap4r2_robot_gt_msgs/mocap4r2_robot_gt_msgs/srv/detail/set_gt_origin__rosidl_typesupport_introspection_cpp.hpp
[0.194s] -- Up-to-date symlink: /home/nl455/mocap_ws/install/mocap4r2_robot_gt_msgs/share/mocap4r2_robot_gt_msgs/environment/pythonpath.sh
[0.194s] -- Up-to-date symlink: /home/nl455/mocap_ws/install/mocap4r2_robot_gt_msgs/share/mocap4r2_robot_gt_msgs/environment/pythonpath.dsv
[0.194s] -- Up-to-date symlink: /home/nl455/mocap_ws/install/mocap4r2_robot_gt_msgs/lib/python3.12/site-packages/mocap4r2_robot_gt_msgs-0.0.7-py3.12.egg-info/PKG-INFO
[0.194s] -- Up-to-date symlink: /home/nl455/mocap_ws/install/mocap4r2_robot_gt_msgs/lib/python3.12/site-packages/mocap4r2_robot_gt_msgs-0.0.7-py3.12.egg-info/SOURCES.txt
[0.194s] -- Up-to-date symlink: /home/nl455/mocap_ws/install/mocap4r2_robot_gt_msgs/lib/python3.12/site-packages/mocap4r2_robot_gt_msgs-0.0.7-py3.12.egg-info/dependency_links.txt
[0.194s] -- Up-to-date symlink: /home/nl455/mocap_ws/install/mocap4r2_robot_gt_msgs/lib/python3.12/site-packages/mocap4r2_robot_gt_msgs-0.0.7-py3.12.egg-info/top_level.txt
[0.194s] -- Up-to-date symlink: /home/nl455/mocap_ws/install/mocap4r2_robot_gt_msgs/lib/python3.12/site-packages/mocap4r2_robot_gt_msgs/__init__.py
[0.194s] -- Up-to-date symlink: /home/nl455/mocap_ws/install/mocap4r2_robot_gt_msgs/lib/python3.12/site-packages/mocap4r2_robot_gt_msgs/_mocap4r2_robot_gt_msgs_s.ep.rosidl_typesupport_c.c
[0.194s] -- Up-to-date symlink: /home/nl455/mocap_ws/install/mocap4r2_robot_gt_msgs/lib/python3.12/site-packages/mocap4r2_robot_gt_msgs/_mocap4r2_robot_gt_msgs_s.ep.rosidl_typesupport_fastrtps_c.c
[0.194s] -- Up-to-date symlink: /home/nl455/mocap_ws/install/mocap4r2_robot_gt_msgs/lib/python3.12/site-packages/mocap4r2_robot_gt_msgs/_mocap4r2_robot_gt_msgs_s.ep.rosidl_typesupport_introspection_c.c
[0.194s] -- Up-to-date symlink: /home/nl455/mocap_ws/install/mocap4r2_robot_gt_msgs/lib/python3.12/site-packages/mocap4r2_robot_gt_msgs/mocap4r2_robot_gt_msgs_s__rosidl_typesupport_c.so
[0.194s] -- Up-to-date symlink: /home/nl455/mocap_ws/install/mocap4r2_robot_gt_msgs/lib/python3.12/site-packages/mocap4r2_robot_gt_msgs/mocap4r2_robot_gt_msgs_s__rosidl_typesupport_fastrtps_c.so
[0.194s] -- Up-to-date symlink: /home/nl455/mocap_ws/install/mocap4r2_robot_gt_msgs/lib/python3.12/site-packages/mocap4r2_robot_gt_msgs/mocap4r2_robot_gt_msgs_s__rosidl_typesupport_introspection_c.so
[0.194s] -- Up-to-date symlink: /home/nl455/mocap_ws/install/mocap4r2_robot_gt_msgs/lib/python3.12/site-packages/mocap4r2_robot_gt_msgs/srv/__init__.py
[0.194s] -- Up-to-date symlink: /home/nl455/mocap_ws/install/mocap4r2_robot_gt_msgs/lib/python3.12/site-packages/mocap4r2_robot_gt_msgs/srv/_set_gt_origin.py
[0.194s] -- Up-to-date symlink: /home/nl455/mocap_ws/install/mocap4r2_robot_gt_msgs/lib/python3.12/site-packages/mocap4r2_robot_gt_msgs/srv/_set_gt_origin_s.c
[0.194s] -- Up-to-date symlink: /home/nl455/mocap_ws/install/mocap4r2_robot_gt_msgs/lib/python3.12/site-packages/mocap4r2_robot_gt_msgs/mocap4r2_robot_gt_msgs_s__rosidl_typesupport_fastrtps_c.so
[0.195s] -- Up-to-date symlink: /home/nl455/mocap_ws/install/mocap4r2_robot_gt_msgs/lib/python3.12/site-packages/mocap4r2_robot_gt_msgs/mocap4r2_robot_gt_msgs_s__rosidl_typesupport_introspection_c.so
[0.195s] -- Up-to-date symlink: /home/nl455/mocap_ws/install/mocap4r2_robot_gt_msgs/lib/python3.12/site-packages/mocap4r2_robot_gt_msgs/mocap4r2_robot_gt_msgs_s__rosidl_typesupport_c.so
[0.195s] -- Up-to-date symlink: /home/nl455/mocap_ws/install/mocap4r2_robot_gt_msgs/share/mocap4r2_robot_gt_msgs/srv/SetGTOrigin.idl
[0.195s] -- Up-to-date symlink: /home/nl455/mocap_ws/install/mocap4r2_robot_gt_msgs/share/mocap4r2_robot_gt_msgs/srv/SetGTOrigin.srv
[0.195s] -- Up-to-date symlink: /home/nl455/mocap_ws/install/mocap4r2_robot_gt_msgs/share/ament_index/resource_index/package_run_dependencies/mocap4r2_robot_gt_msgs
[0.195s] -- Up-to-date symlink: /home/nl455/mocap_ws/install/mocap4r2_robot_gt_msgs/share/ament_index/resource_index/parent_prefix_path/mocap4r2_robot_gt_msgs
[0.195s] -- Up-to-date symlink: /home/nl455/mocap_ws/install/mocap4r2_robot_gt_msgs/share/mocap4r2_robot_gt_msgs/environment/ament_prefix_path.sh
[0.195s] -- Up-to-date symlink: /home/nl455/mocap_ws/install/mocap4r2_robot_gt_msgs/share/mocap4r2_robot_gt_msgs/environment/ament_prefix_path.dsv
[0.195s] -- Up-to-date symlink: /home/nl455/mocap_ws/install/mocap4r2_robot_gt_msgs/share/mocap4r2_robot_gt_msgs/environment/path.sh
[0.195s] -- Up-to-date symlink: /home/nl455/mocap_ws/install/mocap4r2_robot_gt_msgs/share/mocap4r2_robot_gt_msgs/environment/path.dsv
[0.195s] -- Up-to-date symlink: /home/nl455/mocap_ws/install/mocap4r2_robot_gt_msgs/share/mocap4r2_robot_gt_msgs/local_setup.bash
[0.195s] -- Up-to-date symlink: /home/nl455/mocap_ws/install/mocap4r2_robot_gt_msgs/share/mocap4r2_robot_gt_msgs/local_setup.sh
[0.195s] -- Up-to-date symlink: /home/nl455/mocap_ws/install/mocap4r2_robot_gt_msgs/share/mocap4r2_robot_gt_msgs/local_setup.zsh
[0.195s] -- Up-to-date symlink: /home/nl455/mocap_ws/install/mocap4r2_robot_gt_msgs/share/mocap4r2_robot_gt_msgs/local_setup.dsv
[0.195s] -- Symlinking: /home/nl455/mocap_ws/install/mocap4r2_robot_gt_msgs/share/mocap4r2_robot_gt_msgs/package.dsv
[0.198s] -- Up-to-date symlink: /home/nl455/mocap_ws/install/mocap4r2_robot_gt_msgs/share/ament_index/resource_index/packages/mocap4r2_robot_gt_msgs
[0.198s] -- Up-to-date symlink: /home/nl455/mocap_ws/install/mocap4r2_robot_gt_msgs/share/mocap4r2_robot_gt_msgs/cmake/rosidl_cmake-extras.cmake
[0.198s] -- Up-to-date symlink: /home/nl455/mocap_ws/install/mocap4r2_robot_gt_msgs/share/mocap4r2_robot_gt_msgs/cmake/ament_cmake_export_dependencies-extras.cmake
[0.198s] -- Up-to-date symlink: /home/nl455/mocap_ws/install/mocap4r2_robot_gt_msgs/share/mocap4r2_robot_gt_msgs/cmake/ament_cmake_export_include_directories-extras.cmake
[0.198s] -- Up-to-date symlink: /home/nl455/mocap_ws/install/mocap4r2_robot_gt_msgs/share/mocap4r2_robot_gt_msgs/cmake/ament_cmake_export_libraries-extras.cmake
[0.198s] -- Up-to-date symlink: /home/nl455/mocap_ws/install/mocap4r2_robot_gt_msgs/share/mocap4r2_robot_gt_msgs/cmake/ament_cmake_export_targets-extras.cmake
[0.198s] -- Up-to-date symlink: /home/nl455/mocap_ws/install/mocap4r2_robot_gt_msgs/share/mocap4r2_robot_gt_msgs/cmake/rosidl_cmake_export_typesupport_targets-extras.cmake
[0.199s] -- Up-to-date symlink: /home/nl455/mocap_ws/install/mocap4r2_robot_gt_msgs/share/mocap4r2_robot_gt_msgs/cmake/rosidl_cmake_export_typesupport_libraries-extras.cmake
[0.199s] -- Up-to-date symlink: /home/nl455/mocap_ws/install/mocap4r2_robot_gt_msgs/share/mocap4r2_robot_gt_msgs/cmake/mocap4r2_robot_gt_msgsConfig.cmake
[0.199s] -- Up-to-date symlink: /home/nl455/mocap_ws/install/mocap4r2_robot_gt_msgs/share/mocap4r2_robot_gt_msgs/cmake/mocap4r2_robot_gt_msgsConfig-version.cmake
[0.199s] -- Up-to-date symlink: /home/nl455/mocap_ws/install/mocap4r2_robot_gt_msgs/share/mocap4r2_robot_gt_msgs/package.xml
[0.199s] -- Up-to-date: /home/nl455/mocap_ws/install/mocap4r2_robot_gt_msgs/lib/libmocap4r2_robot_gt_msgs__rosidl_generator_c.so
[0.199s] -- Up-to-date: /home/nl455/mocap_ws/install/mocap4r2_robot_gt_msgs/lib/libmocap4r2_robot_gt_msgs__rosidl_typesupport_fastrtps_c.so
[0.199s] -- Up-to-date: /home/nl455/mocap_ws/install/mocap4r2_robot_gt_msgs/lib/libmocap4r2_robot_gt_msgs__rosidl_typesupport_introspection_c.so
[0.199s] -- Up-to-date: /home/nl455/mocap_ws/install/mocap4r2_robot_gt_msgs/lib/libmocap4r2_robot_gt_msgs__rosidl_typesupport_c.so
[0.199s] -- Up-to-date: /home/nl455/mocap_ws/install/mocap4r2_robot_gt_msgs/lib/libmocap4r2_robot_gt_msgs__rosidl_typesupport_fastrtps_cpp.so
[0.199s] -- Up-to-date: /home/nl455/mocap_ws/install/mocap4r2_robot_gt_msgs/lib/libmocap4r2_robot_gt_msgs__rosidl_typesupport_introspection_cpp.so
[0.199s] -- Up-to-date: /home/nl455/mocap_ws/install/mocap4r2_robot_gt_msgs/lib/libmocap4r2_robot_gt_msgs__rosidl_typesupport_cpp.so
[0.216s] Listing '/home/nl455/mocap_ws/install/mocap4r2_robot_gt_msgs/lib/python3.12/site-packages/mocap4r2_robot_gt_msgs'...
[0.216s] Listing '/home/nl455/mocap_ws/install/mocap4r2_robot_gt_msgs/lib/python3.12/site-packages/mocap4r2_robot_gt_msgs/srv'...
[0.219s] -- Up-to-date: /home/nl455/mocap_ws/install/mocap4r2_robot_gt_msgs/lib/libmocap4r2_robot_gt_msgs__rosidl_generator_py.so
[0.219s] -- Up-to-date: /home/nl455/mocap_ws/install/mocap4r2_robot_gt_msgs/share/mocap4r2_robot_gt_msgs/cmake/export_mocap4r2_robot_gt_msgs__rosidl_generator_cExport.cmake
[0.219s] -- Up-to-date: /home/nl455/mocap_ws/install/mocap4r2_robot_gt_msgs/share/mocap4r2_robot_gt_msgs/cmake/export_mocap4r2_robot_gt_msgs__rosidl_generator_cExport-noconfig.cmake
[0.219s] -- Up-to-date: /home/nl455/mocap_ws/install/mocap4r2_robot_gt_msgs/share/mocap4r2_robot_gt_msgs/cmake/export_mocap4r2_robot_gt_msgs__rosidl_typesupport_fastrtps_cExport.cmake
[0.219s] -- Up-to-date: /home/nl455/mocap_ws/install/mocap4r2_robot_gt_msgs/share/mocap4r2_robot_gt_msgs/cmake/export_mocap4r2_robot_gt_msgs__rosidl_typesupport_fastrtps_cExport-noconfig.cmake
[0.219s] -- Up-to-date: /home/nl455/mocap_ws/install/mocap4r2_robot_gt_msgs/share/mocap4r2_robot_gt_msgs/cmake/mocap4r2_robot_gt_msgs__rosidl_typesupport_introspection_cExport.cmake
[0.219s] -- Up-to-date: /home/nl455/mocap_ws/install/mocap4r2_robot_gt_msgs/share/mocap4r2_robot_gt_msgs/cmake/mocap4r2_robot_gt_msgs__rosidl_typesupport_introspection_cExport-noconfig.cmake
[0.219s] -- Up-to-date: /home/nl455/mocap_ws/install/mocap4r2_robot_gt_msgs/share/mocap4r2_robot_gt_msgs/cmake/mocap4r2_robot_gt_msgs__rosidl_typesupport_cExport.cmake
[0.219s] -- Up-to-date: /home/nl455/mocap_ws/install/mocap4r2_robot_gt_msgs/share/mocap4r2_robot_gt_msgs/cmake/mocap4r2_robot_gt_msgs__rosidl_typesupport_cExport-noconfig.cmake
[0.219s] -- Up-to-date: /home/nl455/mocap_ws/install/mocap4r2_robot_gt_msgs/share/mocap4r2_robot_gt_msgs/cmake/export_mocap4r2_robot_gt_msgs__rosidl_generator_cppExport.cmake
[0.219s] -- Up-to-date: /home/nl455/mocap_ws/install/mocap4r2_robot_gt_msgs/share/mocap4r2_robot_gt_msgs/cmake/export_mocap4r2_robot_gt_msgs__rosidl_typesupport_fastrtps_cppExport.cmake
[0.219s] -- Up-to-date: /home/nl455/mocap_ws/install/mocap4r2_robot_gt_msgs/share/mocap4r2_robot_gt_msgs/cmake/export_mocap4r2_robot_gt_msgs__rosidl_typesupport_fastrtps_cppExport-noconfig.cmake
[0.219s] -- Up-to-date: /home/nl455/mocap_ws/install/mocap4r2_robot_gt_msgs/share/mocap4r2_robot_gt_msgs/cmake/mocap4r2_robot_gt_msgs__rosidl_typesupport_introspection_cppExport.cmake
[0.219s] -- Up-to-date: /home/nl455/mocap_ws/install/mocap4r2_robot_gt_msgs/share/mocap4r2_robot_gt_msgs/cmake/mocap4r2_robot_gt_msgs__rosidl_typesupport_introspection_cppExport-noconfig.cmake
[0.219s] -- Up-to-date: /home/nl455/mocap_ws/install/mocap4r2_robot_gt_msgs/share/mocap4r2_robot_gt_msgs/cmake/mocap4r2_robot_gt_msgs__rosidl_typesupport_cppExport.cmake
[0.219s] -- Up-to-date: /home/nl455/mocap_ws/install/mocap4r2_robot_gt_msgs/share/mocap4r2_robot_gt_msgs/cmake/mocap4r2_robot_gt_msgs__rosidl_typesupport_cppExport-noconfig.cmake
[0.219s] -- Up-to-date: /home/nl455/mocap_ws/install/mocap4r2_robot_gt_msgs/share/mocap4r2_robot_gt_msgs/cmake/export_mocap4r2_robot_gt_msgs__rosidl_generator_pyExport.cmake
[0.219s] -- Up-to-date: /home/nl455/mocap_ws/install/mocap4r2_robot_gt_msgs/share/mocap4r2_robot_gt_msgs/cmake/export_mocap4r2_robot_gt_msgs__rosidl_generator_pyExport-noconfig.cmake
[0.247s] Invoked command in '/home/nl455/mocap_ws/build/mocap4r2_robot_gt_msgs' returned '0': CMAKE_PREFIX_PATH=/home/nl455/miniconda3/envs/ros_env CONDA_PROMPT_MODIFIER=(ros_env) DEBUGINFOD_URLS=https://debuginfod.ubuntu.com /home/nl455/miniconda3/envs/ros_env/bin/cmake --install /home/nl455/mocap_ws/build/mocap4r2_robot_gt_msgs
