[ 25%] [1m[32mLinking CXX shared library libset_gt_component.so[0m
[ 25%] [1m[32mLinking CXX shared library libgt_component.so[0m
[ 37%] Built target set_gt_component
[ 50%] [32mBuilding CXX object CMakeFiles/set_gt_cli.dir/src/set_gt_cli.cpp.o[0m
[ 62%] Built target gt_component
[ 75%] [32mBuilding CXX object CMakeFiles/gt_program.dir/src/gt_program.cpp.o[0m
[ 87%] [1m[32mLinking CXX executable set_gt_cli[0m
[ 87%] Built target set_gt_cli
[100%] [1m[32mLinking CXX executable gt_program[0m
[100%] Built target gt_program
-- Install configuration: ""
-- Execute custom install script
-- Symlinking: /home/nl455/mocap_ws/install/mocap4r2_robot_gt/lib/libgt_component.so
-- Symlinking: /home/nl455/mocap_ws/install/mocap4r2_robot_gt/lib/mocap4r2_robot_gt/gt_program
-- Symlinking: /home/nl455/mocap_ws/install/mocap4r2_robot_gt/lib/libset_gt_component.so
-- Symlinking: /home/nl455/mocap_ws/install/mocap4r2_robot_gt/lib/mocap4r2_robot_gt/set_gt_cli
-- Symlinking: /home/nl455/mocap_ws/install/mocap4r2_robot_gt/share/ament_index/resource_index/package_run_dependencies/mocap4r2_robot_gt
-- Symlinking: /home/nl455/mocap_ws/install/mocap4r2_robot_gt/share/ament_index/resource_index/parent_prefix_path/mocap4r2_robot_gt
-- Symlinking: /home/nl455/mocap_ws/install/mocap4r2_robot_gt/share/mocap4r2_robot_gt/environment/ament_prefix_path.sh
-- Symlinking: /home/nl455/mocap_ws/install/mocap4r2_robot_gt/share/mocap4r2_robot_gt/environment/ament_prefix_path.dsv
-- Symlinking: /home/nl455/mocap_ws/install/mocap4r2_robot_gt/share/mocap4r2_robot_gt/environment/path.sh
-- Symlinking: /home/nl455/mocap_ws/install/mocap4r2_robot_gt/share/mocap4r2_robot_gt/environment/path.dsv
-- Symlinking: /home/nl455/mocap_ws/install/mocap4r2_robot_gt/share/mocap4r2_robot_gt/local_setup.bash
-- Symlinking: /home/nl455/mocap_ws/install/mocap4r2_robot_gt/share/mocap4r2_robot_gt/local_setup.sh
-- Symlinking: /home/nl455/mocap_ws/install/mocap4r2_robot_gt/share/mocap4r2_robot_gt/local_setup.zsh
-- Symlinking: /home/nl455/mocap_ws/install/mocap4r2_robot_gt/share/mocap4r2_robot_gt/local_setup.dsv
-- Symlinking: /home/nl455/mocap_ws/install/mocap4r2_robot_gt/share/mocap4r2_robot_gt/package.dsv
-- Symlinking: /home/nl455/mocap_ws/install/mocap4r2_robot_gt/share/ament_index/resource_index/packages/mocap4r2_robot_gt
-- Symlinking: /home/nl455/mocap_ws/install/mocap4r2_robot_gt/share/ament_index/resource_index/rclcpp_components/mocap4r2_robot_gt
-- Symlinking: /home/nl455/mocap_ws/install/mocap4r2_robot_gt/share/mocap4r2_robot_gt/cmake/mocap4r2_robot_gtConfig.cmake
-- Symlinking: /home/nl455/mocap_ws/install/mocap4r2_robot_gt/share/mocap4r2_robot_gt/cmake/mocap4r2_robot_gtConfig-version.cmake
-- Symlinking: /home/nl455/mocap_ws/install/mocap4r2_robot_gt/share/mocap4r2_robot_gt/package.xml
