[0.006s] Invoking command in '/home/nl455/mocap_ws/build/mocap4r2_marker_publisher': CMAKE_PREFIX_PATH=/home/nl455/mocap_ws/install/mocap4r2_msgs:/home/nl455/mocap_ws/install/rqt_mocap4r2_control:/home/nl455/mocap_ws/install/mocap4r2_robot_gt:/home/nl455/mocap_ws/install/mocap4r2_robot_gt_msgs:/home/nl455/mocap_ws/install/mocap4r2_optitrack_driver:/home/nl455/mocap_ws/install/mocap4r2_marker_viz:/home/nl455/mocap_ws/install/mocap4r2_marker_publisher:/home/nl455/mocap_ws/install/mocap4r2_dummy_driver:/home/nl455/mocap_ws/install/mocap4r2_marker_viz_srvs:/home/nl455/mocap_ws/install/mocap4r2_control:/home/nl455/mocap_ws/install/mocap4r2_control_msgs:/home/nl455/mocap_ws/install/mocap4r2cli:/home/nl455/miniconda3/envs/ros_env CONDA_PROMPT_MODIFIER=(ros_env) DEBUGINFOD_URLS=https://debuginfod.ubuntu.com LD_LIBRARY_PATH=/home/nl455/mocap_ws/install/mocap4r2_msgs/lib:/home/nl455/mocap_ws/install/rqt_mocap4r2_control/lib:/home/nl455/mocap_ws/install/mocap4r2_robot_gt/lib:/home/nl455/mocap_ws/install/mocap4r2_robot_gt_msgs/lib:/home/nl455/mocap_ws/install/mocap4r2_optitrack_driver/lib:/home/nl455/mocap_ws/install/mocap4r2_marker_viz_srvs/lib:/home/nl455/mocap_ws/install/mocap4r2_control/lib:/home/nl455/mocap_ws/install/mocap4r2_control_msgs/lib:/home/nl455/miniconda3/envs/ros_env/opt/rviz_ogre_vendor/lib:/home/nl455/miniconda3/envs/ros_env/lib PYTHONPATH=/home/nl455/mocap_ws/install/mocap4r2_msgs/lib/python3.12/site-packages:/home/nl455/mocap_ws/install/mocap4r2cli/lib/python3.12/site-packages:/home/nl455/mocap_ws/install/mocap4r2_robot_gt_msgs/lib/python3.12/site-packages:/home/nl455/mocap_ws/install/mocap4r2_marker_viz_srvs/lib/python3.12/site-packages:/home/nl455/mocap_ws/install/mocap4r2_control_msgs/lib/python3.12/site-packages:/home/nl455/miniconda3/envs/ros_env/lib/python/site-packages:/home/nl455/miniconda3/envs/ros_env/lib/python3.12/site-packages /home/nl455/miniconda3/envs/ros_env/bin/cmake /home/nl455/mocap_ws/src/mocap4r2/mocap4r2_marker_viz/mocap4r2_marker_publisher -DAMENT_CMAKE_SYMLINK_INSTALL=1 -DCMAKE_INSTALL_PREFIX=/home/nl455/mocap_ws/install/mocap4r2_marker_publisher
[0.013s] [0mCMake Deprecation Warning at CMakeLists.txt:1 (cmake_minimum_required):
[0.013s]   Compatibility with CMake < 3.10 will be removed from a future version of
[0.013s]   CMake.
[0.013s] 
[0.013s]   Update the VERSION argument <min> value.  Or, use the <min>...<max> syntax
[0.013s]   to tell CMake that the project requires at least <min> but has been updated
[0.013s]   to work with policies introduced by <max> or earlier.
[0.013s] 
[0.013s] [0m
[0.015s] -- Found ament_cmake: 2.7.3 (/home/nl455/miniconda3/envs/ros_env/share/ament_cmake/cmake)
[0.116s] -- Override CMake install command with custom implementation using symlinks instead of copying resources
[0.119s] -- Found rclcpp: 29.5.3 (/home/nl455/miniconda3/envs/ros_env/share/rclcpp/cmake)
[0.133s] -- Found rosidl_generator_c: 4.9.5 (/home/nl455/miniconda3/envs/ros_env/share/rosidl_generator_c/cmake)
[0.138s] -- Found rosidl_generator_cpp: 4.9.5 (/home/nl455/miniconda3/envs/ros_env/share/rosidl_generator_cpp/cmake)
[0.143s] -- Using all available rosidl_typesupport_c: rosidl_typesupport_fastrtps_c;rosidl_typesupport_introspection_c
[0.149s] -- Using all available rosidl_typesupport_cpp: rosidl_typesupport_fastrtps_cpp;rosidl_typesupport_introspection_cpp
[0.184s] -- Found rmw_implementation_cmake: 7.8.2 (/home/nl455/miniconda3/envs/ros_env/share/rmw_implementation_cmake/cmake)
[0.185s] -- Found rmw_fastrtps_cpp: 9.3.3 (/home/nl455/miniconda3/envs/ros_env/share/rmw_fastrtps_cpp/cmake)
[0.219s] -- Using RMW implementation 'rmw_fastrtps_cpp' as default
[0.256s] -- Found mocap4r2_msgs: 0.2.0 (/home/nl455/mocap_ws/install/mocap4r2_msgs/share/mocap4r2_msgs/cmake)
[0.286s] [0mCMake Deprecation Warning at /home/nl455/miniconda3/envs/ros_env/share/ament_cmake_target_dependencies/cmake/ament_target_dependencies.cmake:87 (message):
[0.286s]   ament_target_dependencies() is deprecated.  Use target_link_libraries()
[0.286s]   with modern CMake targets instead.  Try replacing this call with:
[0.286s] 
[0.286s]     target_link_libraries(mocap4r2_marker_publisher PUBLIC
[0.286s]       ${mocap4r2_msgs_TARGETS}
[0.286s]       rclcpp::rclcpp
[0.286s]     )
[0.286s] 
[0.286s] Call Stack (most recent call first):
[0.286s]   CMakeLists.txt:27 (ament_target_dependencies)
[0.286s] 
[0.286s] [0m
[0.287s] -- Found ament_lint_auto: 0.19.2 (/home/nl455/miniconda3/envs/ros_env/share/ament_lint_auto/cmake)
[0.337s] -- Added test 'copyright' to check source files copyright and LICENSE
[0.337s] -- Added test 'cppcheck' to perform static code analysis on C / C++ code
[0.337s] -- Configured cppcheck include dirs: 
[0.337s] -- Configured cppcheck exclude dirs and/or files: 
[0.337s] -- Added test 'cpplint' to check C / C++ code against the Google style
[0.337s] -- Configured cpplint exclude dirs and/or files: 
[0.338s] -- Added test 'lint_cmake' to check CMake code style
[0.338s] -- Added test 'uncrustify' to check C / C++ code style
[0.338s] -- Configured uncrustify additional arguments: 
[0.338s] -- Added test 'xmllint' to check XML markup files
[0.338s] -- Configuring done (0.3s)
[0.345s] -- Generating done (0.0s)
[0.354s] -- Build files have been written to: /home/nl455/mocap_ws/build/mocap4r2_marker_publisher
[0.361s] Invoked command in '/home/nl455/mocap_ws/build/mocap4r2_marker_publisher' returned '0': CMAKE_PREFIX_PATH=/home/nl455/mocap_ws/install/mocap4r2_msgs:/home/nl455/mocap_ws/install/rqt_mocap4r2_control:/home/nl455/mocap_ws/install/mocap4r2_robot_gt:/home/nl455/mocap_ws/install/mocap4r2_robot_gt_msgs:/home/nl455/mocap_ws/install/mocap4r2_optitrack_driver:/home/nl455/mocap_ws/install/mocap4r2_marker_viz:/home/nl455/mocap_ws/install/mocap4r2_marker_publisher:/home/nl455/mocap_ws/install/mocap4r2_dummy_driver:/home/nl455/mocap_ws/install/mocap4r2_marker_viz_srvs:/home/nl455/mocap_ws/install/mocap4r2_control:/home/nl455/mocap_ws/install/mocap4r2_control_msgs:/home/nl455/mocap_ws/install/mocap4r2cli:/home/nl455/miniconda3/envs/ros_env CONDA_PROMPT_MODIFIER=(ros_env) DEBUGINFOD_URLS=https://debuginfod.ubuntu.com LD_LIBRARY_PATH=/home/nl455/mocap_ws/install/mocap4r2_msgs/lib:/home/nl455/mocap_ws/install/rqt_mocap4r2_control/lib:/home/nl455/mocap_ws/install/mocap4r2_robot_gt/lib:/home/nl455/mocap_ws/install/mocap4r2_robot_gt_msgs/lib:/home/nl455/mocap_ws/install/mocap4r2_optitrack_driver/lib:/home/nl455/mocap_ws/install/mocap4r2_marker_viz_srvs/lib:/home/nl455/mocap_ws/install/mocap4r2_control/lib:/home/nl455/mocap_ws/install/mocap4r2_control_msgs/lib:/home/nl455/miniconda3/envs/ros_env/opt/rviz_ogre_vendor/lib:/home/nl455/miniconda3/envs/ros_env/lib PYTHONPATH=/home/nl455/mocap_ws/install/mocap4r2_msgs/lib/python3.12/site-packages:/home/nl455/mocap_ws/install/mocap4r2cli/lib/python3.12/site-packages:/home/nl455/mocap_ws/install/mocap4r2_robot_gt_msgs/lib/python3.12/site-packages:/home/nl455/mocap_ws/install/mocap4r2_marker_viz_srvs/lib/python3.12/site-packages:/home/nl455/mocap_ws/install/mocap4r2_control_msgs/lib/python3.12/site-packages:/home/nl455/miniconda3/envs/ros_env/lib/python/site-packages:/home/nl455/miniconda3/envs/ros_env/lib/python3.12/site-packages /home/nl455/miniconda3/envs/ros_env/bin/cmake /home/nl455/mocap_ws/src/mocap4r2/mocap4r2_marker_viz/mocap4r2_marker_publisher -DAMENT_CMAKE_SYMLINK_INSTALL=1 -DCMAKE_INSTALL_PREFIX=/home/nl455/mocap_ws/install/mocap4r2_marker_publisher
[0.361s] Invoking command in '/home/nl455/mocap_ws/build/mocap4r2_marker_publisher': CMAKE_PREFIX_PATH=/home/nl455/mocap_ws/install/mocap4r2_msgs:/home/nl455/mocap_ws/install/rqt_mocap4r2_control:/home/nl455/mocap_ws/install/mocap4r2_robot_gt:/home/nl455/mocap_ws/install/mocap4r2_robot_gt_msgs:/home/nl455/mocap_ws/install/mocap4r2_optitrack_driver:/home/nl455/mocap_ws/install/mocap4r2_marker_viz:/home/nl455/mocap_ws/install/mocap4r2_marker_publisher:/home/nl455/mocap_ws/install/mocap4r2_dummy_driver:/home/nl455/mocap_ws/install/mocap4r2_marker_viz_srvs:/home/nl455/mocap_ws/install/mocap4r2_control:/home/nl455/mocap_ws/install/mocap4r2_control_msgs:/home/nl455/mocap_ws/install/mocap4r2cli:/home/nl455/miniconda3/envs/ros_env CONDA_PROMPT_MODIFIER=(ros_env) DEBUGINFOD_URLS=https://debuginfod.ubuntu.com LD_LIBRARY_PATH=/home/nl455/mocap_ws/install/mocap4r2_msgs/lib:/home/nl455/mocap_ws/install/rqt_mocap4r2_control/lib:/home/nl455/mocap_ws/install/mocap4r2_robot_gt/lib:/home/nl455/mocap_ws/install/mocap4r2_robot_gt_msgs/lib:/home/nl455/mocap_ws/install/mocap4r2_optitrack_driver/lib:/home/nl455/mocap_ws/install/mocap4r2_marker_viz_srvs/lib:/home/nl455/mocap_ws/install/mocap4r2_control/lib:/home/nl455/mocap_ws/install/mocap4r2_control_msgs/lib:/home/nl455/miniconda3/envs/ros_env/opt/rviz_ogre_vendor/lib:/home/nl455/miniconda3/envs/ros_env/lib PYTHONPATH=/home/nl455/mocap_ws/install/mocap4r2_msgs/lib/python3.12/site-packages:/home/nl455/mocap_ws/install/mocap4r2cli/lib/python3.12/site-packages:/home/nl455/mocap_ws/install/mocap4r2_robot_gt_msgs/lib/python3.12/site-packages:/home/nl455/mocap_ws/install/mocap4r2_marker_viz_srvs/lib/python3.12/site-packages:/home/nl455/mocap_ws/install/mocap4r2_control_msgs/lib/python3.12/site-packages:/home/nl455/miniconda3/envs/ros_env/lib/python/site-packages:/home/nl455/miniconda3/envs/ros_env/lib/python3.12/site-packages /home/nl455/miniconda3/envs/ros_env/bin/cmake --build /home/nl455/mocap_ws/build/mocap4r2_marker_publisher -- -j32 -l32
[0.385s] [100%] Built target mocap4r2_marker_publisher
[0.390s] Invoked command in '/home/nl455/mocap_ws/build/mocap4r2_marker_publisher' returned '0': CMAKE_PREFIX_PATH=/home/nl455/mocap_ws/install/mocap4r2_msgs:/home/nl455/mocap_ws/install/rqt_mocap4r2_control:/home/nl455/mocap_ws/install/mocap4r2_robot_gt:/home/nl455/mocap_ws/install/mocap4r2_robot_gt_msgs:/home/nl455/mocap_ws/install/mocap4r2_optitrack_driver:/home/nl455/mocap_ws/install/mocap4r2_marker_viz:/home/nl455/mocap_ws/install/mocap4r2_marker_publisher:/home/nl455/mocap_ws/install/mocap4r2_dummy_driver:/home/nl455/mocap_ws/install/mocap4r2_marker_viz_srvs:/home/nl455/mocap_ws/install/mocap4r2_control:/home/nl455/mocap_ws/install/mocap4r2_control_msgs:/home/nl455/mocap_ws/install/mocap4r2cli:/home/nl455/miniconda3/envs/ros_env CONDA_PROMPT_MODIFIER=(ros_env) DEBUGINFOD_URLS=https://debuginfod.ubuntu.com LD_LIBRARY_PATH=/home/nl455/mocap_ws/install/mocap4r2_msgs/lib:/home/nl455/mocap_ws/install/rqt_mocap4r2_control/lib:/home/nl455/mocap_ws/install/mocap4r2_robot_gt/lib:/home/nl455/mocap_ws/install/mocap4r2_robot_gt_msgs/lib:/home/nl455/mocap_ws/install/mocap4r2_optitrack_driver/lib:/home/nl455/mocap_ws/install/mocap4r2_marker_viz_srvs/lib:/home/nl455/mocap_ws/install/mocap4r2_control/lib:/home/nl455/mocap_ws/install/mocap4r2_control_msgs/lib:/home/nl455/miniconda3/envs/ros_env/opt/rviz_ogre_vendor/lib:/home/nl455/miniconda3/envs/ros_env/lib PYTHONPATH=/home/nl455/mocap_ws/install/mocap4r2_msgs/lib/python3.12/site-packages:/home/nl455/mocap_ws/install/mocap4r2cli/lib/python3.12/site-packages:/home/nl455/mocap_ws/install/mocap4r2_robot_gt_msgs/lib/python3.12/site-packages:/home/nl455/mocap_ws/install/mocap4r2_marker_viz_srvs/lib/python3.12/site-packages:/home/nl455/mocap_ws/install/mocap4r2_control_msgs/lib/python3.12/site-packages:/home/nl455/miniconda3/envs/ros_env/lib/python/site-packages:/home/nl455/miniconda3/envs/ros_env/lib/python3.12/site-packages /home/nl455/miniconda3/envs/ros_env/bin/cmake --build /home/nl455/mocap_ws/build/mocap4r2_marker_publisher -- -j32 -l32
[0.391s] Invoking command in '/home/nl455/mocap_ws/build/mocap4r2_marker_publisher': CMAKE_PREFIX_PATH=/home/nl455/mocap_ws/install/mocap4r2_msgs:/home/nl455/mocap_ws/install/rqt_mocap4r2_control:/home/nl455/mocap_ws/install/mocap4r2_robot_gt:/home/nl455/mocap_ws/install/mocap4r2_robot_gt_msgs:/home/nl455/mocap_ws/install/mocap4r2_optitrack_driver:/home/nl455/mocap_ws/install/mocap4r2_marker_viz:/home/nl455/mocap_ws/install/mocap4r2_marker_publisher:/home/nl455/mocap_ws/install/mocap4r2_dummy_driver:/home/nl455/mocap_ws/install/mocap4r2_marker_viz_srvs:/home/nl455/mocap_ws/install/mocap4r2_control:/home/nl455/mocap_ws/install/mocap4r2_control_msgs:/home/nl455/mocap_ws/install/mocap4r2cli:/home/nl455/miniconda3/envs/ros_env CONDA_PROMPT_MODIFIER=(ros_env) DEBUGINFOD_URLS=https://debuginfod.ubuntu.com LD_LIBRARY_PATH=/home/nl455/mocap_ws/install/mocap4r2_msgs/lib:/home/nl455/mocap_ws/install/rqt_mocap4r2_control/lib:/home/nl455/mocap_ws/install/mocap4r2_robot_gt/lib:/home/nl455/mocap_ws/install/mocap4r2_robot_gt_msgs/lib:/home/nl455/mocap_ws/install/mocap4r2_optitrack_driver/lib:/home/nl455/mocap_ws/install/mocap4r2_marker_viz_srvs/lib:/home/nl455/mocap_ws/install/mocap4r2_control/lib:/home/nl455/mocap_ws/install/mocap4r2_control_msgs/lib:/home/nl455/miniconda3/envs/ros_env/opt/rviz_ogre_vendor/lib:/home/nl455/miniconda3/envs/ros_env/lib PYTHONPATH=/home/nl455/mocap_ws/install/mocap4r2_msgs/lib/python3.12/site-packages:/home/nl455/mocap_ws/install/mocap4r2cli/lib/python3.12/site-packages:/home/nl455/mocap_ws/install/mocap4r2_robot_gt_msgs/lib/python3.12/site-packages:/home/nl455/mocap_ws/install/mocap4r2_marker_viz_srvs/lib/python3.12/site-packages:/home/nl455/mocap_ws/install/mocap4r2_control_msgs/lib/python3.12/site-packages:/home/nl455/miniconda3/envs/ros_env/lib/python/site-packages:/home/nl455/miniconda3/envs/ros_env/lib/python3.12/site-packages /home/nl455/miniconda3/envs/ros_env/bin/cmake --install /home/nl455/mocap_ws/build/mocap4r2_marker_publisher
[0.394s] -- Install configuration: ""
[0.394s] -- Execute custom install script
[0.394s] -- Up-to-date symlink: /home/nl455/mocap_ws/install/mocap4r2_marker_publisher/lib/mocap4r2_marker_publisher/mocap4r2_marker_publisher
[0.395s] -- Up-to-date symlink: /home/nl455/mocap_ws/install/mocap4r2_marker_publisher/share/ament_index/resource_index/package_run_dependencies/mocap4r2_marker_publisher
[0.395s] -- Up-to-date symlink: /home/nl455/mocap_ws/install/mocap4r2_marker_publisher/share/ament_index/resource_index/parent_prefix_path/mocap4r2_marker_publisher
[0.395s] -- Up-to-date symlink: /home/nl455/mocap_ws/install/mocap4r2_marker_publisher/share/mocap4r2_marker_publisher/environment/ament_prefix_path.sh
[0.395s] -- Up-to-date symlink: /home/nl455/mocap_ws/install/mocap4r2_marker_publisher/share/mocap4r2_marker_publisher/environment/ament_prefix_path.dsv
[0.395s] -- Up-to-date symlink: /home/nl455/mocap_ws/install/mocap4r2_marker_publisher/share/mocap4r2_marker_publisher/environment/path.sh
[0.395s] -- Up-to-date symlink: /home/nl455/mocap_ws/install/mocap4r2_marker_publisher/share/mocap4r2_marker_publisher/environment/path.dsv
[0.395s] -- Up-to-date symlink: /home/nl455/mocap_ws/install/mocap4r2_marker_publisher/share/mocap4r2_marker_publisher/local_setup.bash
[0.395s] -- Up-to-date symlink: /home/nl455/mocap_ws/install/mocap4r2_marker_publisher/share/mocap4r2_marker_publisher/local_setup.sh
[0.395s] -- Up-to-date symlink: /home/nl455/mocap_ws/install/mocap4r2_marker_publisher/share/mocap4r2_marker_publisher/local_setup.zsh
[0.395s] -- Up-to-date symlink: /home/nl455/mocap_ws/install/mocap4r2_marker_publisher/share/mocap4r2_marker_publisher/local_setup.dsv
[0.395s] -- Symlinking: /home/nl455/mocap_ws/install/mocap4r2_marker_publisher/share/mocap4r2_marker_publisher/package.dsv
[0.399s] -- Up-to-date symlink: /home/nl455/mocap_ws/install/mocap4r2_marker_publisher/share/ament_index/resource_index/packages/mocap4r2_marker_publisher
[0.399s] -- Up-to-date symlink: /home/nl455/mocap_ws/install/mocap4r2_marker_publisher/share/mocap4r2_marker_publisher/cmake/mocap4r2_marker_publisherConfig.cmake
[0.399s] -- Up-to-date symlink: /home/nl455/mocap_ws/install/mocap4r2_marker_publisher/share/mocap4r2_marker_publisher/cmake/mocap4r2_marker_publisherConfig-version.cmake
[0.399s] -- Up-to-date symlink: /home/nl455/mocap_ws/install/mocap4r2_marker_publisher/share/mocap4r2_marker_publisher/package.xml
[0.400s] Invoked command in '/home/nl455/mocap_ws/build/mocap4r2_marker_publisher' returned '0': CMAKE_PREFIX_PATH=/home/nl455/mocap_ws/install/mocap4r2_msgs:/home/nl455/mocap_ws/install/rqt_mocap4r2_control:/home/nl455/mocap_ws/install/mocap4r2_robot_gt:/home/nl455/mocap_ws/install/mocap4r2_robot_gt_msgs:/home/nl455/mocap_ws/install/mocap4r2_optitrack_driver:/home/nl455/mocap_ws/install/mocap4r2_marker_viz:/home/nl455/mocap_ws/install/mocap4r2_marker_publisher:/home/nl455/mocap_ws/install/mocap4r2_dummy_driver:/home/nl455/mocap_ws/install/mocap4r2_marker_viz_srvs:/home/nl455/mocap_ws/install/mocap4r2_control:/home/nl455/mocap_ws/install/mocap4r2_control_msgs:/home/nl455/mocap_ws/install/mocap4r2cli:/home/nl455/miniconda3/envs/ros_env CONDA_PROMPT_MODIFIER=(ros_env) DEBUGINFOD_URLS=https://debuginfod.ubuntu.com LD_LIBRARY_PATH=/home/nl455/mocap_ws/install/mocap4r2_msgs/lib:/home/nl455/mocap_ws/install/rqt_mocap4r2_control/lib:/home/nl455/mocap_ws/install/mocap4r2_robot_gt/lib:/home/nl455/mocap_ws/install/mocap4r2_robot_gt_msgs/lib:/home/nl455/mocap_ws/install/mocap4r2_optitrack_driver/lib:/home/nl455/mocap_ws/install/mocap4r2_marker_viz_srvs/lib:/home/nl455/mocap_ws/install/mocap4r2_control/lib:/home/nl455/mocap_ws/install/mocap4r2_control_msgs/lib:/home/nl455/miniconda3/envs/ros_env/opt/rviz_ogre_vendor/lib:/home/nl455/miniconda3/envs/ros_env/lib PYTHONPATH=/home/nl455/mocap_ws/install/mocap4r2_msgs/lib/python3.12/site-packages:/home/nl455/mocap_ws/install/mocap4r2cli/lib/python3.12/site-packages:/home/nl455/mocap_ws/install/mocap4r2_robot_gt_msgs/lib/python3.12/site-packages:/home/nl455/mocap_ws/install/mocap4r2_marker_viz_srvs/lib/python3.12/site-packages:/home/nl455/mocap_ws/install/mocap4r2_control_msgs/lib/python3.12/site-packages:/home/nl455/miniconda3/envs/ros_env/lib/python/site-packages:/home/nl455/miniconda3/envs/ros_env/lib/python3.12/site-packages /home/nl455/miniconda3/envs/ros_env/bin/cmake --install /home/nl455/mocap_ws/build/mocap4r2_marker_publisher
