[0mCMake Deprecation Warning at CMakeLists.txt:1 (cmake_minimum_required):
  Compatibility with CMake < 3.10 will be removed from a future version of
  CMake.

  Update the VERSION argument <min> value.  Or, use the <min>...<max> syntax
  to tell CMake that the project requires at least <min> but has been updated
  to work with policies introduced by <max> or earlier.

[0m
-- The C compiler identification is GNU 13.3.0
-- The CXX compiler identification is GNU 13.3.0
-- Detecting C compiler ABI info
-- Detecting C compiler ABI info - done
-- Check for working C compiler: /usr/bin/cc - skipped
-- Detecting C compile features
-- Detecting C compile features - done
-- Detecting CXX compiler ABI info
-- Detecting CXX compiler ABI info - done
-- Check for working CXX compiler: /usr/bin/c++ - skipped
-- Detecting CXX compile features
-- Detecting CXX compile features - done
-- Found ament_cmake: 2.7.3 (/home/nl455/miniconda3/envs/ros_env/share/ament_cmake/cmake)
-- Found Python3: /home/nl455/miniconda3/envs/ros_env/bin/python3 (found version "3.12.12") found components: Interpreter
-- Override CMake install command with custom implementation using symlinks instead of copying resources
-- Found rclcpp: 29.5.3 (/home/nl455/miniconda3/envs/ros_env/share/rclcpp/cmake)
-- Found rosidl_generator_c: 4.9.5 (/home/nl455/miniconda3/envs/ros_env/share/rosidl_generator_c/cmake)
-- Found rosidl_generator_cpp: 4.9.5 (/home/nl455/miniconda3/envs/ros_env/share/rosidl_generator_cpp/cmake)
-- Using all available rosidl_typesupport_c: rosidl_typesupport_fastrtps_c;rosidl_typesupport_introspection_c
-- Using all available rosidl_typesupport_cpp: rosidl_typesupport_fastrtps_cpp;rosidl_typesupport_introspection_cpp
-- Found rmw_implementation_cmake: 7.8.2 (/home/nl455/miniconda3/envs/ros_env/share/rmw_implementation_cmake/cmake)
-- Found rmw_fastrtps_cpp: 9.3.3 (/home/nl455/miniconda3/envs/ros_env/share/rmw_fastrtps_cpp/cmake)
-- Found OpenSSL: /home/nl455/miniconda3/envs/ros_env/lib/libcrypto.so (found version "3.6.0")
-- Using RMW implementation 'rmw_fastrtps_cpp' as default
-- Found mocap4r2_msgs: 0.2.0 (/home/nl455/mocap_ws/install/mocap4r2_msgs/share/mocap4r2_msgs/cmake)
[0mCMake Deprecation Warning at /home/nl455/miniconda3/envs/ros_env/share/ament_cmake_target_dependencies/cmake/ament_target_dependencies.cmake:87 (message):
  ament_target_dependencies() is deprecated.  Use target_link_libraries()
  with modern CMake targets instead.  Try replacing this call with:

    target_link_libraries(mocap4r2_marker_publisher PUBLIC
      ${mocap4r2_msgs_TARGETS}
      rclcpp::rclcpp
    )

Call Stack (most recent call first):
  CMakeLists.txt:27 (ament_target_dependencies)

[0m
-- Found ament_lint_auto: 0.19.2 (/home/nl455/miniconda3/envs/ros_env/share/ament_lint_auto/cmake)
-- Added test 'copyright' to check source files copyright and LICENSE
-- Added test 'cppcheck' to perform static code analysis on C / C++ code
-- Configured cppcheck include dirs: 
-- Configured cppcheck exclude dirs and/or files: 
-- Added test 'cpplint' to check C / C++ code against the Google style
-- Configured cpplint exclude dirs and/or files: 
-- Added test 'lint_cmake' to check CMake code style
-- Added test 'uncrustify' to check C / C++ code style
-- Configured uncrustify additional arguments: 
-- Added test 'xmllint' to check XML markup files
-- Configuring done (0.7s)
-- Generating done (0.0s)
-- Build files have been written to: /home/nl455/mocap_ws/build/mocap4r2_marker_publisher
[ 50%] [32mBuilding CXX object CMakeFiles/mocap4r2_marker_publisher.dir/src/mocap4r2_marker_publisher.cpp.o[0m
[100%] [1m[32mLinking CXX executable mocap4r2_marker_publisher[0m
/usr/bin/ld: cannot find -llttng-ust: No such file or directory
/usr/bin/ld: cannot find -llttng-ust-common: No such file or directory
collect2: error: ld returned 1 exit status
gmake[2]: *** [CMakeFiles/mocap4r2_marker_publisher.dir/build.make:189: mocap4r2_marker_publisher] Error 1
gmake[1]: *** [CMakeFiles/Makefile2:153: CMakeFiles/mocap4r2_marker_publisher.dir/all] Error 2
gmake: *** [Makefile:146: all] Error 2
