[0.289s] Invoking command in '/home/nl455/mocap_ws/build/mocap4r2cli': CMAKE_PREFIX_PATH=/home/nl455/mocap_ws/install/mocap4r2_control_msgs:/home/nl455/mocap_ws/install/rqt_mocap4r2_control:/home/nl455/mocap_ws/install/mocap4r2_robot_gt:/home/nl455/mocap_ws/install/mocap4r2_robot_gt_msgs:/home/nl455/mocap_ws/install/mocap4r2_optitrack_driver:/home/nl455/mocap_ws/install/mocap4r2_marker_viz:/home/nl455/mocap_ws/install/mocap4r2_marker_publisher:/home/nl455/mocap_ws/install/mocap4r2_dummy_driver:/home/nl455/mocap_ws/install/mocap4r2_msgs:/home/nl455/mocap_ws/install/mocap4r2_marker_viz_srvs:/home/nl455/mocap_ws/install/mocap4r2_control CONDA_PROMPT_MODIFIER=(ros_env) DEBUGINFOD_URLS=https://debuginfod.ubuntu.com LD_LIBRARY_PATH=/home/nl455/mocap_ws/install/mocap4r2_control_msgs/lib:/home/nl455/mocap_ws/install/rqt_mocap4r2_control/lib:/home/nl455/mocap_ws/install/mocap4r2_robot_gt/lib:/home/nl455/mocap_ws/install/mocap4r2_robot_gt_msgs/lib:/home/nl455/mocap_ws/install/mocap4r2_optitrack_driver/lib:/home/nl455/mocap_ws/install/mocap4r2_msgs/lib:/home/nl455/mocap_ws/install/mocap4r2_marker_viz_srvs/lib:/home/nl455/mocap_ws/install/mocap4r2_control/lib:/home/nl455/miniconda3/envs/ros_env/opt/rviz_ogre_vendor/lib:/home/nl455/miniconda3/envs/ros_env/lib PYTHONPATH=/home/nl455/mocap_ws/build/mocap4r2cli/prefix_override:/home/nl455/miniconda3/envs/ros_env/lib/python3.12/site-packages/colcon_core/task/python/colcon_distutils_commands:/home/nl455/mocap_ws/install/mocap4r2cli/lib/python3.12/site-packages:/home/nl455/mocap_ws/install/mocap4r2_control_msgs/lib/python3.12/site-packages:/home/nl455/mocap_ws/install/mocap4r2cli/lib/python3.12/site-packages:/home/nl455/mocap_ws/install/mocap4r2_robot_gt_msgs/lib/python3.12/site-packages:/home/nl455/mocap_ws/install/mocap4r2_msgs/lib/python3.12/site-packages:/home/nl455/mocap_ws/install/mocap4r2_marker_viz_srvs/lib/python3.12/site-packages:/home/nl455/miniconda3/envs/ros_env/lib/python/site-packages:/home/nl455/miniconda3/envs/ros_env/lib/python3.12/site-packages /home/nl455/miniconda3/envs/ros_env/bin/python3 -W ignore:setup.py install is deprecated -W ignore:easy_install command is deprecated setup.py develop --editable --build-directory /home/nl455/mocap_ws/build/mocap4r2cli/build --no-deps symlink_data --force
[0.359s] /home/nl455/miniconda3/envs/ros_env/lib/python3.12/site-packages/setuptools/_distutils/dist.py:289: UserWarning: Unknown distribution option: 'tests_require'
[0.359s]   warnings.warn(msg)
[0.370s] /home/nl455/miniconda3/envs/ros_env/lib/python3.12/site-packages/setuptools/dist.py:759: SetuptoolsDeprecationWarning: License classifiers are deprecated.
[0.370s] !!
[0.370s] 
[0.370s]         ********************************************************************************
[0.370s]         Please consider removing the following classifiers in favor of a SPDX license expression:
[0.370s] 
[0.370s]         License :: OSI Approved :: Apache Software License
[0.370s] 
[0.370s]         See https://packaging.python.org/en/latest/guides/writing-pyproject-toml/#license for details.
[0.370s]         ********************************************************************************
[0.370s] 
[0.370s] !!
[0.370s]   self._finalize_license_expression()
[0.407s] running develop
[0.470s] running egg_info
[0.476s] writing mocap4r2cli.egg-info/PKG-INFO
[0.476s] writing dependency_links to mocap4r2cli.egg-info/dependency_links.txt
[0.476s] writing entry points to mocap4r2cli.egg-info/entry_points.txt
[0.476s] writing requirements to mocap4r2cli.egg-info/requires.txt
[0.477s] writing top-level names to mocap4r2cli.egg-info/top_level.txt
[0.490s] reading manifest file 'mocap4r2cli.egg-info/SOURCES.txt'
[0.491s] writing manifest file 'mocap4r2cli.egg-info/SOURCES.txt'
[0.497s] running build_ext
[0.497s] Creating /home/nl455/mocap_ws/install/mocap4r2cli/lib/python3.12/site-packages/mocap4r2cli.egg-link (link to .)
[0.497s] 
[0.498s] Installed /home/nl455/mocap_ws/build/mocap4r2cli
[0.498s] running symlink_data
[0.498s] symbolically linking /home/nl455/mocap_ws/build/mocap4r2cli/package.xml -> /home/nl455/mocap_ws/install/mocap4r2cli/share/mocap4r2cli
[0.498s] symbolically linking /home/nl455/mocap_ws/build/mocap4r2cli/resource/mocap4r2cli -> /home/nl455/mocap_ws/install/mocap4r2cli/share/ament_index/resource_index/packages
[0.523s] Invoked command in '/home/nl455/mocap_ws/build/mocap4r2cli' returned '0': CMAKE_PREFIX_PATH=/home/nl455/mocap_ws/install/mocap4r2_control_msgs:/home/nl455/mocap_ws/install/rqt_mocap4r2_control:/home/nl455/mocap_ws/install/mocap4r2_robot_gt:/home/nl455/mocap_ws/install/mocap4r2_robot_gt_msgs:/home/nl455/mocap_ws/install/mocap4r2_optitrack_driver:/home/nl455/mocap_ws/install/mocap4r2_marker_viz:/home/nl455/mocap_ws/install/mocap4r2_marker_publisher:/home/nl455/mocap_ws/install/mocap4r2_dummy_driver:/home/nl455/mocap_ws/install/mocap4r2_msgs:/home/nl455/mocap_ws/install/mocap4r2_marker_viz_srvs:/home/nl455/mocap_ws/install/mocap4r2_control CONDA_PROMPT_MODIFIER=(ros_env) DEBUGINFOD_URLS=https://debuginfod.ubuntu.com LD_LIBRARY_PATH=/home/nl455/mocap_ws/install/mocap4r2_control_msgs/lib:/home/nl455/mocap_ws/install/rqt_mocap4r2_control/lib:/home/nl455/mocap_ws/install/mocap4r2_robot_gt/lib:/home/nl455/mocap_ws/install/mocap4r2_robot_gt_msgs/lib:/home/nl455/mocap_ws/install/mocap4r2_optitrack_driver/lib:/home/nl455/mocap_ws/install/mocap4r2_msgs/lib:/home/nl455/mocap_ws/install/mocap4r2_marker_viz_srvs/lib:/home/nl455/mocap_ws/install/mocap4r2_control/lib:/home/nl455/miniconda3/envs/ros_env/opt/rviz_ogre_vendor/lib:/home/nl455/miniconda3/envs/ros_env/lib PYTHONPATH=/home/nl455/mocap_ws/build/mocap4r2cli/prefix_override:/home/nl455/miniconda3/envs/ros_env/lib/python3.12/site-packages/colcon_core/task/python/colcon_distutils_commands:/home/nl455/mocap_ws/install/mocap4r2cli/lib/python3.12/site-packages:/home/nl455/mocap_ws/install/mocap4r2_control_msgs/lib/python3.12/site-packages:/home/nl455/mocap_ws/install/mocap4r2cli/lib/python3.12/site-packages:/home/nl455/mocap_ws/install/mocap4r2_robot_gt_msgs/lib/python3.12/site-packages:/home/nl455/mocap_ws/install/mocap4r2_msgs/lib/python3.12/site-packages:/home/nl455/mocap_ws/install/mocap4r2_marker_viz_srvs/lib/python3.12/site-packages:/home/nl455/miniconda3/envs/ros_env/lib/python/site-packages:/home/nl455/miniconda3/envs/ros_env/lib/python3.12/site-packages /home/nl455/miniconda3/envs/ros_env/bin/python3 -W ignore:setup.py install is deprecated -W ignore:easy_install command is deprecated setup.py develop --editable --build-directory /home/nl455/mocap_ws/build/mocap4r2cli/build --no-deps symlink_data --force
