[0mCMake Deprecation Warning at CMakeLists.txt:1 (cmake_minimum_required):
  Compatibility with CMake < 3.10 will be removed from a future version of
  CMake.

  Update the VERSION argument <min> value.  Or, use the <min>...<max> syntax
  to tell CMake that the project requires at least <min> but has been updated
  to work with policies introduced by <max> or earlier.

[0m
-- The C compiler identification is GNU 13.3.0
-- The CXX compiler identification is GNU 13.3.0
-- Detecting C compiler ABI info
-- Detecting C compiler ABI info - done
-- Check for working C compiler: /usr/bin/cc - skipped
-- Detecting C compile features
-- Detecting C compile features - done
-- Detecting CXX compiler ABI info
-- Detecting CXX compiler ABI info - done
-- Check for working CXX compiler: /usr/bin/c++ - skipped
-- Detecting CXX compile features
-- Detecting CXX compile features - done
-- Found ament_cmake: 2.7.3 (/home/nl455/miniconda3/envs/ros_env/share/ament_cmake/cmake)
-- Found Python3: /home/nl455/miniconda3/envs/ros_env/bin/python3 (found version "3.12.12") found components: Interpreter
-- Override CMake install command with custom implementation using symlinks instead of copying resources
-- Found rclcpp: 29.5.3 (/home/nl455/miniconda3/envs/ros_env/share/rclcpp/cmake)
-- Found rosidl_generator_c: 4.9.5 (/home/nl455/miniconda3/envs/ros_env/share/rosidl_generator_c/cmake)
-- Found rosidl_generator_cpp: 4.9.5 (/home/nl455/miniconda3/envs/ros_env/share/rosidl_generator_cpp/cmake)
-- Using all available rosidl_typesupport_c: rosidl_typesupport_fastrtps_c;rosidl_typesupport_introspection_c
-- Using all available rosidl_typesupport_cpp: rosidl_typesupport_fastrtps_cpp;rosidl_typesupport_introspection_cpp
-- Found rmw_implementation_cmake: 7.8.2 (/home/nl455/miniconda3/envs/ros_env/share/rmw_implementation_cmake/cmake)
-- Found rmw_fastrtps_cpp: 9.3.3 (/home/nl455/miniconda3/envs/ros_env/share/rmw_fastrtps_cpp/cmake)
-- Found OpenSSL: /home/nl455/miniconda3/envs/ros_env/lib/libcrypto.so (found version "3.6.0")
-- Using RMW implementation 'rmw_fastrtps_cpp' as default
-- Found rclcpp_lifecycle: 29.5.3 (/home/nl455/miniconda3/envs/ros_env/share/rclcpp_lifecycle/cmake)
-- Found tf2: 0.41.2 (/home/nl455/miniconda3/envs/ros_env/share/tf2/cmake)
-- Found tf2_ros: 0.41.2 (/home/nl455/miniconda3/envs/ros_env/share/tf2_ros/cmake)
-- Found mocap4r2_msgs: 0.2.0 (/home/nl455/mocap_ws/install/mocap4r2_msgs/share/mocap4r2_msgs/cmake)
-- Found mocap4r2_control_msgs: 0.0.7 (/home/nl455/mocap_ws/install/mocap4r2_control_msgs/share/mocap4r2_control_msgs/cmake)
-- Found mocap4r2_control: 0.0.7 (/home/nl455/mocap_ws/install/mocap4r2_control/share/mocap4r2_control/cmake)
[0mCMake Deprecation Warning at /home/nl455/miniconda3/envs/ros_env/share/ament_cmake_target_dependencies/cmake/ament_target_dependencies.cmake:87 (message):
  ament_target_dependencies() is deprecated.  Use target_link_libraries()
  with modern CMake targets instead.  Try replacing this call with:

    target_link_libraries(mocap4r2_optitrack_driver PUBLIC
      ${mocap4r2_control_msgs_TARGETS}
      ${mocap4r2_msgs_TARGETS}
      rclcpp::rclcpp
      rclcpp_lifecycle::rclcpp_lifecycle
      tf2::tf2
      tf2_ros::static_transform_broadcaster_node
      tf2_ros::tf2_ros
    )

Call Stack (most recent call first):
  CMakeLists.txt:47 (ament_target_dependencies)

[0m
[0mCMake Deprecation Warning at /home/nl455/miniconda3/envs/ros_env/share/ament_cmake_target_dependencies/cmake/ament_target_dependencies.cmake:87 (message):
  ament_target_dependencies() is deprecated.  Use target_link_libraries()
  with modern CMake targets instead.  Try replacing this call with:

    target_link_libraries(mocap4r2_optitrack_driver_main PUBLIC
      ${mocap4r2_control_msgs_TARGETS}
      ${mocap4r2_msgs_TARGETS}
      rclcpp::rclcpp
      rclcpp_lifecycle::rclcpp_lifecycle
      tf2::tf2
      tf2_ros::static_transform_broadcaster_node
      tf2_ros::tf2_ros
    )

Call Stack (most recent call first):
  CMakeLists.txt:54 (ament_target_dependencies)

[0m
[0mCMake Deprecation Warning at /home/nl455/miniconda3/envs/ros_env/share/ament_cmake_target_dependencies/cmake/ament_target_dependencies.cmake:87 (message):
  ament_target_dependencies() is deprecated.  Use target_link_libraries()
  with modern CMake targets instead.  Try replacing this call with:

    target_link_libraries(mocap4r2_optitrack_driver PUBLIC
      ${mocap4r2_control_msgs_TARGETS}
      ${mocap4r2_msgs_TARGETS}
      rclcpp::rclcpp
      rclcpp_lifecycle::rclcpp_lifecycle
      tf2::tf2
      tf2_ros::static_transform_broadcaster_node
      tf2_ros::tf2_ros
    )

Call Stack (most recent call first):
  CMakeLists.txt:60 (ament_target_dependencies)

[0m
-- Found ament_cmake_copyright: 0.19.2 (/home/nl455/miniconda3/envs/ros_env/share/ament_cmake_copyright/cmake)
-- Found ament_cmake_cppcheck: 0.19.2 (/home/nl455/miniconda3/envs/ros_env/share/ament_cmake_cppcheck/cmake)
-- Found ament_cmake_cpplint: 0.19.2 (/home/nl455/miniconda3/envs/ros_env/share/ament_cmake_cpplint/cmake)
-- Found ament_cmake_lint_cmake: 0.19.2 (/home/nl455/miniconda3/envs/ros_env/share/ament_cmake_lint_cmake/cmake)
-- Found ament_cmake_xmllint: 0.19.2 (/home/nl455/miniconda3/envs/ros_env/share/ament_cmake_xmllint/cmake)
-- Found ament_cmake_uncrustify: 0.19.2 (/home/nl455/miniconda3/envs/ros_env/share/ament_cmake_uncrustify/cmake)
-- Found ament_cmake_gtest: 2.7.3 (/home/nl455/miniconda3/envs/ros_env/share/ament_cmake_gtest/cmake)
-- Configuring done (0.9s)
-- Generating done (0.0s)
-- Build files have been written to: /home/nl455/mocap_ws/build/mocap4r2_optitrack_driver
[ 25%] [32mBuilding CXX object CMakeFiles/mocap4r2_optitrack_driver.dir/src/mocap4r2_optitrack_driver/mocap4r2_optitrack_driver.cpp.o[0m
[ 50%] [1m[32mLinking CXX static library libmocap4r2_optitrack_driver.a[0m
[ 50%] Built target mocap4r2_optitrack_driver
[ 75%] [32mBuilding CXX object CMakeFiles/mocap4r2_optitrack_driver_main.dir/src/mocap4r2_optitrack_driver_main.cpp.o[0m
[100%] [1m[32mLinking CXX executable mocap4r2_optitrack_driver_main[0m
[100%] Built target mocap4r2_optitrack_driver_main
-- Install configuration: ""
-- Execute custom install script
-- Symlinking: /home/nl455/mocap_ws/install/mocap4r2_optitrack_driver/include//mocap4r2_optitrack_driver/mocap4r2_optitrack_driver.hpp
-- Symlinking: /home/nl455/mocap_ws/install/mocap4r2_optitrack_driver/share/mocap4r2_optitrack_driver/launch/optitrack2.launch.py
-- Symlinking: /home/nl455/mocap_ws/install/mocap4r2_optitrack_driver/share/mocap4r2_optitrack_driver/config/mocap4r2_optitrack_driver_params.yaml
-- Symlinking: /home/nl455/mocap_ws/install/mocap4r2_optitrack_driver/lib/mocap4r2_optitrack_driver/mocap4r2_optitrack_driver_main
-- Symlinking: /home/nl455/mocap_ws/install/mocap4r2_optitrack_driver/lib/libmocap4r2_optitrack_driver.a
-- Symlinking: /home/nl455/mocap_ws/install/mocap4r2_optitrack_driver/share/mocap4r2_optitrack_driver/environment/library_path.sh
-- Symlinking: /home/nl455/mocap_ws/install/mocap4r2_optitrack_driver/share/mocap4r2_optitrack_driver/environment/library_path.dsv
-- Symlinking: /home/nl455/mocap_ws/install/mocap4r2_optitrack_driver/share/ament_index/resource_index/package_run_dependencies/mocap4r2_optitrack_driver
-- Symlinking: /home/nl455/mocap_ws/install/mocap4r2_optitrack_driver/share/ament_index/resource_index/parent_prefix_path/mocap4r2_optitrack_driver
-- Symlinking: /home/nl455/mocap_ws/install/mocap4r2_optitrack_driver/share/mocap4r2_optitrack_driver/environment/ament_prefix_path.sh
-- Symlinking: /home/nl455/mocap_ws/install/mocap4r2_optitrack_driver/share/mocap4r2_optitrack_driver/environment/ament_prefix_path.dsv
-- Symlinking: /home/nl455/mocap_ws/install/mocap4r2_optitrack_driver/share/mocap4r2_optitrack_driver/environment/path.sh
-- Symlinking: /home/nl455/mocap_ws/install/mocap4r2_optitrack_driver/share/mocap4r2_optitrack_driver/environment/path.dsv
-- Symlinking: /home/nl455/mocap_ws/install/mocap4r2_optitrack_driver/share/mocap4r2_optitrack_driver/local_setup.bash
-- Symlinking: /home/nl455/mocap_ws/install/mocap4r2_optitrack_driver/share/mocap4r2_optitrack_driver/local_setup.sh
-- Symlinking: /home/nl455/mocap_ws/install/mocap4r2_optitrack_driver/share/mocap4r2_optitrack_driver/local_setup.zsh
-- Symlinking: /home/nl455/mocap_ws/install/mocap4r2_optitrack_driver/share/mocap4r2_optitrack_driver/local_setup.dsv
-- Symlinking: /home/nl455/mocap_ws/install/mocap4r2_optitrack_driver/share/mocap4r2_optitrack_driver/package.dsv
-- Symlinking: /home/nl455/mocap_ws/install/mocap4r2_optitrack_driver/share/ament_index/resource_index/packages/mocap4r2_optitrack_driver
-- Symlinking: /home/nl455/mocap_ws/install/mocap4r2_optitrack_driver/share/mocap4r2_optitrack_driver/cmake/ament_cmake_export_include_directories-extras.cmake
-- Symlinking: /home/nl455/mocap_ws/install/mocap4r2_optitrack_driver/share/mocap4r2_optitrack_driver/cmake/ament_cmake_export_libraries-extras.cmake
-- Symlinking: /home/nl455/mocap_ws/install/mocap4r2_optitrack_driver/share/mocap4r2_optitrack_driver/cmake/ament_cmake_export_dependencies-extras.cmake
-- Symlinking: /home/nl455/mocap_ws/install/mocap4r2_optitrack_driver/share/mocap4r2_optitrack_driver/cmake/mocap4r2_optitrack_driverConfig.cmake
-- Symlinking: /home/nl455/mocap_ws/install/mocap4r2_optitrack_driver/share/mocap4r2_optitrack_driver/cmake/mocap4r2_optitrack_driverConfig-version.cmake
-- Symlinking: /home/nl455/mocap_ws/install/mocap4r2_optitrack_driver/share/mocap4r2_optitrack_driver/package.xml
