/home/nl455/miniconda3/envs/ros_env/lib/python3.12/site-packages/setuptools/_distutils/dist.py:289: UserWarning: Unknown distribution option: 'tests_require'
  warnings.warn(msg)
/home/nl455/miniconda3/envs/ros_env/lib/python3.12/site-packages/setuptools/dist.py:759: SetuptoolsDeprecationWarning: License classifiers are deprecated.
!!

        ********************************************************************************
        Please consider removing the following classifiers in favor of a SPDX license expression:

        License :: OSI Approved :: Apache Software License

        See https://packaging.python.org/en/latest/guides/writing-pyproject-toml/#license for details.
        ********************************************************************************

!!
  self._finalize_license_expression()
running develop
Removing /home/nl455/mocap_ws/install/mocap4r2cli/lib/python3.12/site-packages/mocap4r2cli.egg-link (link to .)
/home/nl455/miniconda3/envs/ros_env/lib/python3.12/site-packages/setuptools/_distutils/dist.py:289: UserWarning: Unknown distribution option: 'tests_require'
  warnings.warn(msg)
/home/nl455/miniconda3/envs/ros_env/lib/python3.12/site-packages/setuptools/dist.py:759: SetuptoolsDeprecationWarning: License classifiers are deprecated.
!!

        ********************************************************************************
        Please consider removing the following classifiers in favor of a SPDX license expression:

        License :: OSI Approved :: Apache Software License

        See https://packaging.python.org/en/latest/guides/writing-pyproject-toml/#license for details.
        ********************************************************************************

!!
  self._finalize_license_expression()
running egg_info
writing ../../../build/mocap4r2cli/mocap4r2cli.egg-info/PKG-INFO
writing dependency_links to ../../../build/mocap4r2cli/mocap4r2cli.egg-info/dependency_links.txt
writing entry points to ../../../build/mocap4r2cli/mocap4r2cli.egg-info/entry_points.txt
writing requirements to ../../../build/mocap4r2cli/mocap4r2cli.egg-info/requires.txt
writing top-level names to ../../../build/mocap4r2cli/mocap4r2cli.egg-info/top_level.txt
reading manifest file '../../../build/mocap4r2cli/mocap4r2cli.egg-info/SOURCES.txt'
adding license file 'LICENSE'
writing manifest file '../../../build/mocap4r2cli/mocap4r2cli.egg-info/SOURCES.txt'
running build
running build_py
creating /home/nl455/mocap_ws/build/mocap4r2cli/build/lib/mocap4r2cli
copying mocap4r2cli/__init__.py -> /home/nl455/mocap_ws/build/mocap4r2cli/build/lib/mocap4r2cli
creating /home/nl455/mocap_ws/build/mocap4r2cli/build/lib/mocap4r2cli/api
copying mocap4r2cli/api/__init__.py -> /home/nl455/mocap_ws/build/mocap4r2cli/build/lib/mocap4r2cli/api
creating /home/nl455/mocap_ws/build/mocap4r2cli/build/lib/mocap4r2cli/command
copying mocap4r2cli/command/mocap4r2.py -> /home/nl455/mocap_ws/build/mocap4r2cli/build/lib/mocap4r2cli/command
copying mocap4r2cli/command/__init__.py -> /home/nl455/mocap_ws/build/mocap4r2cli/build/lib/mocap4r2cli/command
creating /home/nl455/mocap_ws/build/mocap4r2cli/build/lib/mocap4r2cli/verb
copying mocap4r2cli/verb/stop.py -> /home/nl455/mocap_ws/build/mocap4r2cli/build/lib/mocap4r2cli/verb
copying mocap4r2cli/verb/__init__.py -> /home/nl455/mocap_ws/build/mocap4r2cli/build/lib/mocap4r2cli/verb
copying mocap4r2cli/verb/start.py -> /home/nl455/mocap_ws/build/mocap4r2cli/build/lib/mocap4r2cli/verb
copying mocap4r2cli/verb/status.py -> /home/nl455/mocap_ws/build/mocap4r2cli/build/lib/mocap4r2cli/verb
running install
running install_lib
creating /home/nl455/mocap_ws/install/mocap4r2cli/lib/python3.12/site-packages/mocap4r2cli
creating /home/nl455/mocap_ws/install/mocap4r2cli/lib/python3.12/site-packages/mocap4r2cli/api
copying /home/nl455/mocap_ws/build/mocap4r2cli/build/lib/mocap4r2cli/api/__init__.py -> /home/nl455/mocap_ws/install/mocap4r2cli/lib/python3.12/site-packages/mocap4r2cli/api
creating /home/nl455/mocap_ws/install/mocap4r2cli/lib/python3.12/site-packages/mocap4r2cli/command
copying /home/nl455/mocap_ws/build/mocap4r2cli/build/lib/mocap4r2cli/command/mocap4r2.py -> /home/nl455/mocap_ws/install/mocap4r2cli/lib/python3.12/site-packages/mocap4r2cli/command
copying /home/nl455/mocap_ws/build/mocap4r2cli/build/lib/mocap4r2cli/command/__init__.py -> /home/nl455/mocap_ws/install/mocap4r2cli/lib/python3.12/site-packages/mocap4r2cli/command
creating /home/nl455/mocap_ws/install/mocap4r2cli/lib/python3.12/site-packages/mocap4r2cli/verb
copying /home/nl455/mocap_ws/build/mocap4r2cli/build/lib/mocap4r2cli/verb/stop.py -> /home/nl455/mocap_ws/install/mocap4r2cli/lib/python3.12/site-packages/mocap4r2cli/verb
copying /home/nl455/mocap_ws/build/mocap4r2cli/build/lib/mocap4r2cli/verb/__init__.py -> /home/nl455/mocap_ws/install/mocap4r2cli/lib/python3.12/site-packages/mocap4r2cli/verb
copying /home/nl455/mocap_ws/build/mocap4r2cli/build/lib/mocap4r2cli/verb/start.py -> /home/nl455/mocap_ws/install/mocap4r2cli/lib/python3.12/site-packages/mocap4r2cli/verb
copying /home/nl455/mocap_ws/build/mocap4r2cli/build/lib/mocap4r2cli/verb/status.py -> /home/nl455/mocap_ws/install/mocap4r2cli/lib/python3.12/site-packages/mocap4r2cli/verb
copying /home/nl455/mocap_ws/build/mocap4r2cli/build/lib/mocap4r2cli/__init__.py -> /home/nl455/mocap_ws/install/mocap4r2cli/lib/python3.12/site-packages/mocap4r2cli
byte-compiling /home/nl455/mocap_ws/install/mocap4r2cli/lib/python3.12/site-packages/mocap4r2cli/api/__init__.py to __init__.cpython-312.pyc
byte-compiling /home/nl455/mocap_ws/install/mocap4r2cli/lib/python3.12/site-packages/mocap4r2cli/command/mocap4r2.py to mocap4r2.cpython-312.pyc
byte-compiling /home/nl455/mocap_ws/install/mocap4r2cli/lib/python3.12/site-packages/mocap4r2cli/command/__init__.py to __init__.cpython-312.pyc
byte-compiling /home/nl455/mocap_ws/install/mocap4r2cli/lib/python3.12/site-packages/mocap4r2cli/verb/stop.py to stop.cpython-312.pyc
byte-compiling /home/nl455/mocap_ws/install/mocap4r2cli/lib/python3.12/site-packages/mocap4r2cli/verb/__init__.py to __init__.cpython-312.pyc
byte-compiling /home/nl455/mocap_ws/install/mocap4r2cli/lib/python3.12/site-packages/mocap4r2cli/verb/start.py to start.cpython-312.pyc
byte-compiling /home/nl455/mocap_ws/install/mocap4r2cli/lib/python3.12/site-packages/mocap4r2cli/verb/status.py to status.cpython-312.pyc
byte-compiling /home/nl455/mocap_ws/install/mocap4r2cli/lib/python3.12/site-packages/mocap4r2cli/__init__.py to __init__.cpython-312.pyc
running install_data
copying package.xml -> /home/nl455/mocap_ws/install/mocap4r2cli/share/mocap4r2cli
copying resource/mocap4r2cli -> /home/nl455/mocap_ws/install/mocap4r2cli/share/ament_index/resource_index/packages
running install_egg_info
Copying ../../../build/mocap4r2cli/mocap4r2cli.egg-info to /home/nl455/mocap_ws/install/mocap4r2cli/lib/python3.12/site-packages/mocap4r2cli-0.0.1-py3.12.egg-info
running install_scripts
writing list of installed files to '/home/nl455/mocap_ws/build/mocap4r2cli/install.log'
