[0.013s] Invoking command in '/home/nl455/mocap_ws/build/mocap4r2_control_msgs': CMAKE_PREFIX_PATH=/home/nl455/miniconda3/envs/ros_env CONDA_PROMPT_MODIFIER=(ros_env) DEBUGINFOD_URLS=https://debuginfod.ubuntu.com /home/nl455/miniconda3/envs/ros_env/bin/cmake /home/nl455/mocap_ws/src/mocap4r2/mocap4r2_control/mocap4r2_control_msgs -DAMENT_CMAKE_SYMLINK_INSTALL=1 -DCMAKE_INSTALL_PREFIX=/home/nl455/mocap_ws/install/mocap4r2_control_msgs
[0.022s] [0mCMake Deprecation Warning at CMakeLists.txt:1 (cmake_minimum_required):
[0.022s]   Compatibility with CMake < 3.10 will be removed from a future version of
[0.022s]   CMake.
[0.022s] 
[0.022s]   Update the VERSION argument <min> value.  Or, use the <min>...<max> syntax
[0.022s]   to tell CMake that the project requires at least <min> but has been updated
[0.022s]   to work with policies introduced by <max> or earlier.
[0.022s] 
[0.022s] [0m
[0.077s] -- The C compiler identification is GNU 13.3.0
[0.133s] -- The CXX compiler identification is GNU 13.3.0
[0.137s] -- Detecting C compiler ABI info
[0.171s] -- Detecting C compiler ABI info - done
[0.179s] -- Check for working C compiler: /usr/bin/cc - skipped
[0.179s] -- Detecting C compile features
[0.179s] -- Detecting C compile features - done
[0.185s] -- Detecting CXX compiler ABI info
[0.223s] -- Detecting CXX compiler ABI info - done
[0.230s] -- Check for working CXX compiler: /usr/bin/c++ - skipped
[0.231s] -- Detecting CXX compile features
[0.231s] -- Detecting CXX compile features - done
[0.236s] -- Found ament_cmake: 2.7.3 (/home/nl455/miniconda3/envs/ros_env/share/ament_cmake/cmake)
[0.298s] -- Found Python3: /home/nl455/miniconda3/envs/ros_env/bin/python3 (found version "3.12.12") found components: Interpreter
[0.335s] -- Override CMake install command with custom implementation using symlinks instead of copying resources
[0.363s] -- Found rosidl_default_generators: 1.7.1 (/home/nl455/miniconda3/envs/ros_env/share/rosidl_default_generators/cmake)
[0.367s] -- Using all available rosidl_typesupport_c: rosidl_typesupport_fastrtps_c;rosidl_typesupport_introspection_c
[0.400s] -- Using all available rosidl_typesupport_cpp: rosidl_typesupport_fastrtps_cpp;rosidl_typesupport_introspection_cpp
[0.428s] -- Found rosidl_adapter: 4.9.5 (/home/nl455/miniconda3/envs/ros_env/share/rosidl_adapter/cmake)
[0.431s] -- Found builtin_interfaces: 2.3.0 (/home/nl455/miniconda3/envs/ros_env/share/builtin_interfaces/cmake)
[0.440s] -- Found std_msgs: 5.5.0 (/home/nl455/miniconda3/envs/ros_env/share/std_msgs/cmake)
[0.451s] -- Found geometry_msgs: 5.5.0 (/home/nl455/miniconda3/envs/ros_env/share/geometry_msgs/cmake)
[0.741s] -- Found ament_cmake_ros_core: 0.14.3 (/home/nl455/miniconda3/envs/ros_env/share/ament_cmake_ros_core/cmake)
[0.963s] -- Using all available rosidl_typesupport_c: rosidl_typesupport_fastrtps_c;rosidl_typesupport_introspection_c
[1.264s] -- Using all available rosidl_typesupport_cpp: rosidl_typesupport_fastrtps_cpp;rosidl_typesupport_introspection_cpp
[1.502s] -- Found Python3: /home/nl455/miniconda3/envs/ros_env/bin/python3 (found version "3.12.12") found components: Interpreter Development NumPy Development.Module Development.Embed
[1.545s] -- Configuring done (1.5s)
[1.568s] -- Generating done (0.0s)
[1.586s] -- Build files have been written to: /home/nl455/mocap_ws/build/mocap4r2_control_msgs
[1.591s] Invoked command in '/home/nl455/mocap_ws/build/mocap4r2_control_msgs' returned '0': CMAKE_PREFIX_PATH=/home/nl455/miniconda3/envs/ros_env CONDA_PROMPT_MODIFIER=(ros_env) DEBUGINFOD_URLS=https://debuginfod.ubuntu.com /home/nl455/miniconda3/envs/ros_env/bin/cmake /home/nl455/mocap_ws/src/mocap4r2/mocap4r2_control/mocap4r2_control_msgs -DAMENT_CMAKE_SYMLINK_INSTALL=1 -DCMAKE_INSTALL_PREFIX=/home/nl455/mocap_ws/install/mocap4r2_control_msgs
[1.593s] Invoking command in '/home/nl455/mocap_ws/build/mocap4r2_control_msgs': CMAKE_PREFIX_PATH=/home/nl455/miniconda3/envs/ros_env CONDA_PROMPT_MODIFIER=(ros_env) DEBUGINFOD_URLS=https://debuginfod.ubuntu.com /home/nl455/miniconda3/envs/ros_env/bin/cmake --build /home/nl455/mocap_ws/build/mocap4r2_control_msgs -- -j32 -l32
[1.610s] [  2%] [1m[34mGenerating type hashes for ROS interfaces[0m
[1.612s] [  2%] Built target ament_cmake_python_symlink_mocap4r2_control_msgs
[1.699s] [  2%] Built target mocap4r2_control_msgs__rosidl_generator_type_description
[1.702s] running egg_info
[1.702s] [  4%] [1m[34mGenerating C code for ROS interfaces[0m
[1.705s] [  6%] [1m[34mGenerating C++ code for ROS interfaces[0m
[1.708s] creating mocap4r2_control_msgs.egg-info
[1.708s] writing mocap4r2_control_msgs.egg-info/PKG-INFO
[1.709s] writing dependency_links to mocap4r2_control_msgs.egg-info/dependency_links.txt
[1.709s] writing top-level names to mocap4r2_control_msgs.egg-info/top_level.txt
[1.709s] writing manifest file 'mocap4r2_control_msgs.egg-info/SOURCES.txt'
[1.728s] reading manifest file 'mocap4r2_control_msgs.egg-info/SOURCES.txt'
[1.728s] writing manifest file 'mocap4r2_control_msgs.egg-info/SOURCES.txt'
[1.747s] [  6%] Built target ament_cmake_python_build_mocap4r2_control_msgs_egg
[1.819s] [  6%] Built target mocap4r2_control_msgs__cpp
[1.843s] [  9%] [32mBuilding C object CMakeFiles/mocap4r2_control_msgs__rosidl_generator_c.dir/rosidl_generator_c/mocap4r2_control_msgs/msg/detail/control__description.c.o[0m
[1.843s] [ 15%] [32mBuilding C object CMakeFiles/mocap4r2_control_msgs__rosidl_generator_c.dir/rosidl_generator_c/mocap4r2_control_msgs/msg/detail/mocap_info__type_support.c.o[0m
[1.843s] [ 15%] [32mBuilding C object CMakeFiles/mocap4r2_control_msgs__rosidl_generator_c.dir/rosidl_generator_c/mocap4r2_control_msgs/msg/detail/mocap_info__description.c.o[0m
[1.843s] [ 15%] [32mBuilding C object CMakeFiles/mocap4r2_control_msgs__rosidl_generator_c.dir/rosidl_generator_c/mocap4r2_control_msgs/msg/detail/control__type_support.c.o[0m
[1.843s] [ 20%] [32mBuilding C object CMakeFiles/mocap4r2_control_msgs__rosidl_generator_c.dir/rosidl_generator_c/mocap4r2_control_msgs/msg/detail/mocap_info__functions.c.o[0m
[1.843s] [ 20%] [32mBuilding C object CMakeFiles/mocap4r2_control_msgs__rosidl_generator_c.dir/rosidl_generator_c/mocap4r2_control_msgs/msg/detail/control__functions.c.o[0m
[1.872s] [ 22%] [1m[32mLinking C shared library libmocap4r2_control_msgs__rosidl_generator_c.so[0m
[1.890s] [ 22%] Built target mocap4r2_control_msgs__rosidl_generator_c
[1.894s] [ 25%] [1m[34mGenerating C++ introspection for ROS interfaces[0m
[1.895s] [ 31%] [1m[34mGenerating C type support dispatch for ROS interfaces[0m
[1.895s] [ 31%] [1m[34mGenerating C++ type support dispatch for ROS interfaces[0m
[1.895s] [ 31%] [1m[34mGenerating C++ type support for eProsima Fast-RTPS[0m
[1.895s] [ 34%] [1m[34mGenerating C introspection for ROS interfaces[0m
[1.896s] [ 36%] [1m[34mGenerating C type support for eProsima Fast-RTPS[0m
[2.010s] [ 38%] [32mBuilding CXX object CMakeFiles/mocap4r2_control_msgs__rosidl_typesupport_cpp.dir/rosidl_typesupport_cpp/mocap4r2_control_msgs/msg/mocap_info__type_support.cpp.o[0m
[2.010s] [ 40%] [32mBuilding CXX object CMakeFiles/mocap4r2_control_msgs__rosidl_typesupport_cpp.dir/rosidl_typesupport_cpp/mocap4r2_control_msgs/msg/control__type_support.cpp.o[0m
[2.015s] [ 43%] [32mBuilding CXX object CMakeFiles/mocap4r2_control_msgs__rosidl_typesupport_c.dir/rosidl_typesupport_c/mocap4r2_control_msgs/msg/mocap_info__type_support.cpp.o[0m
[2.015s] [ 45%] [32mBuilding CXX object CMakeFiles/mocap4r2_control_msgs__rosidl_typesupport_c.dir/rosidl_typesupport_c/mocap4r2_control_msgs/msg/control__type_support.cpp.o[0m
[2.017s] [ 47%] [32mBuilding C object CMakeFiles/mocap4r2_control_msgs__rosidl_typesupport_introspection_c.dir/rosidl_typesupport_introspection_c/mocap4r2_control_msgs/msg/detail/mocap_info__type_support.c.o[0m
[2.017s] [ 50%] [32mBuilding C object CMakeFiles/mocap4r2_control_msgs__rosidl_typesupport_introspection_c.dir/rosidl_typesupport_introspection_c/mocap4r2_control_msgs/msg/detail/control__type_support.c.o[0m
[2.033s] [ 52%] [32mBuilding CXX object CMakeFiles/mocap4r2_control_msgs__rosidl_typesupport_introspection_cpp.dir/rosidl_typesupport_introspection_cpp/mocap4r2_control_msgs/msg/detail/control__type_support.cpp.o[0m
[2.033s] [ 54%] [32mBuilding CXX object CMakeFiles/mocap4r2_control_msgs__rosidl_typesupport_introspection_cpp.dir/rosidl_typesupport_introspection_cpp/mocap4r2_control_msgs/msg/detail/mocap_info__type_support.cpp.o[0m
[2.039s] [ 59%] [32mBuilding CXX object CMakeFiles/mocap4r2_control_msgs__rosidl_typesupport_fastrtps_cpp.dir/rosidl_typesupport_fastrtps_cpp/mocap4r2_control_msgs/msg/detail/dds_fastrtps/mocap_info__type_support.cpp.o[0m
[2.039s] [ 59%] [32mBuilding CXX object CMakeFiles/mocap4r2_control_msgs__rosidl_typesupport_fastrtps_cpp.dir/rosidl_typesupport_fastrtps_cpp/mocap4r2_control_msgs/msg/detail/dds_fastrtps/control__type_support.cpp.o[0m
[2.041s] [ 61%] [1m[32mLinking CXX shared library libmocap4r2_control_msgs__rosidl_typesupport_c.so[0m
[2.045s] [ 63%] [1m[32mLinking C shared library libmocap4r2_control_msgs__rosidl_typesupport_introspection_c.so[0m
[2.053s] [ 65%] [32mBuilding CXX object CMakeFiles/mocap4r2_control_msgs__rosidl_typesupport_fastrtps_c.dir/rosidl_typesupport_fastrtps_c/mocap4r2_control_msgs/msg/detail/control__type_support_c.cpp.o[0m
[2.054s] [ 68%] [32mBuilding CXX object CMakeFiles/mocap4r2_control_msgs__rosidl_typesupport_fastrtps_c.dir/rosidl_typesupport_fastrtps_c/mocap4r2_control_msgs/msg/detail/mocap_info__type_support_c.cpp.o[0m
[2.062s] [ 68%] Built target mocap4r2_control_msgs__rosidl_typesupport_introspection_c
[2.072s] [ 68%] Built target mocap4r2_control_msgs__rosidl_typesupport_c
[2.245s] [ 70%] [1m[32mLinking CXX shared library libmocap4r2_control_msgs__rosidl_typesupport_cpp.so[0m
[2.282s] [ 70%] Built target mocap4r2_control_msgs__rosidl_typesupport_cpp
[2.290s] [ 72%] [1m[32mLinking CXX shared library libmocap4r2_control_msgs__rosidl_typesupport_introspection_cpp.so[0m
[2.349s] [ 72%] Built target mocap4r2_control_msgs__rosidl_typesupport_introspection_cpp
[2.396s] [ 75%] [1m[32mLinking CXX shared library libmocap4r2_control_msgs__rosidl_typesupport_fastrtps_c.so[0m
[2.411s] [ 77%] [1m[32mLinking CXX shared library libmocap4r2_control_msgs__rosidl_typesupport_fastrtps_cpp.so[0m
[2.496s] [ 77%] Built target mocap4r2_control_msgs__rosidl_typesupport_fastrtps_c
[2.514s] [ 77%] Built target mocap4r2_control_msgs__rosidl_typesupport_fastrtps_cpp
[2.529s] [ 77%] Built target mocap4r2_control_msgs
[2.543s] [ 79%] [1m[34mGenerating Python code for ROS interfaces[0m
[2.761s] [ 79%] Built target mocap4r2_control_msgs__py
[2.769s] [ 81%] [32mBuilding C object CMakeFiles/mocap4r2_control_msgs__rosidl_generator_py.dir/rosidl_generator_py/mocap4r2_control_msgs/msg/_mocap_info_s.c.o[0m
[2.771s] [ 84%] [32mBuilding C object CMakeFiles/mocap4r2_control_msgs__rosidl_generator_py.dir/rosidl_generator_py/mocap4r2_control_msgs/msg/_control_s.c.o[0m
[2.850s] [ 86%] [1m[32mLinking C shared library libmocap4r2_control_msgs__rosidl_generator_py.so[0m
[2.868s] [ 86%] Built target mocap4r2_control_msgs__rosidl_generator_py
[2.876s] [ 90%] [32mBuilding C object CMakeFiles/mocap4r2_control_msgs_s__rosidl_typesupport_c.dir/rosidl_generator_py/mocap4r2_control_msgs/_mocap4r2_control_msgs_s.ep.rosidl_typesupport_c.c.o[0m
[2.876s] [ 90%] [32mBuilding C object CMakeFiles/mocap4r2_control_msgs_s__rosidl_typesupport_fastrtps_c.dir/rosidl_generator_py/mocap4r2_control_msgs/_mocap4r2_control_msgs_s.ep.rosidl_typesupport_fastrtps_c.c.o[0m
[2.876s] [ 93%] [32mBuilding C object CMakeFiles/mocap4r2_control_msgs_s__rosidl_typesupport_introspection_c.dir/rosidl_generator_py/mocap4r2_control_msgs/_mocap4r2_control_msgs_s.ep.rosidl_typesupport_introspection_c.c.o[0m
[2.921s] [ 95%] [1m[32mLinking C shared module rosidl_generator_py/mocap4r2_control_msgs/mocap4r2_control_msgs_s__rosidl_typesupport_introspection_c.so[0m
[2.921s] [ 97%] [1m[32mLinking C shared module rosidl_generator_py/mocap4r2_control_msgs/mocap4r2_control_msgs_s__rosidl_typesupport_c.so[0m
[2.924s] [100%] [1m[32mLinking C shared module rosidl_generator_py/mocap4r2_control_msgs/mocap4r2_control_msgs_s__rosidl_typesupport_fastrtps_c.so[0m
[2.933s] [100%] Built target mocap4r2_control_msgs_s__rosidl_typesupport_c
[2.933s] [100%] Built target mocap4r2_control_msgs_s__rosidl_typesupport_introspection_c
[2.937s] [100%] Built target mocap4r2_control_msgs_s__rosidl_typesupport_fastrtps_c
[2.942s] Invoked command in '/home/nl455/mocap_ws/build/mocap4r2_control_msgs' returned '0': CMAKE_PREFIX_PATH=/home/nl455/miniconda3/envs/ros_env CONDA_PROMPT_MODIFIER=(ros_env) DEBUGINFOD_URLS=https://debuginfod.ubuntu.com /home/nl455/miniconda3/envs/ros_env/bin/cmake --build /home/nl455/mocap_ws/build/mocap4r2_control_msgs -- -j32 -l32
[2.945s] Invoking command in '/home/nl455/mocap_ws/build/mocap4r2_control_msgs': CMAKE_PREFIX_PATH=/home/nl455/miniconda3/envs/ros_env CONDA_PROMPT_MODIFIER=(ros_env) DEBUGINFOD_URLS=https://debuginfod.ubuntu.com /home/nl455/miniconda3/envs/ros_env/bin/cmake --install /home/nl455/mocap_ws/build/mocap4r2_control_msgs
[2.948s] -- Install configuration: ""
[2.948s] -- Execute custom install script
[2.948s] -- Symlinking: /home/nl455/mocap_ws/install/mocap4r2_control_msgs/share/ament_index/resource_index/rosidl_interfaces/mocap4r2_control_msgs
[2.951s] -- Symlinking: /home/nl455/mocap_ws/install/mocap4r2_control_msgs/share/mocap4r2_control_msgs/msg/Control.json
[2.954s] -- Symlinking: /home/nl455/mocap_ws/install/mocap4r2_control_msgs/share/mocap4r2_control_msgs/msg/MocapInfo.json
[2.958s] -- Symlinking: /home/nl455/mocap_ws/install/mocap4r2_control_msgs/include/mocap4r2_control_msgs/mocap4r2_control_msgs/msg/control.h
[2.961s] -- Symlinking: /home/nl455/mocap_ws/install/mocap4r2_control_msgs/include/mocap4r2_control_msgs/mocap4r2_control_msgs/msg/detail/control__functions.h
[2.964s] -- Symlinking: /home/nl455/mocap_ws/install/mocap4r2_control_msgs/include/mocap4r2_control_msgs/mocap4r2_control_msgs/msg/detail/control__struct.h
[2.967s] -- Symlinking: /home/nl455/mocap_ws/install/mocap4r2_control_msgs/include/mocap4r2_control_msgs/mocap4r2_control_msgs/msg/detail/control__type_support.h
[2.969s] -- Symlinking: /home/nl455/mocap_ws/install/mocap4r2_control_msgs/include/mocap4r2_control_msgs/mocap4r2_control_msgs/msg/detail/mocap_info__functions.h
[2.972s] -- Symlinking: /home/nl455/mocap_ws/install/mocap4r2_control_msgs/include/mocap4r2_control_msgs/mocap4r2_control_msgs/msg/detail/mocap_info__struct.h
[2.975s] -- Symlinking: /home/nl455/mocap_ws/install/mocap4r2_control_msgs/include/mocap4r2_control_msgs/mocap4r2_control_msgs/msg/detail/mocap_info__type_support.h
[2.978s] -- Symlinking: /home/nl455/mocap_ws/install/mocap4r2_control_msgs/include/mocap4r2_control_msgs/mocap4r2_control_msgs/msg/mocap_info.h
[2.980s] -- Symlinking: /home/nl455/mocap_ws/install/mocap4r2_control_msgs/include/mocap4r2_control_msgs/mocap4r2_control_msgs/msg/rosidl_generator_c__visibility_control.h
[2.983s] -- Symlinking: /home/nl455/mocap_ws/install/mocap4r2_control_msgs/share/mocap4r2_control_msgs/environment/library_path.sh
[2.986s] -- Symlinking: /home/nl455/mocap_ws/install/mocap4r2_control_msgs/share/mocap4r2_control_msgs/environment/library_path.dsv
[2.989s] -- Symlinking: /home/nl455/mocap_ws/install/mocap4r2_control_msgs/include/mocap4r2_control_msgs/mocap4r2_control_msgs/msg/detail/control__rosidl_typesupport_fastrtps_c.h
[2.992s] -- Symlinking: /home/nl455/mocap_ws/install/mocap4r2_control_msgs/include/mocap4r2_control_msgs/mocap4r2_control_msgs/msg/detail/mocap_info__rosidl_typesupport_fastrtps_c.h
[2.996s] -- Symlinking: /home/nl455/mocap_ws/install/mocap4r2_control_msgs/include/mocap4r2_control_msgs/mocap4r2_control_msgs/msg/rosidl_typesupport_fastrtps_c__visibility_control.h
[2.998s] -- Symlinking: /home/nl455/mocap_ws/install/mocap4r2_control_msgs/include/mocap4r2_control_msgs/mocap4r2_control_msgs/msg/detail/control__rosidl_typesupport_introspection_c.h
[3.001s] -- Symlinking: /home/nl455/mocap_ws/install/mocap4r2_control_msgs/include/mocap4r2_control_msgs/mocap4r2_control_msgs/msg/detail/mocap_info__rosidl_typesupport_introspection_c.h
[3.004s] -- Symlinking: /home/nl455/mocap_ws/install/mocap4r2_control_msgs/include/mocap4r2_control_msgs/mocap4r2_control_msgs/msg/rosidl_typesupport_introspection_c__visibility_control.h
[3.007s] -- Symlinking: /home/nl455/mocap_ws/install/mocap4r2_control_msgs/include/mocap4r2_control_msgs/mocap4r2_control_msgs/msg/control.hpp
[3.009s] -- Symlinking: /home/nl455/mocap_ws/install/mocap4r2_control_msgs/include/mocap4r2_control_msgs/mocap4r2_control_msgs/msg/detail/control__builder.hpp
[3.012s] -- Symlinking: /home/nl455/mocap_ws/install/mocap4r2_control_msgs/include/mocap4r2_control_msgs/mocap4r2_control_msgs/msg/detail/control__struct.hpp
[3.015s] -- Symlinking: /home/nl455/mocap_ws/install/mocap4r2_control_msgs/include/mocap4r2_control_msgs/mocap4r2_control_msgs/msg/detail/control__traits.hpp
[3.018s] -- Symlinking: /home/nl455/mocap_ws/install/mocap4r2_control_msgs/include/mocap4r2_control_msgs/mocap4r2_control_msgs/msg/detail/control__type_support.hpp
[3.020s] -- Symlinking: /home/nl455/mocap_ws/install/mocap4r2_control_msgs/include/mocap4r2_control_msgs/mocap4r2_control_msgs/msg/detail/mocap_info__builder.hpp
[3.023s] -- Symlinking: /home/nl455/mocap_ws/install/mocap4r2_control_msgs/include/mocap4r2_control_msgs/mocap4r2_control_msgs/msg/detail/mocap_info__struct.hpp
[3.025s] -- Symlinking: /home/nl455/mocap_ws/install/mocap4r2_control_msgs/include/mocap4r2_control_msgs/mocap4r2_control_msgs/msg/detail/mocap_info__traits.hpp
[3.028s] -- Symlinking: /home/nl455/mocap_ws/install/mocap4r2_control_msgs/include/mocap4r2_control_msgs/mocap4r2_control_msgs/msg/detail/mocap_info__type_support.hpp
[3.031s] -- Symlinking: /home/nl455/mocap_ws/install/mocap4r2_control_msgs/include/mocap4r2_control_msgs/mocap4r2_control_msgs/msg/mocap_info.hpp
[3.033s] -- Symlinking: /home/nl455/mocap_ws/install/mocap4r2_control_msgs/include/mocap4r2_control_msgs/mocap4r2_control_msgs/msg/rosidl_generator_cpp__visibility_control.hpp
[3.036s] -- Symlinking: /home/nl455/mocap_ws/install/mocap4r2_control_msgs/include/mocap4r2_control_msgs/mocap4r2_control_msgs/msg/detail/control__rosidl_typesupport_fastrtps_cpp.hpp
[3.039s] -- Symlinking: /home/nl455/mocap_ws/install/mocap4r2_control_msgs/include/mocap4r2_control_msgs/mocap4r2_control_msgs/msg/detail/mocap_info__rosidl_typesupport_fastrtps_cpp.hpp
[3.042s] -- Symlinking: /home/nl455/mocap_ws/install/mocap4r2_control_msgs/include/mocap4r2_control_msgs/mocap4r2_control_msgs/msg/rosidl_typesupport_fastrtps_cpp__visibility_control.h
[3.045s] -- Symlinking: /home/nl455/mocap_ws/install/mocap4r2_control_msgs/include/mocap4r2_control_msgs/mocap4r2_control_msgs/msg/detail/control__rosidl_typesupport_introspection_cpp.hpp
[3.047s] -- Symlinking: /home/nl455/mocap_ws/install/mocap4r2_control_msgs/include/mocap4r2_control_msgs/mocap4r2_control_msgs/msg/detail/mocap_info__rosidl_typesupport_introspection_cpp.hpp
[3.050s] -- Symlinking: /home/nl455/mocap_ws/install/mocap4r2_control_msgs/share/mocap4r2_control_msgs/environment/pythonpath.sh
[3.053s] -- Symlinking: /home/nl455/mocap_ws/install/mocap4r2_control_msgs/share/mocap4r2_control_msgs/environment/pythonpath.dsv
[3.055s] -- Symlinking: /home/nl455/mocap_ws/install/mocap4r2_control_msgs/lib/python3.12/site-packages/mocap4r2_control_msgs-0.0.7-py3.12.egg-info/PKG-INFO
[3.058s] -- Symlinking: /home/nl455/mocap_ws/install/mocap4r2_control_msgs/lib/python3.12/site-packages/mocap4r2_control_msgs-0.0.7-py3.12.egg-info/SOURCES.txt
[3.061s] -- Symlinking: /home/nl455/mocap_ws/install/mocap4r2_control_msgs/lib/python3.12/site-packages/mocap4r2_control_msgs-0.0.7-py3.12.egg-info/dependency_links.txt
[3.063s] -- Symlinking: /home/nl455/mocap_ws/install/mocap4r2_control_msgs/lib/python3.12/site-packages/mocap4r2_control_msgs-0.0.7-py3.12.egg-info/top_level.txt
[3.066s] -- Symlinking: /home/nl455/mocap_ws/install/mocap4r2_control_msgs/lib/python3.12/site-packages/mocap4r2_control_msgs/__init__.py
[3.069s] -- Symlinking: /home/nl455/mocap_ws/install/mocap4r2_control_msgs/lib/python3.12/site-packages/mocap4r2_control_msgs/_mocap4r2_control_msgs_s.ep.rosidl_typesupport_c.c
[3.072s] -- Symlinking: /home/nl455/mocap_ws/install/mocap4r2_control_msgs/lib/python3.12/site-packages/mocap4r2_control_msgs/_mocap4r2_control_msgs_s.ep.rosidl_typesupport_fastrtps_c.c
[3.074s] -- Symlinking: /home/nl455/mocap_ws/install/mocap4r2_control_msgs/lib/python3.12/site-packages/mocap4r2_control_msgs/_mocap4r2_control_msgs_s.ep.rosidl_typesupport_introspection_c.c
[3.077s] -- Symlinking: /home/nl455/mocap_ws/install/mocap4r2_control_msgs/lib/python3.12/site-packages/mocap4r2_control_msgs/mocap4r2_control_msgs_s__rosidl_typesupport_c.so
[3.079s] -- Symlinking: /home/nl455/mocap_ws/install/mocap4r2_control_msgs/lib/python3.12/site-packages/mocap4r2_control_msgs/mocap4r2_control_msgs_s__rosidl_typesupport_fastrtps_c.so
[3.082s] -- Symlinking: /home/nl455/mocap_ws/install/mocap4r2_control_msgs/lib/python3.12/site-packages/mocap4r2_control_msgs/mocap4r2_control_msgs_s__rosidl_typesupport_introspection_c.so
[3.084s] -- Symlinking: /home/nl455/mocap_ws/install/mocap4r2_control_msgs/lib/python3.12/site-packages/mocap4r2_control_msgs/msg/__init__.py
[3.087s] -- Symlinking: /home/nl455/mocap_ws/install/mocap4r2_control_msgs/lib/python3.12/site-packages/mocap4r2_control_msgs/msg/_control.py
[3.089s] -- Symlinking: /home/nl455/mocap_ws/install/mocap4r2_control_msgs/lib/python3.12/site-packages/mocap4r2_control_msgs/msg/_control_s.c
[3.092s] -- Symlinking: /home/nl455/mocap_ws/install/mocap4r2_control_msgs/lib/python3.12/site-packages/mocap4r2_control_msgs/msg/_mocap_info.py
[3.094s] -- Symlinking: /home/nl455/mocap_ws/install/mocap4r2_control_msgs/lib/python3.12/site-packages/mocap4r2_control_msgs/msg/_mocap_info_s.c
[3.097s] -- Up-to-date symlink: /home/nl455/mocap_ws/install/mocap4r2_control_msgs/lib/python3.12/site-packages/mocap4r2_control_msgs/mocap4r2_control_msgs_s__rosidl_typesupport_fastrtps_c.so
[3.097s] -- Up-to-date symlink: /home/nl455/mocap_ws/install/mocap4r2_control_msgs/lib/python3.12/site-packages/mocap4r2_control_msgs/mocap4r2_control_msgs_s__rosidl_typesupport_introspection_c.so
[3.097s] -- Up-to-date symlink: /home/nl455/mocap_ws/install/mocap4r2_control_msgs/lib/python3.12/site-packages/mocap4r2_control_msgs/mocap4r2_control_msgs_s__rosidl_typesupport_c.so
[3.097s] -- Symlinking: /home/nl455/mocap_ws/install/mocap4r2_control_msgs/share/mocap4r2_control_msgs/msg/Control.idl
[3.099s] -- Symlinking: /home/nl455/mocap_ws/install/mocap4r2_control_msgs/share/mocap4r2_control_msgs/msg/MocapInfo.idl
[3.102s] -- Symlinking: /home/nl455/mocap_ws/install/mocap4r2_control_msgs/share/mocap4r2_control_msgs/msg/Control.msg
[3.104s] -- Symlinking: /home/nl455/mocap_ws/install/mocap4r2_control_msgs/share/mocap4r2_control_msgs/msg/MocapInfo.msg
[3.107s] -- Symlinking: /home/nl455/mocap_ws/install/mocap4r2_control_msgs/share/mocap4r2_control_msgs/mocap4r2_control_bridge_mapping_rule.yaml
[3.110s] -- Symlinking: /home/nl455/mocap_ws/install/mocap4r2_control_msgs/share/ament_index/resource_index/package_run_dependencies/mocap4r2_control_msgs
[3.112s] -- Symlinking: /home/nl455/mocap_ws/install/mocap4r2_control_msgs/share/ament_index/resource_index/parent_prefix_path/mocap4r2_control_msgs
[3.115s] -- Symlinking: /home/nl455/mocap_ws/install/mocap4r2_control_msgs/share/mocap4r2_control_msgs/environment/ament_prefix_path.sh
[3.117s] -- Symlinking: /home/nl455/mocap_ws/install/mocap4r2_control_msgs/share/mocap4r2_control_msgs/environment/ament_prefix_path.dsv
[3.120s] -- Symlinking: /home/nl455/mocap_ws/install/mocap4r2_control_msgs/share/mocap4r2_control_msgs/environment/path.sh
[3.123s] -- Symlinking: /home/nl455/mocap_ws/install/mocap4r2_control_msgs/share/mocap4r2_control_msgs/environment/path.dsv
[3.126s] -- Symlinking: /home/nl455/mocap_ws/install/mocap4r2_control_msgs/share/mocap4r2_control_msgs/local_setup.bash
[3.128s] -- Symlinking: /home/nl455/mocap_ws/install/mocap4r2_control_msgs/share/mocap4r2_control_msgs/local_setup.sh
[3.131s] -- Symlinking: /home/nl455/mocap_ws/install/mocap4r2_control_msgs/share/mocap4r2_control_msgs/local_setup.zsh
[3.133s] -- Symlinking: /home/nl455/mocap_ws/install/mocap4r2_control_msgs/share/mocap4r2_control_msgs/local_setup.dsv
[3.136s] -- Symlinking: /home/nl455/mocap_ws/install/mocap4r2_control_msgs/share/mocap4r2_control_msgs/package.dsv
[3.139s] -- Symlinking: /home/nl455/mocap_ws/install/mocap4r2_control_msgs/share/ament_index/resource_index/packages/mocap4r2_control_msgs
[3.141s] -- Symlinking: /home/nl455/mocap_ws/install/mocap4r2_control_msgs/share/mocap4r2_control_msgs/cmake/rosidl_cmake-extras.cmake
[3.144s] -- Symlinking: /home/nl455/mocap_ws/install/mocap4r2_control_msgs/share/mocap4r2_control_msgs/cmake/ament_cmake_export_dependencies-extras.cmake
[3.147s] -- Symlinking: /home/nl455/mocap_ws/install/mocap4r2_control_msgs/share/mocap4r2_control_msgs/cmake/ament_cmake_export_include_directories-extras.cmake
[3.149s] -- Symlinking: /home/nl455/mocap_ws/install/mocap4r2_control_msgs/share/mocap4r2_control_msgs/cmake/ament_cmake_export_libraries-extras.cmake
[3.152s] -- Symlinking: /home/nl455/mocap_ws/install/mocap4r2_control_msgs/share/mocap4r2_control_msgs/cmake/ament_cmake_export_targets-extras.cmake
[3.155s] -- Symlinking: /home/nl455/mocap_ws/install/mocap4r2_control_msgs/share/mocap4r2_control_msgs/cmake/rosidl_cmake_export_typesupport_targets-extras.cmake
[3.157s] -- Symlinking: /home/nl455/mocap_ws/install/mocap4r2_control_msgs/share/mocap4r2_control_msgs/cmake/rosidl_cmake_export_typesupport_libraries-extras.cmake
[3.160s] -- Symlinking: /home/nl455/mocap_ws/install/mocap4r2_control_msgs/share/mocap4r2_control_msgs/cmake/mocap4r2_control_msgsConfig.cmake
[3.162s] -- Symlinking: /home/nl455/mocap_ws/install/mocap4r2_control_msgs/share/mocap4r2_control_msgs/cmake/mocap4r2_control_msgsConfig-version.cmake
[3.165s] -- Symlinking: /home/nl455/mocap_ws/install/mocap4r2_control_msgs/share/mocap4r2_control_msgs/package.xml
[3.168s] -- Installing: /home/nl455/mocap_ws/install/mocap4r2_control_msgs/lib/libmocap4r2_control_msgs__rosidl_generator_c.so
[3.168s] -- Set non-toolchain portion of runtime path of "/home/nl455/mocap_ws/install/mocap4r2_control_msgs/lib/libmocap4r2_control_msgs__rosidl_generator_c.so" to ""
[3.168s] -- Installing: /home/nl455/mocap_ws/install/mocap4r2_control_msgs/lib/libmocap4r2_control_msgs__rosidl_typesupport_fastrtps_c.so
[3.168s] -- Set non-toolchain portion of runtime path of "/home/nl455/mocap_ws/install/mocap4r2_control_msgs/lib/libmocap4r2_control_msgs__rosidl_typesupport_fastrtps_c.so" to ""
[3.168s] -- Installing: /home/nl455/mocap_ws/install/mocap4r2_control_msgs/lib/libmocap4r2_control_msgs__rosidl_typesupport_introspection_c.so
[3.168s] -- Set non-toolchain portion of runtime path of "/home/nl455/mocap_ws/install/mocap4r2_control_msgs/lib/libmocap4r2_control_msgs__rosidl_typesupport_introspection_c.so" to ""
[3.168s] -- Installing: /home/nl455/mocap_ws/install/mocap4r2_control_msgs/lib/libmocap4r2_control_msgs__rosidl_typesupport_c.so
[3.168s] -- Set non-toolchain portion of runtime path of "/home/nl455/mocap_ws/install/mocap4r2_control_msgs/lib/libmocap4r2_control_msgs__rosidl_typesupport_c.so" to ""
[3.168s] -- Installing: /home/nl455/mocap_ws/install/mocap4r2_control_msgs/lib/libmocap4r2_control_msgs__rosidl_typesupport_fastrtps_cpp.so
[3.168s] -- Set non-toolchain portion of runtime path of "/home/nl455/mocap_ws/install/mocap4r2_control_msgs/lib/libmocap4r2_control_msgs__rosidl_typesupport_fastrtps_cpp.so" to ""
[3.168s] -- Installing: /home/nl455/mocap_ws/install/mocap4r2_control_msgs/lib/libmocap4r2_control_msgs__rosidl_typesupport_introspection_cpp.so
[3.168s] -- Set non-toolchain portion of runtime path of "/home/nl455/mocap_ws/install/mocap4r2_control_msgs/lib/libmocap4r2_control_msgs__rosidl_typesupport_introspection_cpp.so" to ""
[3.168s] -- Installing: /home/nl455/mocap_ws/install/mocap4r2_control_msgs/lib/libmocap4r2_control_msgs__rosidl_typesupport_cpp.so
[3.168s] -- Set non-toolchain portion of runtime path of "/home/nl455/mocap_ws/install/mocap4r2_control_msgs/lib/libmocap4r2_control_msgs__rosidl_typesupport_cpp.so" to ""
[3.188s] Listing '/home/nl455/mocap_ws/install/mocap4r2_control_msgs/lib/python3.12/site-packages/mocap4r2_control_msgs'...
[3.188s] Compiling '/home/nl455/mocap_ws/install/mocap4r2_control_msgs/lib/python3.12/site-packages/mocap4r2_control_msgs/__init__.py'...
[3.188s] Listing '/home/nl455/mocap_ws/install/mocap4r2_control_msgs/lib/python3.12/site-packages/mocap4r2_control_msgs/msg'...
[3.188s] Compiling '/home/nl455/mocap_ws/install/mocap4r2_control_msgs/lib/python3.12/site-packages/mocap4r2_control_msgs/msg/__init__.py'...
[3.188s] Compiling '/home/nl455/mocap_ws/install/mocap4r2_control_msgs/lib/python3.12/site-packages/mocap4r2_control_msgs/msg/_control.py'...
[3.188s] Compiling '/home/nl455/mocap_ws/install/mocap4r2_control_msgs/lib/python3.12/site-packages/mocap4r2_control_msgs/msg/_mocap_info.py'...
[3.191s] -- Installing: /home/nl455/mocap_ws/install/mocap4r2_control_msgs/lib/libmocap4r2_control_msgs__rosidl_generator_py.so
[3.191s] -- Set non-toolchain portion of runtime path of "/home/nl455/mocap_ws/install/mocap4r2_control_msgs/lib/libmocap4r2_control_msgs__rosidl_generator_py.so" to ""
[3.191s] -- Installing: /home/nl455/mocap_ws/install/mocap4r2_control_msgs/share/mocap4r2_control_msgs/cmake/export_mocap4r2_control_msgs__rosidl_generator_cExport.cmake
[3.191s] -- Installing: /home/nl455/mocap_ws/install/mocap4r2_control_msgs/share/mocap4r2_control_msgs/cmake/export_mocap4r2_control_msgs__rosidl_generator_cExport-noconfig.cmake
[3.191s] -- Installing: /home/nl455/mocap_ws/install/mocap4r2_control_msgs/share/mocap4r2_control_msgs/cmake/export_mocap4r2_control_msgs__rosidl_typesupport_fastrtps_cExport.cmake
[3.191s] -- Installing: /home/nl455/mocap_ws/install/mocap4r2_control_msgs/share/mocap4r2_control_msgs/cmake/export_mocap4r2_control_msgs__rosidl_typesupport_fastrtps_cExport-noconfig.cmake
[3.191s] -- Installing: /home/nl455/mocap_ws/install/mocap4r2_control_msgs/share/mocap4r2_control_msgs/cmake/mocap4r2_control_msgs__rosidl_typesupport_introspection_cExport.cmake
[3.191s] -- Installing: /home/nl455/mocap_ws/install/mocap4r2_control_msgs/share/mocap4r2_control_msgs/cmake/mocap4r2_control_msgs__rosidl_typesupport_introspection_cExport-noconfig.cmake
[3.191s] -- Installing: /home/nl455/mocap_ws/install/mocap4r2_control_msgs/share/mocap4r2_control_msgs/cmake/mocap4r2_control_msgs__rosidl_typesupport_cExport.cmake
[3.191s] -- Installing: /home/nl455/mocap_ws/install/mocap4r2_control_msgs/share/mocap4r2_control_msgs/cmake/mocap4r2_control_msgs__rosidl_typesupport_cExport-noconfig.cmake
[3.191s] -- Installing: /home/nl455/mocap_ws/install/mocap4r2_control_msgs/share/mocap4r2_control_msgs/cmake/export_mocap4r2_control_msgs__rosidl_generator_cppExport.cmake
[3.191s] -- Installing: /home/nl455/mocap_ws/install/mocap4r2_control_msgs/share/mocap4r2_control_msgs/cmake/export_mocap4r2_control_msgs__rosidl_typesupport_fastrtps_cppExport.cmake
[3.191s] -- Installing: /home/nl455/mocap_ws/install/mocap4r2_control_msgs/share/mocap4r2_control_msgs/cmake/export_mocap4r2_control_msgs__rosidl_typesupport_fastrtps_cppExport-noconfig.cmake
[3.191s] -- Installing: /home/nl455/mocap_ws/install/mocap4r2_control_msgs/share/mocap4r2_control_msgs/cmake/mocap4r2_control_msgs__rosidl_typesupport_introspection_cppExport.cmake
[3.191s] -- Installing: /home/nl455/mocap_ws/install/mocap4r2_control_msgs/share/mocap4r2_control_msgs/cmake/mocap4r2_control_msgs__rosidl_typesupport_introspection_cppExport-noconfig.cmake
[3.191s] -- Installing: /home/nl455/mocap_ws/install/mocap4r2_control_msgs/share/mocap4r2_control_msgs/cmake/mocap4r2_control_msgs__rosidl_typesupport_cppExport.cmake
[3.192s] -- Installing: /home/nl455/mocap_ws/install/mocap4r2_control_msgs/share/mocap4r2_control_msgs/cmake/mocap4r2_control_msgs__rosidl_typesupport_cppExport-noconfig.cmake
[3.192s] -- Installing: /home/nl455/mocap_ws/install/mocap4r2_control_msgs/share/mocap4r2_control_msgs/cmake/export_mocap4r2_control_msgs__rosidl_generator_pyExport.cmake
[3.192s] -- Installing: /home/nl455/mocap_ws/install/mocap4r2_control_msgs/share/mocap4r2_control_msgs/cmake/export_mocap4r2_control_msgs__rosidl_generator_pyExport-noconfig.cmake
[3.193s] Invoked command in '/home/nl455/mocap_ws/build/mocap4r2_control_msgs' returned '0': CMAKE_PREFIX_PATH=/home/nl455/miniconda3/envs/ros_env CONDA_PROMPT_MODIFIER=(ros_env) DEBUGINFOD_URLS=https://debuginfod.ubuntu.com /home/nl455/miniconda3/envs/ros_env/bin/cmake --install /home/nl455/mocap_ws/build/mocap4r2_control_msgs
