[0.008s] Invoking command in '/home/nl455/mocap_ws/build/mocap4r2_msgs': CMAKE_PREFIX_PATH=/home/nl455/miniconda3/envs/ros_env CONDA_PROMPT_MODIFIER=(ros_env) DEBUGINFOD_URLS=https://debuginfod.ubuntu.com /home/nl455/miniconda3/envs/ros_env/bin/cmake --build /home/nl455/mocap_ws/build/mocap4r2_msgs -- -j32 -l32
[0.027s] [  1%] Built target mocap4r2_msgs__rosidl_generator_type_description
[0.030s] [  1%] Built target ament_cmake_python_symlink_mocap4r2_msgs
[0.035s] [  2%] Built target mocap4r2_msgs__cpp
[0.041s] [ 26%] Built target mocap4r2_msgs__rosidl_generator_c
[0.055s] [ 40%] Built target mocap4r2_msgs__rosidl_typesupport_c
[0.055s] [ 45%] Built target mocap4r2_msgs__rosidl_typesupport_cpp
[0.055s] [ 54%] Built target mocap4r2_msgs__rosidl_typesupport_introspection_c
[0.057s] [ 64%] Built target mocap4r2_msgs__rosidl_typesupport_fastrtps_c
[0.057s] [ 73%] Built target mocap4r2_msgs__rosidl_typesupport_introspection_cpp
[0.058s] [ 83%] Built target mocap4r2_msgs__rosidl_typesupport_fastrtps_cpp
[0.065s] [ 83%] Built target mocap4r2_msgs
[0.073s] [ 84%] Built target mocap4r2_msgs__py
[0.085s] [ 92%] Built target mocap4r2_msgs__rosidl_generator_py
[0.093s] [ 95%] Built target mocap4r2_msgs_s__rosidl_typesupport_introspection_c
[0.094s] [100%] Built target mocap4r2_msgs_s__rosidl_typesupport_fastrtps_c
[0.094s] [100%] Built target mocap4r2_msgs_s__rosidl_typesupport_c
[0.135s] running egg_info
[0.141s] writing mocap4r2_msgs.egg-info/PKG-INFO
[0.141s] writing dependency_links to mocap4r2_msgs.egg-info/dependency_links.txt
[0.141s] writing top-level names to mocap4r2_msgs.egg-info/top_level.txt
[0.159s] reading manifest file 'mocap4r2_msgs.egg-info/SOURCES.txt'
[0.160s] writing manifest file 'mocap4r2_msgs.egg-info/SOURCES.txt'
[0.178s] [100%] Built target ament_cmake_python_build_mocap4r2_msgs_egg
[0.184s] Invoked command in '/home/nl455/mocap_ws/build/mocap4r2_msgs' returned '0': CMAKE_PREFIX_PATH=/home/nl455/miniconda3/envs/ros_env CONDA_PROMPT_MODIFIER=(ros_env) DEBUGINFOD_URLS=https://debuginfod.ubuntu.com /home/nl455/miniconda3/envs/ros_env/bin/cmake --build /home/nl455/mocap_ws/build/mocap4r2_msgs -- -j32 -l32
[0.185s] Invoking command in '/home/nl455/mocap_ws/build/mocap4r2_msgs': CMAKE_PREFIX_PATH=/home/nl455/miniconda3/envs/ros_env CONDA_PROMPT_MODIFIER=(ros_env) DEBUGINFOD_URLS=https://debuginfod.ubuntu.com /home/nl455/miniconda3/envs/ros_env/bin/cmake --install /home/nl455/mocap_ws/build/mocap4r2_msgs
[0.188s] -- Install configuration: ""
[0.189s] -- Execute custom install script
[0.190s] -- Up-to-date symlink: /home/nl455/mocap_ws/install/mocap4r2_msgs/share/ament_index/resource_index/rosidl_interfaces/mocap4r2_msgs
[0.190s] -- Up-to-date symlink: /home/nl455/mocap_ws/install/mocap4r2_msgs/share/mocap4r2_msgs/msg/Marker.json
[0.190s] -- Up-to-date symlink: /home/nl455/mocap_ws/install/mocap4r2_msgs/share/mocap4r2_msgs/msg/Markers.json
[0.190s] -- Up-to-date symlink: /home/nl455/mocap_ws/install/mocap4r2_msgs/share/mocap4r2_msgs/msg/ImusInfo.json
[0.190s] -- Up-to-date symlink: /home/nl455/mocap_ws/install/mocap4r2_msgs/share/mocap4r2_msgs/msg/RigidBody.json
[0.190s] -- Up-to-date symlink: /home/nl455/mocap_ws/install/mocap4r2_msgs/share/mocap4r2_msgs/msg/RigidBodies.json
[0.190s] -- Up-to-date symlink: /home/nl455/mocap_ws/install/mocap4r2_msgs/share/mocap4r2_msgs/srv/CreateRigidBody.json
[0.190s] -- Up-to-date symlink: /home/nl455/mocap_ws/install/mocap4r2_msgs/include/mocap4r2_msgs/mocap4r2_msgs/msg/detail/imus_info__functions.h
[0.190s] -- Up-to-date symlink: /home/nl455/mocap_ws/install/mocap4r2_msgs/include/mocap4r2_msgs/mocap4r2_msgs/msg/detail/imus_info__struct.h
[0.190s] -- Up-to-date symlink: /home/nl455/mocap_ws/install/mocap4r2_msgs/include/mocap4r2_msgs/mocap4r2_msgs/msg/detail/imus_info__type_support.h
[0.190s] -- Up-to-date symlink: /home/nl455/mocap_ws/install/mocap4r2_msgs/include/mocap4r2_msgs/mocap4r2_msgs/msg/detail/marker__functions.h
[0.190s] -- Up-to-date symlink: /home/nl455/mocap_ws/install/mocap4r2_msgs/include/mocap4r2_msgs/mocap4r2_msgs/msg/detail/marker__struct.h
[0.190s] -- Up-to-date symlink: /home/nl455/mocap_ws/install/mocap4r2_msgs/include/mocap4r2_msgs/mocap4r2_msgs/msg/detail/marker__type_support.h
[0.191s] -- Up-to-date symlink: /home/nl455/mocap_ws/install/mocap4r2_msgs/include/mocap4r2_msgs/mocap4r2_msgs/msg/detail/markers__functions.h
[0.191s] -- Up-to-date symlink: /home/nl455/mocap_ws/install/mocap4r2_msgs/include/mocap4r2_msgs/mocap4r2_msgs/msg/detail/markers__struct.h
[0.191s] -- Up-to-date symlink: /home/nl455/mocap_ws/install/mocap4r2_msgs/include/mocap4r2_msgs/mocap4r2_msgs/msg/detail/markers__type_support.h
[0.191s] -- Up-to-date symlink: /home/nl455/mocap_ws/install/mocap4r2_msgs/include/mocap4r2_msgs/mocap4r2_msgs/msg/detail/rigid_bodies__functions.h
[0.191s] -- Up-to-date symlink: /home/nl455/mocap_ws/install/mocap4r2_msgs/include/mocap4r2_msgs/mocap4r2_msgs/msg/detail/rigid_bodies__struct.h
[0.191s] -- Up-to-date symlink: /home/nl455/mocap_ws/install/mocap4r2_msgs/include/mocap4r2_msgs/mocap4r2_msgs/msg/detail/rigid_bodies__type_support.h
[0.192s] -- Up-to-date symlink: /home/nl455/mocap_ws/install/mocap4r2_msgs/include/mocap4r2_msgs/mocap4r2_msgs/msg/detail/rigid_body__functions.h
[0.192s] -- Up-to-date symlink: /home/nl455/mocap_ws/install/mocap4r2_msgs/include/mocap4r2_msgs/mocap4r2_msgs/msg/detail/rigid_body__struct.h
[0.192s] -- Up-to-date symlink: /home/nl455/mocap_ws/install/mocap4r2_msgs/include/mocap4r2_msgs/mocap4r2_msgs/msg/detail/rigid_body__type_support.h
[0.192s] -- Up-to-date symlink: /home/nl455/mocap_ws/install/mocap4r2_msgs/include/mocap4r2_msgs/mocap4r2_msgs/msg/imus_info.h
[0.192s] -- Up-to-date symlink: /home/nl455/mocap_ws/install/mocap4r2_msgs/include/mocap4r2_msgs/mocap4r2_msgs/msg/marker.h
[0.192s] -- Up-to-date symlink: /home/nl455/mocap_ws/install/mocap4r2_msgs/include/mocap4r2_msgs/mocap4r2_msgs/msg/markers.h
[0.192s] -- Up-to-date symlink: /home/nl455/mocap_ws/install/mocap4r2_msgs/include/mocap4r2_msgs/mocap4r2_msgs/msg/rigid_bodies.h
[0.192s] -- Up-to-date symlink: /home/nl455/mocap_ws/install/mocap4r2_msgs/include/mocap4r2_msgs/mocap4r2_msgs/msg/rigid_body.h
[0.192s] -- Up-to-date symlink: /home/nl455/mocap_ws/install/mocap4r2_msgs/include/mocap4r2_msgs/mocap4r2_msgs/msg/rosidl_generator_c__visibility_control.h
[0.192s] -- Up-to-date symlink: /home/nl455/mocap_ws/install/mocap4r2_msgs/include/mocap4r2_msgs/mocap4r2_msgs/srv/create_rigid_body.h
[0.192s] -- Up-to-date symlink: /home/nl455/mocap_ws/install/mocap4r2_msgs/include/mocap4r2_msgs/mocap4r2_msgs/srv/detail/create_rigid_body__functions.h
[0.192s] -- Up-to-date symlink: /home/nl455/mocap_ws/install/mocap4r2_msgs/include/mocap4r2_msgs/mocap4r2_msgs/srv/detail/create_rigid_body__struct.h
[0.192s] -- Up-to-date symlink: /home/nl455/mocap_ws/install/mocap4r2_msgs/include/mocap4r2_msgs/mocap4r2_msgs/srv/detail/create_rigid_body__type_support.h
[0.192s] -- Up-to-date symlink: /home/nl455/mocap_ws/install/mocap4r2_msgs/share/mocap4r2_msgs/environment/library_path.sh
[0.192s] -- Up-to-date symlink: /home/nl455/mocap_ws/install/mocap4r2_msgs/share/mocap4r2_msgs/environment/library_path.dsv
[0.192s] -- Up-to-date symlink: /home/nl455/mocap_ws/install/mocap4r2_msgs/include/mocap4r2_msgs/mocap4r2_msgs/msg/detail/imus_info__rosidl_typesupport_fastrtps_c.h
[0.193s] -- Up-to-date symlink: /home/nl455/mocap_ws/install/mocap4r2_msgs/include/mocap4r2_msgs/mocap4r2_msgs/msg/detail/marker__rosidl_typesupport_fastrtps_c.h
[0.193s] -- Up-to-date symlink: /home/nl455/mocap_ws/install/mocap4r2_msgs/include/mocap4r2_msgs/mocap4r2_msgs/msg/detail/markers__rosidl_typesupport_fastrtps_c.h
[0.193s] -- Up-to-date symlink: /home/nl455/mocap_ws/install/mocap4r2_msgs/include/mocap4r2_msgs/mocap4r2_msgs/msg/detail/rigid_bodies__rosidl_typesupport_fastrtps_c.h
[0.193s] -- Up-to-date symlink: /home/nl455/mocap_ws/install/mocap4r2_msgs/include/mocap4r2_msgs/mocap4r2_msgs/msg/detail/rigid_body__rosidl_typesupport_fastrtps_c.h
[0.193s] -- Up-to-date symlink: /home/nl455/mocap_ws/install/mocap4r2_msgs/include/mocap4r2_msgs/mocap4r2_msgs/msg/rosidl_typesupport_fastrtps_c__visibility_control.h
[0.193s] -- Up-to-date symlink: /home/nl455/mocap_ws/install/mocap4r2_msgs/include/mocap4r2_msgs/mocap4r2_msgs/srv/detail/create_rigid_body__rosidl_typesupport_fastrtps_c.h
[0.193s] -- Up-to-date symlink: /home/nl455/mocap_ws/install/mocap4r2_msgs/include/mocap4r2_msgs/mocap4r2_msgs/msg/detail/imus_info__rosidl_typesupport_introspection_c.h
[0.193s] -- Up-to-date symlink: /home/nl455/mocap_ws/install/mocap4r2_msgs/include/mocap4r2_msgs/mocap4r2_msgs/msg/detail/marker__rosidl_typesupport_introspection_c.h
[0.193s] -- Up-to-date symlink: /home/nl455/mocap_ws/install/mocap4r2_msgs/include/mocap4r2_msgs/mocap4r2_msgs/msg/detail/markers__rosidl_typesupport_introspection_c.h
[0.193s] -- Up-to-date symlink: /home/nl455/mocap_ws/install/mocap4r2_msgs/include/mocap4r2_msgs/mocap4r2_msgs/msg/detail/rigid_bodies__rosidl_typesupport_introspection_c.h
[0.193s] -- Up-to-date symlink: /home/nl455/mocap_ws/install/mocap4r2_msgs/include/mocap4r2_msgs/mocap4r2_msgs/msg/detail/rigid_body__rosidl_typesupport_introspection_c.h
[0.193s] -- Up-to-date symlink: /home/nl455/mocap_ws/install/mocap4r2_msgs/include/mocap4r2_msgs/mocap4r2_msgs/msg/rosidl_typesupport_introspection_c__visibility_control.h
[0.193s] -- Up-to-date symlink: /home/nl455/mocap_ws/install/mocap4r2_msgs/include/mocap4r2_msgs/mocap4r2_msgs/srv/detail/create_rigid_body__rosidl_typesupport_introspection_c.h
[0.193s] -- Up-to-date symlink: /home/nl455/mocap_ws/install/mocap4r2_msgs/include/mocap4r2_msgs/mocap4r2_msgs/msg/detail/imus_info__builder.hpp
[0.193s] -- Up-to-date symlink: /home/nl455/mocap_ws/install/mocap4r2_msgs/include/mocap4r2_msgs/mocap4r2_msgs/msg/detail/imus_info__struct.hpp
[0.193s] -- Up-to-date symlink: /home/nl455/mocap_ws/install/mocap4r2_msgs/include/mocap4r2_msgs/mocap4r2_msgs/msg/detail/imus_info__traits.hpp
[0.193s] -- Up-to-date symlink: /home/nl455/mocap_ws/install/mocap4r2_msgs/include/mocap4r2_msgs/mocap4r2_msgs/msg/detail/imus_info__type_support.hpp
[0.193s] -- Up-to-date symlink: /home/nl455/mocap_ws/install/mocap4r2_msgs/include/mocap4r2_msgs/mocap4r2_msgs/msg/detail/marker__builder.hpp
[0.193s] -- Up-to-date symlink: /home/nl455/mocap_ws/install/mocap4r2_msgs/include/mocap4r2_msgs/mocap4r2_msgs/msg/detail/marker__struct.hpp
[0.193s] -- Up-to-date symlink: /home/nl455/mocap_ws/install/mocap4r2_msgs/include/mocap4r2_msgs/mocap4r2_msgs/msg/detail/marker__traits.hpp
[0.193s] -- Up-to-date symlink: /home/nl455/mocap_ws/install/mocap4r2_msgs/include/mocap4r2_msgs/mocap4r2_msgs/msg/detail/marker__type_support.hpp
[0.193s] -- Up-to-date symlink: /home/nl455/mocap_ws/install/mocap4r2_msgs/include/mocap4r2_msgs/mocap4r2_msgs/msg/detail/markers__builder.hpp
[0.193s] -- Up-to-date symlink: /home/nl455/mocap_ws/install/mocap4r2_msgs/include/mocap4r2_msgs/mocap4r2_msgs/msg/detail/markers__struct.hpp
[0.193s] -- Up-to-date symlink: /home/nl455/mocap_ws/install/mocap4r2_msgs/include/mocap4r2_msgs/mocap4r2_msgs/msg/detail/markers__traits.hpp
[0.193s] -- Up-to-date symlink: /home/nl455/mocap_ws/install/mocap4r2_msgs/include/mocap4r2_msgs/mocap4r2_msgs/msg/detail/markers__type_support.hpp
[0.193s] -- Up-to-date symlink: /home/nl455/mocap_ws/install/mocap4r2_msgs/include/mocap4r2_msgs/mocap4r2_msgs/msg/detail/rigid_bodies__builder.hpp
[0.193s] -- Up-to-date symlink: /home/nl455/mocap_ws/install/mocap4r2_msgs/include/mocap4r2_msgs/mocap4r2_msgs/msg/detail/rigid_bodies__struct.hpp
[0.194s] -- Up-to-date symlink: /home/nl455/mocap_ws/install/mocap4r2_msgs/include/mocap4r2_msgs/mocap4r2_msgs/msg/detail/rigid_bodies__traits.hpp
[0.194s] -- Up-to-date symlink: /home/nl455/mocap_ws/install/mocap4r2_msgs/include/mocap4r2_msgs/mocap4r2_msgs/msg/detail/rigid_bodies__type_support.hpp
[0.194s] -- Up-to-date symlink: /home/nl455/mocap_ws/install/mocap4r2_msgs/include/mocap4r2_msgs/mocap4r2_msgs/msg/detail/rigid_body__builder.hpp
[0.194s] -- Up-to-date symlink: /home/nl455/mocap_ws/install/mocap4r2_msgs/include/mocap4r2_msgs/mocap4r2_msgs/msg/detail/rigid_body__struct.hpp
[0.194s] -- Up-to-date symlink: /home/nl455/mocap_ws/install/mocap4r2_msgs/include/mocap4r2_msgs/mocap4r2_msgs/msg/detail/rigid_body__traits.hpp
[0.194s] -- Up-to-date symlink: /home/nl455/mocap_ws/install/mocap4r2_msgs/include/mocap4r2_msgs/mocap4r2_msgs/msg/detail/rigid_body__type_support.hpp
[0.194s] -- Up-to-date symlink: /home/nl455/mocap_ws/install/mocap4r2_msgs/include/mocap4r2_msgs/mocap4r2_msgs/msg/imus_info.hpp
[0.194s] -- Up-to-date symlink: /home/nl455/mocap_ws/install/mocap4r2_msgs/include/mocap4r2_msgs/mocap4r2_msgs/msg/marker.hpp
[0.194s] -- Up-to-date symlink: /home/nl455/mocap_ws/install/mocap4r2_msgs/include/mocap4r2_msgs/mocap4r2_msgs/msg/markers.hpp
[0.194s] -- Up-to-date symlink: /home/nl455/mocap_ws/install/mocap4r2_msgs/include/mocap4r2_msgs/mocap4r2_msgs/msg/rigid_bodies.hpp
[0.194s] -- Up-to-date symlink: /home/nl455/mocap_ws/install/mocap4r2_msgs/include/mocap4r2_msgs/mocap4r2_msgs/msg/rigid_body.hpp
[0.194s] -- Up-to-date symlink: /home/nl455/mocap_ws/install/mocap4r2_msgs/include/mocap4r2_msgs/mocap4r2_msgs/msg/rosidl_generator_cpp__visibility_control.hpp
[0.194s] -- Up-to-date symlink: /home/nl455/mocap_ws/install/mocap4r2_msgs/include/mocap4r2_msgs/mocap4r2_msgs/srv/create_rigid_body.hpp
[0.194s] -- Up-to-date symlink: /home/nl455/mocap_ws/install/mocap4r2_msgs/include/mocap4r2_msgs/mocap4r2_msgs/srv/detail/create_rigid_body__builder.hpp
[0.194s] -- Up-to-date symlink: /home/nl455/mocap_ws/install/mocap4r2_msgs/include/mocap4r2_msgs/mocap4r2_msgs/srv/detail/create_rigid_body__struct.hpp
[0.194s] -- Up-to-date symlink: /home/nl455/mocap_ws/install/mocap4r2_msgs/include/mocap4r2_msgs/mocap4r2_msgs/srv/detail/create_rigid_body__traits.hpp
[0.194s] -- Up-to-date symlink: /home/nl455/mocap_ws/install/mocap4r2_msgs/include/mocap4r2_msgs/mocap4r2_msgs/srv/detail/create_rigid_body__type_support.hpp
[0.194s] -- Up-to-date symlink: /home/nl455/mocap_ws/install/mocap4r2_msgs/include/mocap4r2_msgs/mocap4r2_msgs/msg/detail/imus_info__rosidl_typesupport_fastrtps_cpp.hpp
[0.194s] -- Up-to-date symlink: /home/nl455/mocap_ws/install/mocap4r2_msgs/include/mocap4r2_msgs/mocap4r2_msgs/msg/detail/marker__rosidl_typesupport_fastrtps_cpp.hpp
[0.194s] -- Up-to-date symlink: /home/nl455/mocap_ws/install/mocap4r2_msgs/include/mocap4r2_msgs/mocap4r2_msgs/msg/detail/markers__rosidl_typesupport_fastrtps_cpp.hpp
[0.194s] -- Up-to-date symlink: /home/nl455/mocap_ws/install/mocap4r2_msgs/include/mocap4r2_msgs/mocap4r2_msgs/msg/detail/rigid_bodies__rosidl_typesupport_fastrtps_cpp.hpp
[0.194s] -- Up-to-date symlink: /home/nl455/mocap_ws/install/mocap4r2_msgs/include/mocap4r2_msgs/mocap4r2_msgs/msg/detail/rigid_body__rosidl_typesupport_fastrtps_cpp.hpp
[0.194s] -- Up-to-date symlink: /home/nl455/mocap_ws/install/mocap4r2_msgs/include/mocap4r2_msgs/mocap4r2_msgs/msg/rosidl_typesupport_fastrtps_cpp__visibility_control.h
[0.194s] -- Up-to-date symlink: /home/nl455/mocap_ws/install/mocap4r2_msgs/include/mocap4r2_msgs/mocap4r2_msgs/srv/detail/create_rigid_body__rosidl_typesupport_fastrtps_cpp.hpp
[0.194s] -- Up-to-date symlink: /home/nl455/mocap_ws/install/mocap4r2_msgs/include/mocap4r2_msgs/mocap4r2_msgs/msg/detail/imus_info__rosidl_typesupport_introspection_cpp.hpp
[0.194s] -- Up-to-date symlink: /home/nl455/mocap_ws/install/mocap4r2_msgs/include/mocap4r2_msgs/mocap4r2_msgs/msg/detail/marker__rosidl_typesupport_introspection_cpp.hpp
[0.194s] -- Up-to-date symlink: /home/nl455/mocap_ws/install/mocap4r2_msgs/include/mocap4r2_msgs/mocap4r2_msgs/msg/detail/markers__rosidl_typesupport_introspection_cpp.hpp
[0.194s] -- Up-to-date symlink: /home/nl455/mocap_ws/install/mocap4r2_msgs/include/mocap4r2_msgs/mocap4r2_msgs/msg/detail/rigid_bodies__rosidl_typesupport_introspection_cpp.hpp
[0.194s] -- Up-to-date symlink: /home/nl455/mocap_ws/install/mocap4r2_msgs/include/mocap4r2_msgs/mocap4r2_msgs/msg/detail/rigid_body__rosidl_typesupport_introspection_cpp.hpp
[0.194s] -- Up-to-date symlink: /home/nl455/mocap_ws/install/mocap4r2_msgs/include/mocap4r2_msgs/mocap4r2_msgs/srv/detail/create_rigid_body__rosidl_typesupport_introspection_cpp.hpp
[0.194s] -- Up-to-date symlink: /home/nl455/mocap_ws/install/mocap4r2_msgs/share/mocap4r2_msgs/environment/pythonpath.sh
[0.194s] -- Up-to-date symlink: /home/nl455/mocap_ws/install/mocap4r2_msgs/share/mocap4r2_msgs/environment/pythonpath.dsv
[0.194s] -- Up-to-date symlink: /home/nl455/mocap_ws/install/mocap4r2_msgs/lib/python3.12/site-packages/mocap4r2_msgs-0.2.0-py3.12.egg-info/PKG-INFO
[0.194s] -- Up-to-date symlink: /home/nl455/mocap_ws/install/mocap4r2_msgs/lib/python3.12/site-packages/mocap4r2_msgs-0.2.0-py3.12.egg-info/SOURCES.txt
[0.194s] -- Up-to-date symlink: /home/nl455/mocap_ws/install/mocap4r2_msgs/lib/python3.12/site-packages/mocap4r2_msgs-0.2.0-py3.12.egg-info/dependency_links.txt
[0.194s] -- Up-to-date symlink: /home/nl455/mocap_ws/install/mocap4r2_msgs/lib/python3.12/site-packages/mocap4r2_msgs-0.2.0-py3.12.egg-info/top_level.txt
[0.194s] -- Up-to-date symlink: /home/nl455/mocap_ws/install/mocap4r2_msgs/lib/python3.12/site-packages/mocap4r2_msgs/__init__.py
[0.194s] -- Up-to-date symlink: /home/nl455/mocap_ws/install/mocap4r2_msgs/lib/python3.12/site-packages/mocap4r2_msgs/_mocap4r2_msgs_s.ep.rosidl_typesupport_c.c
[0.195s] -- Up-to-date symlink: /home/nl455/mocap_ws/install/mocap4r2_msgs/lib/python3.12/site-packages/mocap4r2_msgs/_mocap4r2_msgs_s.ep.rosidl_typesupport_fastrtps_c.c
[0.195s] -- Up-to-date symlink: /home/nl455/mocap_ws/install/mocap4r2_msgs/lib/python3.12/site-packages/mocap4r2_msgs/_mocap4r2_msgs_s.ep.rosidl_typesupport_introspection_c.c
[0.195s] -- Up-to-date symlink: /home/nl455/mocap_ws/install/mocap4r2_msgs/lib/python3.12/site-packages/mocap4r2_msgs/mocap4r2_msgs_s__rosidl_typesupport_c.so
[0.195s] -- Up-to-date symlink: /home/nl455/mocap_ws/install/mocap4r2_msgs/lib/python3.12/site-packages/mocap4r2_msgs/mocap4r2_msgs_s__rosidl_typesupport_fastrtps_c.so
[0.195s] -- Up-to-date symlink: /home/nl455/mocap_ws/install/mocap4r2_msgs/lib/python3.12/site-packages/mocap4r2_msgs/mocap4r2_msgs_s__rosidl_typesupport_introspection_c.so
[0.195s] -- Up-to-date symlink: /home/nl455/mocap_ws/install/mocap4r2_msgs/lib/python3.12/site-packages/mocap4r2_msgs/msg/__init__.py
[0.195s] -- Up-to-date symlink: /home/nl455/mocap_ws/install/mocap4r2_msgs/lib/python3.12/site-packages/mocap4r2_msgs/msg/_imus_info.py
[0.195s] -- Up-to-date symlink: /home/nl455/mocap_ws/install/mocap4r2_msgs/lib/python3.12/site-packages/mocap4r2_msgs/msg/_imus_info_s.c
[0.195s] -- Up-to-date symlink: /home/nl455/mocap_ws/install/mocap4r2_msgs/lib/python3.12/site-packages/mocap4r2_msgs/msg/_marker.py
[0.195s] -- Up-to-date symlink: /home/nl455/mocap_ws/install/mocap4r2_msgs/lib/python3.12/site-packages/mocap4r2_msgs/msg/_marker_s.c
[0.195s] -- Up-to-date symlink: /home/nl455/mocap_ws/install/mocap4r2_msgs/lib/python3.12/site-packages/mocap4r2_msgs/msg/_markers.py
[0.195s] -- Up-to-date symlink: /home/nl455/mocap_ws/install/mocap4r2_msgs/lib/python3.12/site-packages/mocap4r2_msgs/msg/_markers_s.c
[0.195s] -- Up-to-date symlink: /home/nl455/mocap_ws/install/mocap4r2_msgs/lib/python3.12/site-packages/mocap4r2_msgs/msg/_rigid_bodies.py
[0.195s] -- Up-to-date symlink: /home/nl455/mocap_ws/install/mocap4r2_msgs/lib/python3.12/site-packages/mocap4r2_msgs/msg/_rigid_bodies_s.c
[0.195s] -- Up-to-date symlink: /home/nl455/mocap_ws/install/mocap4r2_msgs/lib/python3.12/site-packages/mocap4r2_msgs/msg/_rigid_body.py
[0.195s] -- Up-to-date symlink: /home/nl455/mocap_ws/install/mocap4r2_msgs/lib/python3.12/site-packages/mocap4r2_msgs/msg/_rigid_body_s.c
[0.195s] -- Up-to-date symlink: /home/nl455/mocap_ws/install/mocap4r2_msgs/lib/python3.12/site-packages/mocap4r2_msgs/srv/__init__.py
[0.195s] -- Up-to-date symlink: /home/nl455/mocap_ws/install/mocap4r2_msgs/lib/python3.12/site-packages/mocap4r2_msgs/srv/_create_rigid_body.py
[0.195s] -- Up-to-date symlink: /home/nl455/mocap_ws/install/mocap4r2_msgs/lib/python3.12/site-packages/mocap4r2_msgs/srv/_create_rigid_body_s.c
[0.195s] -- Up-to-date symlink: /home/nl455/mocap_ws/install/mocap4r2_msgs/lib/python3.12/site-packages/mocap4r2_msgs/mocap4r2_msgs_s__rosidl_typesupport_fastrtps_c.so
[0.195s] -- Up-to-date symlink: /home/nl455/mocap_ws/install/mocap4r2_msgs/lib/python3.12/site-packages/mocap4r2_msgs/mocap4r2_msgs_s__rosidl_typesupport_introspection_c.so
[0.195s] -- Up-to-date symlink: /home/nl455/mocap_ws/install/mocap4r2_msgs/lib/python3.12/site-packages/mocap4r2_msgs/mocap4r2_msgs_s__rosidl_typesupport_c.so
[0.195s] -- Up-to-date symlink: /home/nl455/mocap_ws/install/mocap4r2_msgs/share/mocap4r2_msgs/msg/Marker.idl
[0.195s] -- Up-to-date symlink: /home/nl455/mocap_ws/install/mocap4r2_msgs/share/mocap4r2_msgs/msg/Markers.idl
[0.195s] -- Up-to-date symlink: /home/nl455/mocap_ws/install/mocap4r2_msgs/share/mocap4r2_msgs/msg/ImusInfo.idl
[0.195s] -- Up-to-date symlink: /home/nl455/mocap_ws/install/mocap4r2_msgs/share/mocap4r2_msgs/msg/RigidBody.idl
[0.195s] -- Up-to-date symlink: /home/nl455/mocap_ws/install/mocap4r2_msgs/share/mocap4r2_msgs/msg/RigidBodies.idl
[0.195s] -- Up-to-date symlink: /home/nl455/mocap_ws/install/mocap4r2_msgs/share/mocap4r2_msgs/srv/CreateRigidBody.idl
[0.195s] -- Up-to-date symlink: /home/nl455/mocap_ws/install/mocap4r2_msgs/share/mocap4r2_msgs/msg/Marker.msg
[0.195s] -- Up-to-date symlink: /home/nl455/mocap_ws/install/mocap4r2_msgs/share/mocap4r2_msgs/msg/Markers.msg
[0.195s] -- Up-to-date symlink: /home/nl455/mocap_ws/install/mocap4r2_msgs/share/mocap4r2_msgs/msg/ImusInfo.msg
[0.196s] -- Up-to-date symlink: /home/nl455/mocap_ws/install/mocap4r2_msgs/share/mocap4r2_msgs/msg/RigidBody.msg
[0.196s] -- Up-to-date symlink: /home/nl455/mocap_ws/install/mocap4r2_msgs/share/mocap4r2_msgs/msg/RigidBodies.msg
[0.196s] -- Up-to-date symlink: /home/nl455/mocap_ws/install/mocap4r2_msgs/share/mocap4r2_msgs/srv/CreateRigidBody.srv
[0.196s] -- Up-to-date symlink: /home/nl455/mocap_ws/install/mocap4r2_msgs/share/mocap4r2_msgs/mocap4r2_bridge_mapping_rule.yaml
[0.196s] -- Up-to-date symlink: /home/nl455/mocap_ws/install/mocap4r2_msgs/share/ament_index/resource_index/package_run_dependencies/mocap4r2_msgs
[0.196s] -- Up-to-date symlink: /home/nl455/mocap_ws/install/mocap4r2_msgs/share/ament_index/resource_index/parent_prefix_path/mocap4r2_msgs
[0.196s] -- Up-to-date symlink: /home/nl455/mocap_ws/install/mocap4r2_msgs/share/mocap4r2_msgs/environment/ament_prefix_path.sh
[0.196s] -- Up-to-date symlink: /home/nl455/mocap_ws/install/mocap4r2_msgs/share/mocap4r2_msgs/environment/ament_prefix_path.dsv
[0.196s] -- Up-to-date symlink: /home/nl455/mocap_ws/install/mocap4r2_msgs/share/mocap4r2_msgs/environment/path.sh
[0.196s] -- Up-to-date symlink: /home/nl455/mocap_ws/install/mocap4r2_msgs/share/mocap4r2_msgs/environment/path.dsv
[0.196s] -- Up-to-date symlink: /home/nl455/mocap_ws/install/mocap4r2_msgs/share/mocap4r2_msgs/local_setup.bash
[0.196s] -- Up-to-date symlink: /home/nl455/mocap_ws/install/mocap4r2_msgs/share/mocap4r2_msgs/local_setup.sh
[0.196s] -- Up-to-date symlink: /home/nl455/mocap_ws/install/mocap4r2_msgs/share/mocap4r2_msgs/local_setup.zsh
[0.196s] -- Up-to-date symlink: /home/nl455/mocap_ws/install/mocap4r2_msgs/share/mocap4r2_msgs/local_setup.dsv
[0.196s] -- Symlinking: /home/nl455/mocap_ws/install/mocap4r2_msgs/share/mocap4r2_msgs/package.dsv
[0.197s] -- Up-to-date symlink: /home/nl455/mocap_ws/install/mocap4r2_msgs/share/ament_index/resource_index/packages/mocap4r2_msgs
[0.197s] -- Up-to-date symlink: /home/nl455/mocap_ws/install/mocap4r2_msgs/share/mocap4r2_msgs/cmake/rosidl_cmake-extras.cmake
[0.197s] -- Up-to-date symlink: /home/nl455/mocap_ws/install/mocap4r2_msgs/share/mocap4r2_msgs/cmake/ament_cmake_export_dependencies-extras.cmake
[0.197s] -- Up-to-date symlink: /home/nl455/mocap_ws/install/mocap4r2_msgs/share/mocap4r2_msgs/cmake/ament_cmake_export_include_directories-extras.cmake
[0.197s] -- Up-to-date symlink: /home/nl455/mocap_ws/install/mocap4r2_msgs/share/mocap4r2_msgs/cmake/ament_cmake_export_libraries-extras.cmake
[0.197s] -- Up-to-date symlink: /home/nl455/mocap_ws/install/mocap4r2_msgs/share/mocap4r2_msgs/cmake/ament_cmake_export_targets-extras.cmake
[0.197s] -- Up-to-date symlink: /home/nl455/mocap_ws/install/mocap4r2_msgs/share/mocap4r2_msgs/cmake/rosidl_cmake_export_typesupport_targets-extras.cmake
[0.197s] -- Up-to-date symlink: /home/nl455/mocap_ws/install/mocap4r2_msgs/share/mocap4r2_msgs/cmake/rosidl_cmake_export_typesupport_libraries-extras.cmake
[0.197s] -- Up-to-date symlink: /home/nl455/mocap_ws/install/mocap4r2_msgs/share/mocap4r2_msgs/cmake/mocap4r2_msgsConfig.cmake
[0.197s] -- Up-to-date symlink: /home/nl455/mocap_ws/install/mocap4r2_msgs/share/mocap4r2_msgs/cmake/mocap4r2_msgsConfig-version.cmake
[0.198s] -- Up-to-date symlink: /home/nl455/mocap_ws/install/mocap4r2_msgs/share/mocap4r2_msgs/package.xml
[0.198s] -- Up-to-date: /home/nl455/mocap_ws/install/mocap4r2_msgs/lib/libmocap4r2_msgs__rosidl_generator_c.so
[0.198s] -- Up-to-date: /home/nl455/mocap_ws/install/mocap4r2_msgs/lib/libmocap4r2_msgs__rosidl_typesupport_fastrtps_c.so
[0.198s] -- Up-to-date: /home/nl455/mocap_ws/install/mocap4r2_msgs/lib/libmocap4r2_msgs__rosidl_typesupport_introspection_c.so
[0.198s] -- Up-to-date: /home/nl455/mocap_ws/install/mocap4r2_msgs/lib/libmocap4r2_msgs__rosidl_typesupport_c.so
[0.198s] -- Up-to-date: /home/nl455/mocap_ws/install/mocap4r2_msgs/lib/libmocap4r2_msgs__rosidl_typesupport_fastrtps_cpp.so
[0.198s] -- Up-to-date: /home/nl455/mocap_ws/install/mocap4r2_msgs/lib/libmocap4r2_msgs__rosidl_typesupport_introspection_cpp.so
[0.198s] -- Up-to-date: /home/nl455/mocap_ws/install/mocap4r2_msgs/lib/libmocap4r2_msgs__rosidl_typesupport_cpp.so
[0.214s] Listing '/home/nl455/mocap_ws/install/mocap4r2_msgs/lib/python3.12/site-packages/mocap4r2_msgs'...
[0.214s] Listing '/home/nl455/mocap_ws/install/mocap4r2_msgs/lib/python3.12/site-packages/mocap4r2_msgs/msg'...
[0.214s] Listing '/home/nl455/mocap_ws/install/mocap4r2_msgs/lib/python3.12/site-packages/mocap4r2_msgs/srv'...
[0.217s] -- Up-to-date: /home/nl455/mocap_ws/install/mocap4r2_msgs/lib/libmocap4r2_msgs__rosidl_generator_py.so
[0.217s] -- Up-to-date: /home/nl455/mocap_ws/install/mocap4r2_msgs/share/mocap4r2_msgs/cmake/export_mocap4r2_msgs__rosidl_generator_cExport.cmake
[0.217s] -- Up-to-date: /home/nl455/mocap_ws/install/mocap4r2_msgs/share/mocap4r2_msgs/cmake/export_mocap4r2_msgs__rosidl_generator_cExport-noconfig.cmake
[0.217s] -- Up-to-date: /home/nl455/mocap_ws/install/mocap4r2_msgs/share/mocap4r2_msgs/cmake/export_mocap4r2_msgs__rosidl_typesupport_fastrtps_cExport.cmake
[0.218s] -- Up-to-date: /home/nl455/mocap_ws/install/mocap4r2_msgs/share/mocap4r2_msgs/cmake/export_mocap4r2_msgs__rosidl_typesupport_fastrtps_cExport-noconfig.cmake
[0.218s] -- Up-to-date: /home/nl455/mocap_ws/install/mocap4r2_msgs/share/mocap4r2_msgs/cmake/mocap4r2_msgs__rosidl_typesupport_introspection_cExport.cmake
[0.218s] -- Up-to-date: /home/nl455/mocap_ws/install/mocap4r2_msgs/share/mocap4r2_msgs/cmake/mocap4r2_msgs__rosidl_typesupport_introspection_cExport-noconfig.cmake
[0.218s] -- Up-to-date: /home/nl455/mocap_ws/install/mocap4r2_msgs/share/mocap4r2_msgs/cmake/mocap4r2_msgs__rosidl_typesupport_cExport.cmake
[0.218s] -- Up-to-date: /home/nl455/mocap_ws/install/mocap4r2_msgs/share/mocap4r2_msgs/cmake/mocap4r2_msgs__rosidl_typesupport_cExport-noconfig.cmake
[0.218s] -- Up-to-date: /home/nl455/mocap_ws/install/mocap4r2_msgs/share/mocap4r2_msgs/cmake/export_mocap4r2_msgs__rosidl_generator_cppExport.cmake
[0.218s] -- Up-to-date: /home/nl455/mocap_ws/install/mocap4r2_msgs/share/mocap4r2_msgs/cmake/export_mocap4r2_msgs__rosidl_typesupport_fastrtps_cppExport.cmake
[0.218s] -- Up-to-date: /home/nl455/mocap_ws/install/mocap4r2_msgs/share/mocap4r2_msgs/cmake/export_mocap4r2_msgs__rosidl_typesupport_fastrtps_cppExport-noconfig.cmake
[0.218s] -- Up-to-date: /home/nl455/mocap_ws/install/mocap4r2_msgs/share/mocap4r2_msgs/cmake/mocap4r2_msgs__rosidl_typesupport_introspection_cppExport.cmake
[0.218s] -- Up-to-date: /home/nl455/mocap_ws/install/mocap4r2_msgs/share/mocap4r2_msgs/cmake/mocap4r2_msgs__rosidl_typesupport_introspection_cppExport-noconfig.cmake
[0.218s] -- Up-to-date: /home/nl455/mocap_ws/install/mocap4r2_msgs/share/mocap4r2_msgs/cmake/mocap4r2_msgs__rosidl_typesupport_cppExport.cmake
[0.218s] -- Up-to-date: /home/nl455/mocap_ws/install/mocap4r2_msgs/share/mocap4r2_msgs/cmake/mocap4r2_msgs__rosidl_typesupport_cppExport-noconfig.cmake
[0.218s] -- Up-to-date: /home/nl455/mocap_ws/install/mocap4r2_msgs/share/mocap4r2_msgs/cmake/export_mocap4r2_msgs__rosidl_generator_pyExport.cmake
[0.218s] -- Up-to-date: /home/nl455/mocap_ws/install/mocap4r2_msgs/share/mocap4r2_msgs/cmake/export_mocap4r2_msgs__rosidl_generator_pyExport-noconfig.cmake
[0.242s] Invoked command in '/home/nl455/mocap_ws/build/mocap4r2_msgs' returned '0': CMAKE_PREFIX_PATH=/home/nl455/miniconda3/envs/ros_env CONDA_PROMPT_MODIFIER=(ros_env) DEBUGINFOD_URLS=https://debuginfod.ubuntu.com /home/nl455/miniconda3/envs/ros_env/bin/cmake --install /home/nl455/mocap_ws/build/mocap4r2_msgs
