[0.014s] Invoking command in '/home/nl455/mocap_ws/build/mocap4r2_control': AMENT_PREFIX_PATH=/home/nl455/mocap_ws/install/mocap4r2_control_msgs:${AMENT_PREFIX_PATH} CMAKE_PREFIX_PATH=/home/nl455/mocap_ws/install/mocap4r2_control_msgs:/home/nl455/miniconda3/envs/ros_env CONDA_PROMPT_MODIFIER=(ros_env) DEBUGINFOD_URLS=https://debuginfod.ubuntu.com LD_LIBRARY_PATH=/home/nl455/mocap_ws/install/mocap4r2_control_msgs/lib:${LD_LIBRARY_PATH} PYTHONPATH=/home/nl455/mocap_ws/install/mocap4r2_control_msgs/lib/python3.12/site-packages:${PYTHONPATH} /home/nl455/miniconda3/envs/ros_env/bin/cmake --build /home/nl455/mocap_ws/build/mocap4r2_control -- -j32 -l32
[0.033s] [ 14%] Built target gtest_main
[0.033s] [ 28%] Built target gtest
[0.036s] [ 57%] Built target mocap4r2_control
[0.047s] [ 71%] Built target test_control
[0.047s] [100%] Built target test_auxiliar
[0.047s] [100%] Built target auxiliar_main
[0.105s] Invoked command in '/home/nl455/mocap_ws/build/mocap4r2_control' returned '0': AMENT_PREFIX_PATH=/home/nl455/mocap_ws/install/mocap4r2_control_msgs:${AMENT_PREFIX_PATH} CMAKE_PREFIX_PATH=/home/nl455/mocap_ws/install/mocap4r2_control_msgs:/home/nl455/miniconda3/envs/ros_env CONDA_PROMPT_MODIFIER=(ros_env) DEBUGINFOD_URLS=https://debuginfod.ubuntu.com LD_LIBRARY_PATH=/home/nl455/mocap_ws/install/mocap4r2_control_msgs/lib:${LD_LIBRARY_PATH} PYTHONPATH=/home/nl455/mocap_ws/install/mocap4r2_control_msgs/lib/python3.12/site-packages:${PYTHONPATH} /home/nl455/miniconda3/envs/ros_env/bin/cmake --build /home/nl455/mocap_ws/build/mocap4r2_control -- -j32 -l32
[0.105s] Invoking command in '/home/nl455/mocap_ws/build/mocap4r2_control': AMENT_PREFIX_PATH=/home/nl455/mocap_ws/install/mocap4r2_control_msgs:${AMENT_PREFIX_PATH} CMAKE_PREFIX_PATH=/home/nl455/mocap_ws/install/mocap4r2_control_msgs:/home/nl455/miniconda3/envs/ros_env CONDA_PROMPT_MODIFIER=(ros_env) DEBUGINFOD_URLS=https://debuginfod.ubuntu.com LD_LIBRARY_PATH=/home/nl455/mocap_ws/install/mocap4r2_control_msgs/lib:${LD_LIBRARY_PATH} PYTHONPATH=/home/nl455/mocap_ws/install/mocap4r2_control_msgs/lib/python3.12/site-packages:${PYTHONPATH} /home/nl455/miniconda3/envs/ros_env/bin/cmake --install /home/nl455/mocap_ws/build/mocap4r2_control
[0.108s] -- Install configuration: ""
[0.108s] -- Execute custom install script
[0.108s] -- Up-to-date symlink: /home/nl455/mocap_ws/install/mocap4r2_control/include//mocap4r2_control/AuxiliarNode.hpp
[0.108s] -- Up-to-date symlink: /home/nl455/mocap_ws/install/mocap4r2_control/include//mocap4r2_control/ControlledLifecycleNode.hpp
[0.108s] -- Up-to-date symlink: /home/nl455/mocap_ws/install/mocap4r2_control/include//mocap4r2_control/ControllerNode.hpp
[0.108s] -- Up-to-date symlink: /home/nl455/mocap_ws/install/mocap4r2_control/share/mocap4r2_control/config/config_example.yaml
[0.108s] -- Up-to-date symlink: /home/nl455/mocap_ws/install/mocap4r2_control/share/mocap4r2_control/launch/auxiliar.launch.py
[0.108s] -- Up-to-date symlink: /home/nl455/mocap_ws/install/mocap4r2_control/lib/libmocap4r2_control.so
[0.109s] -- Up-to-date symlink: /home/nl455/mocap_ws/install/mocap4r2_control/lib/mocap4r2_control/auxiliar_main
[0.109s] -- Up-to-date symlink: /home/nl455/mocap_ws/install/mocap4r2_control/share/mocap4r2_control/environment/library_path.sh
[0.109s] -- Up-to-date symlink: /home/nl455/mocap_ws/install/mocap4r2_control/share/mocap4r2_control/environment/library_path.dsv
[0.109s] -- Up-to-date symlink: /home/nl455/mocap_ws/install/mocap4r2_control/share/ament_index/resource_index/package_run_dependencies/mocap4r2_control
[0.109s] -- Up-to-date symlink: /home/nl455/mocap_ws/install/mocap4r2_control/share/ament_index/resource_index/parent_prefix_path/mocap4r2_control
[0.109s] -- Up-to-date symlink: /home/nl455/mocap_ws/install/mocap4r2_control/share/mocap4r2_control/environment/ament_prefix_path.sh
[0.109s] -- Up-to-date symlink: /home/nl455/mocap_ws/install/mocap4r2_control/share/mocap4r2_control/environment/ament_prefix_path.dsv
[0.109s] -- Up-to-date symlink: /home/nl455/mocap_ws/install/mocap4r2_control/share/mocap4r2_control/environment/path.sh
[0.109s] -- Up-to-date symlink: /home/nl455/mocap_ws/install/mocap4r2_control/share/mocap4r2_control/environment/path.dsv
[0.109s] -- Up-to-date symlink: /home/nl455/mocap_ws/install/mocap4r2_control/share/mocap4r2_control/local_setup.bash
[0.109s] -- Up-to-date symlink: /home/nl455/mocap_ws/install/mocap4r2_control/share/mocap4r2_control/local_setup.sh
[0.109s] -- Up-to-date symlink: /home/nl455/mocap_ws/install/mocap4r2_control/share/mocap4r2_control/local_setup.zsh
[0.109s] -- Up-to-date symlink: /home/nl455/mocap_ws/install/mocap4r2_control/share/mocap4r2_control/local_setup.dsv
[0.109s] -- Symlinking: /home/nl455/mocap_ws/install/mocap4r2_control/share/mocap4r2_control/package.dsv
[0.112s] -- Up-to-date symlink: /home/nl455/mocap_ws/install/mocap4r2_control/share/ament_index/resource_index/packages/mocap4r2_control
[0.112s] -- Up-to-date symlink: /home/nl455/mocap_ws/install/mocap4r2_control/share/mocap4r2_control/cmake/ament_cmake_export_include_directories-extras.cmake
[0.112s] -- Up-to-date symlink: /home/nl455/mocap_ws/install/mocap4r2_control/share/mocap4r2_control/cmake/ament_cmake_export_libraries-extras.cmake
[0.112s] -- Up-to-date symlink: /home/nl455/mocap_ws/install/mocap4r2_control/share/mocap4r2_control/cmake/ament_cmake_export_dependencies-extras.cmake
[0.112s] -- Up-to-date symlink: /home/nl455/mocap_ws/install/mocap4r2_control/share/mocap4r2_control/cmake/mocap4r2_controlConfig.cmake
[0.112s] -- Up-to-date symlink: /home/nl455/mocap_ws/install/mocap4r2_control/share/mocap4r2_control/cmake/mocap4r2_controlConfig-version.cmake
[0.112s] -- Up-to-date symlink: /home/nl455/mocap_ws/install/mocap4r2_control/share/mocap4r2_control/package.xml
[0.114s] Invoked command in '/home/nl455/mocap_ws/build/mocap4r2_control' returned '0': AMENT_PREFIX_PATH=/home/nl455/mocap_ws/install/mocap4r2_control_msgs:${AMENT_PREFIX_PATH} CMAKE_PREFIX_PATH=/home/nl455/mocap_ws/install/mocap4r2_control_msgs:/home/nl455/miniconda3/envs/ros_env CONDA_PROMPT_MODIFIER=(ros_env) DEBUGINFOD_URLS=https://debuginfod.ubuntu.com LD_LIBRARY_PATH=/home/nl455/mocap_ws/install/mocap4r2_control_msgs/lib:${LD_LIBRARY_PATH} PYTHONPATH=/home/nl455/mocap_ws/install/mocap4r2_control_msgs/lib/python3.12/site-packages:${PYTHONPATH} /home/nl455/miniconda3/envs/ros_env/bin/cmake --install /home/nl455/mocap_ws/build/mocap4r2_control
