[0.009s] Invoking command in '/home/nl455/mocap_ws/build/mocap4r2_control_msgs': CMAKE_PREFIX_PATH=${CMAKE_PREFIX_PATH}:/home/nl455/mocap_ws/install/mocap4r2cli:/home/nl455/miniconda3/envs/ros_env CONDA_PROMPT_MODIFIER=(ros_env) DEBUGINFOD_URLS=https://debuginfod.ubuntu.com /home/nl455/miniconda3/envs/ros_env/bin/cmake /home/nl455/mocap_ws/src/mocap4r2/mocap4r2_control/mocap4r2_control_msgs -DAMENT_CMAKE_SYMLINK_INSTALL=1 -DCMAKE_INSTALL_PREFIX=/home/nl455/mocap_ws/install/mocap4r2_control_msgs
[0.017s] [0mCMake Deprecation Warning at CMakeLists.txt:1 (cmake_minimum_required):
[0.017s]   Compatibility with CMake < 3.10 will be removed from a future version of
[0.017s]   CMake.
[0.017s] 
[0.017s]   Update the VERSION argument <min> value.  Or, use the <min>...<max> syntax
[0.017s]   to tell CMake that the project requires at least <min> but has been updated
[0.017s]   to work with policies introduced by <max> or earlier.
[0.017s] 
[0.017s] [0m
[0.019s] -- Found ament_cmake: 2.7.3 (/home/nl455/miniconda3/envs/ros_env/share/ament_cmake/cmake)
[0.030s] -- Found Python3: /home/nl455/miniconda3/envs/ros_env/bin/python3 (found version "3.12.12") found components: Interpreter
[0.069s] -- Override CMake install command with custom implementation using symlinks instead of copying resources
[0.072s] -- Found rosidl_default_generators: 1.7.1 (/home/nl455/miniconda3/envs/ros_env/share/rosidl_default_generators/cmake)
[0.073s] -- Using all available rosidl_typesupport_c: rosidl_typesupport_fastrtps_c;rosidl_typesupport_introspection_c
[0.091s] -- Using all available rosidl_typesupport_cpp: rosidl_typesupport_fastrtps_cpp;rosidl_typesupport_introspection_cpp
[0.103s] -- Found rosidl_adapter: 4.9.5 (/home/nl455/miniconda3/envs/ros_env/share/rosidl_adapter/cmake)
[0.104s] -- Found builtin_interfaces: 2.3.0 (/home/nl455/miniconda3/envs/ros_env/share/builtin_interfaces/cmake)
[0.110s] -- Found std_msgs: 5.5.0 (/home/nl455/miniconda3/envs/ros_env/share/std_msgs/cmake)
[0.117s] -- Found geometry_msgs: 5.5.0 (/home/nl455/miniconda3/envs/ros_env/share/geometry_msgs/cmake)
[0.266s] -- Found ament_cmake_ros_core: 0.14.3 (/home/nl455/miniconda3/envs/ros_env/share/ament_cmake_ros_core/cmake)
[0.341s] -- Using all available rosidl_typesupport_c: rosidl_typesupport_fastrtps_c;rosidl_typesupport_introspection_c
[0.445s] -- Using all available rosidl_typesupport_cpp: rosidl_typesupport_fastrtps_cpp;rosidl_typesupport_introspection_cpp
[0.670s] -- Found Python3: /home/nl455/miniconda3/envs/ros_env/bin/python3 (found version "3.12.12") found components: Interpreter Development NumPy Development.Module Development.Embed
[0.703s] -- Configuring done (0.7s)
[0.724s] -- Generating done (0.0s)
[0.733s] -- Build files have been written to: /home/nl455/mocap_ws/build/mocap4r2_control_msgs
[0.738s] Invoked command in '/home/nl455/mocap_ws/build/mocap4r2_control_msgs' returned '0': CMAKE_PREFIX_PATH=${CMAKE_PREFIX_PATH}:/home/nl455/mocap_ws/install/mocap4r2cli:/home/nl455/miniconda3/envs/ros_env CONDA_PROMPT_MODIFIER=(ros_env) DEBUGINFOD_URLS=https://debuginfod.ubuntu.com /home/nl455/miniconda3/envs/ros_env/bin/cmake /home/nl455/mocap_ws/src/mocap4r2/mocap4r2_control/mocap4r2_control_msgs -DAMENT_CMAKE_SYMLINK_INSTALL=1 -DCMAKE_INSTALL_PREFIX=/home/nl455/mocap_ws/install/mocap4r2_control_msgs
[0.739s] Invoking command in '/home/nl455/mocap_ws/build/mocap4r2_control_msgs': CMAKE_PREFIX_PATH=${CMAKE_PREFIX_PATH}:/home/nl455/mocap_ws/install/mocap4r2cli:/home/nl455/miniconda3/envs/ros_env CONDA_PROMPT_MODIFIER=(ros_env) DEBUGINFOD_URLS=https://debuginfod.ubuntu.com /home/nl455/miniconda3/envs/ros_env/bin/cmake --build /home/nl455/mocap_ws/build/mocap4r2_control_msgs -- -j32 -l32
[0.756s] [  2%] Built target mocap4r2_control_msgs__rosidl_generator_type_description
[0.758s] [  2%] Built target ament_cmake_python_symlink_mocap4r2_control_msgs
[0.763s] [  4%] Built target mocap4r2_control_msgs__cpp
[0.765s] [ 22%] Built target mocap4r2_control_msgs__rosidl_generator_c
[0.773s] [ 31%] Built target mocap4r2_control_msgs__rosidl_typesupport_c
[0.773s] [ 40%] Built target mocap4r2_control_msgs__rosidl_typesupport_introspection_c
[0.774s] [ 50%] Built target mocap4r2_control_msgs__rosidl_typesupport_introspection_cpp
[0.774s] [ 77%] Built target mocap4r2_control_msgs__rosidl_typesupport_fastrtps_cpp
[0.774s] [ 77%] Built target mocap4r2_control_msgs__rosidl_typesupport_fastrtps_c
[0.774s] [ 77%] Built target mocap4r2_control_msgs__rosidl_typesupport_cpp
[0.781s] [ 77%] Built target mocap4r2_control_msgs
[0.788s] [ 79%] Built target mocap4r2_control_msgs__py
[0.798s] [ 86%] Built target mocap4r2_control_msgs__rosidl_generator_py
[0.806s] [ 90%] Built target mocap4r2_control_msgs_s__rosidl_typesupport_fastrtps_c
[0.806s] [ 95%] Built target mocap4r2_control_msgs_s__rosidl_typesupport_c
[0.807s] [100%] Built target mocap4r2_control_msgs_s__rosidl_typesupport_introspection_c
[0.855s] running egg_info
[0.861s] writing mocap4r2_control_msgs.egg-info/PKG-INFO
[0.861s] writing dependency_links to mocap4r2_control_msgs.egg-info/dependency_links.txt
[0.861s] writing top-level names to mocap4r2_control_msgs.egg-info/top_level.txt
[0.878s] reading manifest file 'mocap4r2_control_msgs.egg-info/SOURCES.txt'
[0.878s] writing manifest file 'mocap4r2_control_msgs.egg-info/SOURCES.txt'
[0.893s] [100%] Built target ament_cmake_python_build_mocap4r2_control_msgs_egg
[0.900s] Invoked command in '/home/nl455/mocap_ws/build/mocap4r2_control_msgs' returned '0': CMAKE_PREFIX_PATH=${CMAKE_PREFIX_PATH}:/home/nl455/mocap_ws/install/mocap4r2cli:/home/nl455/miniconda3/envs/ros_env CONDA_PROMPT_MODIFIER=(ros_env) DEBUGINFOD_URLS=https://debuginfod.ubuntu.com /home/nl455/miniconda3/envs/ros_env/bin/cmake --build /home/nl455/mocap_ws/build/mocap4r2_control_msgs -- -j32 -l32
[0.901s] Invoking command in '/home/nl455/mocap_ws/build/mocap4r2_control_msgs': CMAKE_PREFIX_PATH=${CMAKE_PREFIX_PATH}:/home/nl455/mocap_ws/install/mocap4r2cli:/home/nl455/miniconda3/envs/ros_env CONDA_PROMPT_MODIFIER=(ros_env) DEBUGINFOD_URLS=https://debuginfod.ubuntu.com /home/nl455/miniconda3/envs/ros_env/bin/cmake --install /home/nl455/mocap_ws/build/mocap4r2_control_msgs
[0.903s] -- Install configuration: ""
[0.904s] -- Execute custom install script
[0.904s] -- Up-to-date symlink: /home/nl455/mocap_ws/install/mocap4r2_control_msgs/share/ament_index/resource_index/rosidl_interfaces/mocap4r2_control_msgs
[0.904s] -- Up-to-date symlink: /home/nl455/mocap_ws/install/mocap4r2_control_msgs/share/mocap4r2_control_msgs/msg/Control.json
[0.904s] -- Up-to-date symlink: /home/nl455/mocap_ws/install/mocap4r2_control_msgs/share/mocap4r2_control_msgs/msg/MocapInfo.json
[0.904s] -- Up-to-date symlink: /home/nl455/mocap_ws/install/mocap4r2_control_msgs/include/mocap4r2_control_msgs/mocap4r2_control_msgs/msg/control.h
[0.904s] -- Up-to-date symlink: /home/nl455/mocap_ws/install/mocap4r2_control_msgs/include/mocap4r2_control_msgs/mocap4r2_control_msgs/msg/detail/control__functions.h
[0.904s] -- Up-to-date symlink: /home/nl455/mocap_ws/install/mocap4r2_control_msgs/include/mocap4r2_control_msgs/mocap4r2_control_msgs/msg/detail/control__struct.h
[0.904s] -- Up-to-date symlink: /home/nl455/mocap_ws/install/mocap4r2_control_msgs/include/mocap4r2_control_msgs/mocap4r2_control_msgs/msg/detail/control__type_support.h
[0.904s] -- Up-to-date symlink: /home/nl455/mocap_ws/install/mocap4r2_control_msgs/include/mocap4r2_control_msgs/mocap4r2_control_msgs/msg/detail/mocap_info__functions.h
[0.904s] -- Up-to-date symlink: /home/nl455/mocap_ws/install/mocap4r2_control_msgs/include/mocap4r2_control_msgs/mocap4r2_control_msgs/msg/detail/mocap_info__struct.h
[0.904s] -- Up-to-date symlink: /home/nl455/mocap_ws/install/mocap4r2_control_msgs/include/mocap4r2_control_msgs/mocap4r2_control_msgs/msg/detail/mocap_info__type_support.h
[0.904s] -- Up-to-date symlink: /home/nl455/mocap_ws/install/mocap4r2_control_msgs/include/mocap4r2_control_msgs/mocap4r2_control_msgs/msg/mocap_info.h
[0.904s] -- Up-to-date symlink: /home/nl455/mocap_ws/install/mocap4r2_control_msgs/include/mocap4r2_control_msgs/mocap4r2_control_msgs/msg/rosidl_generator_c__visibility_control.h
[0.904s] -- Up-to-date symlink: /home/nl455/mocap_ws/install/mocap4r2_control_msgs/share/mocap4r2_control_msgs/environment/library_path.sh
[0.904s] -- Up-to-date symlink: /home/nl455/mocap_ws/install/mocap4r2_control_msgs/share/mocap4r2_control_msgs/environment/library_path.dsv
[0.904s] -- Up-to-date symlink: /home/nl455/mocap_ws/install/mocap4r2_control_msgs/include/mocap4r2_control_msgs/mocap4r2_control_msgs/msg/detail/control__rosidl_typesupport_fastrtps_c.h
[0.904s] -- Up-to-date symlink: /home/nl455/mocap_ws/install/mocap4r2_control_msgs/include/mocap4r2_control_msgs/mocap4r2_control_msgs/msg/detail/mocap_info__rosidl_typesupport_fastrtps_c.h
[0.905s] -- Up-to-date symlink: /home/nl455/mocap_ws/install/mocap4r2_control_msgs/include/mocap4r2_control_msgs/mocap4r2_control_msgs/msg/rosidl_typesupport_fastrtps_c__visibility_control.h
[0.905s] -- Up-to-date symlink: /home/nl455/mocap_ws/install/mocap4r2_control_msgs/include/mocap4r2_control_msgs/mocap4r2_control_msgs/msg/detail/control__rosidl_typesupport_introspection_c.h
[0.905s] -- Up-to-date symlink: /home/nl455/mocap_ws/install/mocap4r2_control_msgs/include/mocap4r2_control_msgs/mocap4r2_control_msgs/msg/detail/mocap_info__rosidl_typesupport_introspection_c.h
[0.905s] -- Up-to-date symlink: /home/nl455/mocap_ws/install/mocap4r2_control_msgs/include/mocap4r2_control_msgs/mocap4r2_control_msgs/msg/rosidl_typesupport_introspection_c__visibility_control.h
[0.905s] -- Up-to-date symlink: /home/nl455/mocap_ws/install/mocap4r2_control_msgs/include/mocap4r2_control_msgs/mocap4r2_control_msgs/msg/control.hpp
[0.905s] -- Up-to-date symlink: /home/nl455/mocap_ws/install/mocap4r2_control_msgs/include/mocap4r2_control_msgs/mocap4r2_control_msgs/msg/detail/control__builder.hpp
[0.905s] -- Up-to-date symlink: /home/nl455/mocap_ws/install/mocap4r2_control_msgs/include/mocap4r2_control_msgs/mocap4r2_control_msgs/msg/detail/control__struct.hpp
[0.905s] -- Up-to-date symlink: /home/nl455/mocap_ws/install/mocap4r2_control_msgs/include/mocap4r2_control_msgs/mocap4r2_control_msgs/msg/detail/control__traits.hpp
[0.905s] -- Up-to-date symlink: /home/nl455/mocap_ws/install/mocap4r2_control_msgs/include/mocap4r2_control_msgs/mocap4r2_control_msgs/msg/detail/control__type_support.hpp
[0.905s] -- Up-to-date symlink: /home/nl455/mocap_ws/install/mocap4r2_control_msgs/include/mocap4r2_control_msgs/mocap4r2_control_msgs/msg/detail/mocap_info__builder.hpp
[0.905s] -- Up-to-date symlink: /home/nl455/mocap_ws/install/mocap4r2_control_msgs/include/mocap4r2_control_msgs/mocap4r2_control_msgs/msg/detail/mocap_info__struct.hpp
[0.905s] -- Up-to-date symlink: /home/nl455/mocap_ws/install/mocap4r2_control_msgs/include/mocap4r2_control_msgs/mocap4r2_control_msgs/msg/detail/mocap_info__traits.hpp
[0.905s] -- Up-to-date symlink: /home/nl455/mocap_ws/install/mocap4r2_control_msgs/include/mocap4r2_control_msgs/mocap4r2_control_msgs/msg/detail/mocap_info__type_support.hpp
[0.905s] -- Up-to-date symlink: /home/nl455/mocap_ws/install/mocap4r2_control_msgs/include/mocap4r2_control_msgs/mocap4r2_control_msgs/msg/mocap_info.hpp
[0.905s] -- Up-to-date symlink: /home/nl455/mocap_ws/install/mocap4r2_control_msgs/include/mocap4r2_control_msgs/mocap4r2_control_msgs/msg/rosidl_generator_cpp__visibility_control.hpp
[0.905s] -- Up-to-date symlink: /home/nl455/mocap_ws/install/mocap4r2_control_msgs/include/mocap4r2_control_msgs/mocap4r2_control_msgs/msg/detail/control__rosidl_typesupport_fastrtps_cpp.hpp
[0.905s] -- Up-to-date symlink: /home/nl455/mocap_ws/install/mocap4r2_control_msgs/include/mocap4r2_control_msgs/mocap4r2_control_msgs/msg/detail/mocap_info__rosidl_typesupport_fastrtps_cpp.hpp
[0.905s] -- Up-to-date symlink: /home/nl455/mocap_ws/install/mocap4r2_control_msgs/include/mocap4r2_control_msgs/mocap4r2_control_msgs/msg/rosidl_typesupport_fastrtps_cpp__visibility_control.h
[0.905s] -- Up-to-date symlink: /home/nl455/mocap_ws/install/mocap4r2_control_msgs/include/mocap4r2_control_msgs/mocap4r2_control_msgs/msg/detail/control__rosidl_typesupport_introspection_cpp.hpp
[0.905s] -- Up-to-date symlink: /home/nl455/mocap_ws/install/mocap4r2_control_msgs/include/mocap4r2_control_msgs/mocap4r2_control_msgs/msg/detail/mocap_info__rosidl_typesupport_introspection_cpp.hpp
[0.905s] -- Up-to-date symlink: /home/nl455/mocap_ws/install/mocap4r2_control_msgs/share/mocap4r2_control_msgs/environment/pythonpath.sh
[0.905s] -- Up-to-date symlink: /home/nl455/mocap_ws/install/mocap4r2_control_msgs/share/mocap4r2_control_msgs/environment/pythonpath.dsv
[0.905s] -- Up-to-date symlink: /home/nl455/mocap_ws/install/mocap4r2_control_msgs/lib/python3.12/site-packages/mocap4r2_control_msgs-0.0.7-py3.12.egg-info/PKG-INFO
[0.905s] -- Up-to-date symlink: /home/nl455/mocap_ws/install/mocap4r2_control_msgs/lib/python3.12/site-packages/mocap4r2_control_msgs-0.0.7-py3.12.egg-info/SOURCES.txt
[0.906s] -- Up-to-date symlink: /home/nl455/mocap_ws/install/mocap4r2_control_msgs/lib/python3.12/site-packages/mocap4r2_control_msgs-0.0.7-py3.12.egg-info/dependency_links.txt
[0.906s] -- Up-to-date symlink: /home/nl455/mocap_ws/install/mocap4r2_control_msgs/lib/python3.12/site-packages/mocap4r2_control_msgs-0.0.7-py3.12.egg-info/top_level.txt
[0.906s] -- Up-to-date symlink: /home/nl455/mocap_ws/install/mocap4r2_control_msgs/lib/python3.12/site-packages/mocap4r2_control_msgs/__init__.py
[0.906s] -- Up-to-date symlink: /home/nl455/mocap_ws/install/mocap4r2_control_msgs/lib/python3.12/site-packages/mocap4r2_control_msgs/_mocap4r2_control_msgs_s.ep.rosidl_typesupport_c.c
[0.906s] -- Up-to-date symlink: /home/nl455/mocap_ws/install/mocap4r2_control_msgs/lib/python3.12/site-packages/mocap4r2_control_msgs/_mocap4r2_control_msgs_s.ep.rosidl_typesupport_fastrtps_c.c
[0.906s] -- Up-to-date symlink: /home/nl455/mocap_ws/install/mocap4r2_control_msgs/lib/python3.12/site-packages/mocap4r2_control_msgs/_mocap4r2_control_msgs_s.ep.rosidl_typesupport_introspection_c.c
[0.906s] -- Up-to-date symlink: /home/nl455/mocap_ws/install/mocap4r2_control_msgs/lib/python3.12/site-packages/mocap4r2_control_msgs/mocap4r2_control_msgs_s__rosidl_typesupport_c.so
[0.906s] -- Up-to-date symlink: /home/nl455/mocap_ws/install/mocap4r2_control_msgs/lib/python3.12/site-packages/mocap4r2_control_msgs/mocap4r2_control_msgs_s__rosidl_typesupport_fastrtps_c.so
[0.906s] -- Up-to-date symlink: /home/nl455/mocap_ws/install/mocap4r2_control_msgs/lib/python3.12/site-packages/mocap4r2_control_msgs/mocap4r2_control_msgs_s__rosidl_typesupport_introspection_c.so
[0.906s] -- Up-to-date symlink: /home/nl455/mocap_ws/install/mocap4r2_control_msgs/lib/python3.12/site-packages/mocap4r2_control_msgs/msg/__init__.py
[0.906s] -- Up-to-date symlink: /home/nl455/mocap_ws/install/mocap4r2_control_msgs/lib/python3.12/site-packages/mocap4r2_control_msgs/msg/_control.py
[0.906s] -- Up-to-date symlink: /home/nl455/mocap_ws/install/mocap4r2_control_msgs/lib/python3.12/site-packages/mocap4r2_control_msgs/msg/_control_s.c
[0.906s] -- Up-to-date symlink: /home/nl455/mocap_ws/install/mocap4r2_control_msgs/lib/python3.12/site-packages/mocap4r2_control_msgs/msg/_mocap_info.py
[0.906s] -- Up-to-date symlink: /home/nl455/mocap_ws/install/mocap4r2_control_msgs/lib/python3.12/site-packages/mocap4r2_control_msgs/msg/_mocap_info_s.c
[0.906s] -- Up-to-date symlink: /home/nl455/mocap_ws/install/mocap4r2_control_msgs/lib/python3.12/site-packages/mocap4r2_control_msgs/mocap4r2_control_msgs_s__rosidl_typesupport_fastrtps_c.so
[0.906s] -- Up-to-date symlink: /home/nl455/mocap_ws/install/mocap4r2_control_msgs/lib/python3.12/site-packages/mocap4r2_control_msgs/mocap4r2_control_msgs_s__rosidl_typesupport_introspection_c.so
[0.906s] -- Up-to-date symlink: /home/nl455/mocap_ws/install/mocap4r2_control_msgs/lib/python3.12/site-packages/mocap4r2_control_msgs/mocap4r2_control_msgs_s__rosidl_typesupport_c.so
[0.906s] -- Up-to-date symlink: /home/nl455/mocap_ws/install/mocap4r2_control_msgs/share/mocap4r2_control_msgs/msg/Control.idl
[0.906s] -- Up-to-date symlink: /home/nl455/mocap_ws/install/mocap4r2_control_msgs/share/mocap4r2_control_msgs/msg/MocapInfo.idl
[0.906s] -- Up-to-date symlink: /home/nl455/mocap_ws/install/mocap4r2_control_msgs/share/mocap4r2_control_msgs/msg/Control.msg
[0.906s] -- Up-to-date symlink: /home/nl455/mocap_ws/install/mocap4r2_control_msgs/share/mocap4r2_control_msgs/msg/MocapInfo.msg
[0.906s] -- Up-to-date symlink: /home/nl455/mocap_ws/install/mocap4r2_control_msgs/share/mocap4r2_control_msgs/mocap4r2_control_bridge_mapping_rule.yaml
[0.907s] -- Up-to-date symlink: /home/nl455/mocap_ws/install/mocap4r2_control_msgs/share/ament_index/resource_index/package_run_dependencies/mocap4r2_control_msgs
[0.907s] -- Up-to-date symlink: /home/nl455/mocap_ws/install/mocap4r2_control_msgs/share/ament_index/resource_index/parent_prefix_path/mocap4r2_control_msgs
[0.907s] -- Up-to-date symlink: /home/nl455/mocap_ws/install/mocap4r2_control_msgs/share/mocap4r2_control_msgs/environment/ament_prefix_path.sh
[0.907s] -- Up-to-date symlink: /home/nl455/mocap_ws/install/mocap4r2_control_msgs/share/mocap4r2_control_msgs/environment/ament_prefix_path.dsv
[0.907s] -- Up-to-date symlink: /home/nl455/mocap_ws/install/mocap4r2_control_msgs/share/mocap4r2_control_msgs/environment/path.sh
[0.907s] -- Up-to-date symlink: /home/nl455/mocap_ws/install/mocap4r2_control_msgs/share/mocap4r2_control_msgs/environment/path.dsv
[0.907s] -- Up-to-date symlink: /home/nl455/mocap_ws/install/mocap4r2_control_msgs/share/mocap4r2_control_msgs/local_setup.bash
[0.907s] -- Up-to-date symlink: /home/nl455/mocap_ws/install/mocap4r2_control_msgs/share/mocap4r2_control_msgs/local_setup.sh
[0.907s] -- Up-to-date symlink: /home/nl455/mocap_ws/install/mocap4r2_control_msgs/share/mocap4r2_control_msgs/local_setup.zsh
[0.907s] -- Up-to-date symlink: /home/nl455/mocap_ws/install/mocap4r2_control_msgs/share/mocap4r2_control_msgs/local_setup.dsv
[0.907s] -- Symlinking: /home/nl455/mocap_ws/install/mocap4r2_control_msgs/share/mocap4r2_control_msgs/package.dsv
[0.910s] -- Up-to-date symlink: /home/nl455/mocap_ws/install/mocap4r2_control_msgs/share/ament_index/resource_index/packages/mocap4r2_control_msgs
[0.910s] -- Up-to-date symlink: /home/nl455/mocap_ws/install/mocap4r2_control_msgs/share/mocap4r2_control_msgs/cmake/rosidl_cmake-extras.cmake
[0.910s] -- Up-to-date symlink: /home/nl455/mocap_ws/install/mocap4r2_control_msgs/share/mocap4r2_control_msgs/cmake/ament_cmake_export_dependencies-extras.cmake
[0.910s] -- Up-to-date symlink: /home/nl455/mocap_ws/install/mocap4r2_control_msgs/share/mocap4r2_control_msgs/cmake/ament_cmake_export_include_directories-extras.cmake
[0.910s] -- Up-to-date symlink: /home/nl455/mocap_ws/install/mocap4r2_control_msgs/share/mocap4r2_control_msgs/cmake/ament_cmake_export_libraries-extras.cmake
[0.910s] -- Up-to-date symlink: /home/nl455/mocap_ws/install/mocap4r2_control_msgs/share/mocap4r2_control_msgs/cmake/ament_cmake_export_targets-extras.cmake
[0.910s] -- Up-to-date symlink: /home/nl455/mocap_ws/install/mocap4r2_control_msgs/share/mocap4r2_control_msgs/cmake/rosidl_cmake_export_typesupport_targets-extras.cmake
[0.910s] -- Up-to-date symlink: /home/nl455/mocap_ws/install/mocap4r2_control_msgs/share/mocap4r2_control_msgs/cmake/rosidl_cmake_export_typesupport_libraries-extras.cmake
[0.910s] -- Up-to-date symlink: /home/nl455/mocap_ws/install/mocap4r2_control_msgs/share/mocap4r2_control_msgs/cmake/mocap4r2_control_msgsConfig.cmake
[0.910s] -- Up-to-date symlink: /home/nl455/mocap_ws/install/mocap4r2_control_msgs/share/mocap4r2_control_msgs/cmake/mocap4r2_control_msgsConfig-version.cmake
[0.910s] -- Up-to-date symlink: /home/nl455/mocap_ws/install/mocap4r2_control_msgs/share/mocap4r2_control_msgs/package.xml
[0.910s] -- Up-to-date: /home/nl455/mocap_ws/install/mocap4r2_control_msgs/lib/libmocap4r2_control_msgs__rosidl_generator_c.so
[0.910s] -- Up-to-date: /home/nl455/mocap_ws/install/mocap4r2_control_msgs/lib/libmocap4r2_control_msgs__rosidl_typesupport_fastrtps_c.so
[0.910s] -- Up-to-date: /home/nl455/mocap_ws/install/mocap4r2_control_msgs/lib/libmocap4r2_control_msgs__rosidl_typesupport_introspection_c.so
[0.911s] -- Up-to-date: /home/nl455/mocap_ws/install/mocap4r2_control_msgs/lib/libmocap4r2_control_msgs__rosidl_typesupport_c.so
[0.911s] -- Up-to-date: /home/nl455/mocap_ws/install/mocap4r2_control_msgs/lib/libmocap4r2_control_msgs__rosidl_typesupport_fastrtps_cpp.so
[0.911s] -- Up-to-date: /home/nl455/mocap_ws/install/mocap4r2_control_msgs/lib/libmocap4r2_control_msgs__rosidl_typesupport_introspection_cpp.so
[0.911s] -- Up-to-date: /home/nl455/mocap_ws/install/mocap4r2_control_msgs/lib/libmocap4r2_control_msgs__rosidl_typesupport_cpp.so
[0.928s] Listing '/home/nl455/mocap_ws/install/mocap4r2_control_msgs/lib/python3.12/site-packages/mocap4r2_control_msgs'...
[0.928s] Compiling '/home/nl455/mocap_ws/install/mocap4r2_control_msgs/lib/python3.12/site-packages/mocap4r2_control_msgs/__init__.py'...
[0.929s] Listing '/home/nl455/mocap_ws/install/mocap4r2_control_msgs/lib/python3.12/site-packages/mocap4r2_control_msgs/msg'...
[0.931s] -- Up-to-date: /home/nl455/mocap_ws/install/mocap4r2_control_msgs/lib/libmocap4r2_control_msgs__rosidl_generator_py.so
[0.931s] -- Up-to-date: /home/nl455/mocap_ws/install/mocap4r2_control_msgs/share/mocap4r2_control_msgs/cmake/export_mocap4r2_control_msgs__rosidl_generator_cExport.cmake
[0.931s] -- Up-to-date: /home/nl455/mocap_ws/install/mocap4r2_control_msgs/share/mocap4r2_control_msgs/cmake/export_mocap4r2_control_msgs__rosidl_generator_cExport-noconfig.cmake
[0.931s] -- Up-to-date: /home/nl455/mocap_ws/install/mocap4r2_control_msgs/share/mocap4r2_control_msgs/cmake/export_mocap4r2_control_msgs__rosidl_typesupport_fastrtps_cExport.cmake
[0.931s] -- Up-to-date: /home/nl455/mocap_ws/install/mocap4r2_control_msgs/share/mocap4r2_control_msgs/cmake/export_mocap4r2_control_msgs__rosidl_typesupport_fastrtps_cExport-noconfig.cmake
[0.931s] -- Up-to-date: /home/nl455/mocap_ws/install/mocap4r2_control_msgs/share/mocap4r2_control_msgs/cmake/mocap4r2_control_msgs__rosidl_typesupport_introspection_cExport.cmake
[0.931s] -- Up-to-date: /home/nl455/mocap_ws/install/mocap4r2_control_msgs/share/mocap4r2_control_msgs/cmake/mocap4r2_control_msgs__rosidl_typesupport_introspection_cExport-noconfig.cmake
[0.932s] -- Up-to-date: /home/nl455/mocap_ws/install/mocap4r2_control_msgs/share/mocap4r2_control_msgs/cmake/mocap4r2_control_msgs__rosidl_typesupport_cExport.cmake
[0.932s] -- Up-to-date: /home/nl455/mocap_ws/install/mocap4r2_control_msgs/share/mocap4r2_control_msgs/cmake/mocap4r2_control_msgs__rosidl_typesupport_cExport-noconfig.cmake
[0.932s] -- Up-to-date: /home/nl455/mocap_ws/install/mocap4r2_control_msgs/share/mocap4r2_control_msgs/cmake/export_mocap4r2_control_msgs__rosidl_generator_cppExport.cmake
[0.932s] -- Up-to-date: /home/nl455/mocap_ws/install/mocap4r2_control_msgs/share/mocap4r2_control_msgs/cmake/export_mocap4r2_control_msgs__rosidl_typesupport_fastrtps_cppExport.cmake
[0.932s] -- Up-to-date: /home/nl455/mocap_ws/install/mocap4r2_control_msgs/share/mocap4r2_control_msgs/cmake/export_mocap4r2_control_msgs__rosidl_typesupport_fastrtps_cppExport-noconfig.cmake
[0.932s] -- Up-to-date: /home/nl455/mocap_ws/install/mocap4r2_control_msgs/share/mocap4r2_control_msgs/cmake/mocap4r2_control_msgs__rosidl_typesupport_introspection_cppExport.cmake
[0.932s] -- Up-to-date: /home/nl455/mocap_ws/install/mocap4r2_control_msgs/share/mocap4r2_control_msgs/cmake/mocap4r2_control_msgs__rosidl_typesupport_introspection_cppExport-noconfig.cmake
[0.932s] -- Up-to-date: /home/nl455/mocap_ws/install/mocap4r2_control_msgs/share/mocap4r2_control_msgs/cmake/mocap4r2_control_msgs__rosidl_typesupport_cppExport.cmake
[0.932s] -- Up-to-date: /home/nl455/mocap_ws/install/mocap4r2_control_msgs/share/mocap4r2_control_msgs/cmake/mocap4r2_control_msgs__rosidl_typesupport_cppExport-noconfig.cmake
[0.932s] -- Up-to-date: /home/nl455/mocap_ws/install/mocap4r2_control_msgs/share/mocap4r2_control_msgs/cmake/export_mocap4r2_control_msgs__rosidl_generator_pyExport.cmake
[0.932s] -- Up-to-date: /home/nl455/mocap_ws/install/mocap4r2_control_msgs/share/mocap4r2_control_msgs/cmake/export_mocap4r2_control_msgs__rosidl_generator_pyExport-noconfig.cmake
[0.933s] Invoked command in '/home/nl455/mocap_ws/build/mocap4r2_control_msgs' returned '0': CMAKE_PREFIX_PATH=${CMAKE_PREFIX_PATH}:/home/nl455/mocap_ws/install/mocap4r2cli:/home/nl455/miniconda3/envs/ros_env CONDA_PROMPT_MODIFIER=(ros_env) DEBUGINFOD_URLS=https://debuginfod.ubuntu.com /home/nl455/miniconda3/envs/ros_env/bin/cmake --install /home/nl455/mocap_ws/build/mocap4r2_control_msgs
