-- The C compiler identification is GNU 13.3.0
-- The CXX compiler identification is GNU 13.3.0
-- Detecting C compiler ABI info
-- Detecting C compiler ABI info - done
-- Check for working C compiler: /usr/bin/cc - skipped
-- Detecting C compile features
-- Detecting C compile features - done
-- Detecting CXX compiler ABI info
-- Detecting CXX compiler ABI info - done
-- Check for working CXX compiler: /usr/bin/c++ - skipped
-- Detecting CXX compile features
-- Detecting CXX compile features - done
-- Found ament_cmake: 2.7.3 (/home/nl455/miniconda3/envs/ros_env/share/ament_cmake/cmake)
-- Found Python3: /home/nl455/miniconda3/envs/ros_env/bin/python3 (found version "3.12.12") found components: Interpreter
-- Override CMake install command with custom implementation using symlinks instead of copying resources
-- Found rclcpp: 29.5.3 (/home/nl455/miniconda3/envs/ros_env/share/rclcpp/cmake)
-- Found rosidl_generator_c: 4.9.5 (/home/nl455/miniconda3/envs/ros_env/share/rosidl_generator_c/cmake)
-- Found rosidl_generator_cpp: 4.9.5 (/home/nl455/miniconda3/envs/ros_env/share/rosidl_generator_cpp/cmake)
-- Using all available rosidl_typesupport_c: rosidl_typesupport_fastrtps_c;rosidl_typesupport_introspection_c
-- Using all available rosidl_typesupport_cpp: rosidl_typesupport_fastrtps_cpp;rosidl_typesupport_introspection_cpp
-- Found rmw_implementation_cmake: 7.8.2 (/home/nl455/miniconda3/envs/ros_env/share/rmw_implementation_cmake/cmake)
-- Found rmw_fastrtps_cpp: 9.3.3 (/home/nl455/miniconda3/envs/ros_env/share/rmw_fastrtps_cpp/cmake)
-- Found OpenSSL: /home/nl455/miniconda3/envs/ros_env/lib/libcrypto.so (found version "3.6.0")
-- Using RMW implementation 'rmw_fastrtps_cpp' as default
-- Found rclcpp_lifecycle: 29.5.3 (/home/nl455/miniconda3/envs/ros_env/share/rclcpp_lifecycle/cmake)
-- Found mocap4r2_msgs: 0.2.0 (/home/nl455/mocap_ws/install/mocap4r2_msgs/share/mocap4r2_msgs/cmake)
-- Found mocap4r2_control: 0.0.7 (/home/nl455/mocap_ws/install/mocap4r2_control/share/mocap4r2_control/cmake)
-- Found ament_lint_auto: 0.19.2 (/home/nl455/miniconda3/envs/ros_env/share/ament_lint_auto/cmake)
-- Added test 'copyright' to check source files copyright and LICENSE
-- Added test 'cppcheck' to perform static code analysis on C / C++ code
-- Configured cppcheck include dirs: /home/nl455/mocap_ws/src/mocap4r2/mocap4r2_dummy_driver/include
-- Configured cppcheck exclude dirs and/or files: 
-- Added test 'cpplint' to check C / C++ code against the Google style
-- Configured cpplint exclude dirs and/or files: 
-- Added test 'flake8' to check Python code syntax and style conventions
-- Configured 'flake8' exclude dirs and/or files: 
-- Added test 'lint_cmake' to check CMake code style
-- Added test 'pep257' to check Python code against some of the docstring style conventions in PEP 257
-- Added test 'uncrustify' to check C / C++ code style
-- Configured uncrustify additional arguments: 
-- Added test 'xmllint' to check XML markup files
-- Configuring done (0.8s)
-- Generating done (0.0s)
-- Build files have been written to: /home/nl455/mocap_ws/build/mocap4r2_dummy_driver
[ 25%] [32mBuilding CXX object CMakeFiles/mocap4r2_dummy_driver.dir/src/mocap4r2_dummy_driver/mocap4r2_dummy_driver.cpp.o[0m
[ 50%] [1m[32mLinking CXX static library libmocap4r2_dummy_driver.a[0m
[ 50%] Built target mocap4r2_dummy_driver
[ 75%] [32mBuilding CXX object CMakeFiles/mocap4r2_dummy_driver_main.dir/src/mocap4r2_dummy_driver_main.cpp.o[0m
[100%] [1m[32mLinking CXX executable mocap4r2_dummy_driver_main[0m
[100%] Built target mocap4r2_dummy_driver_main
-- Install configuration: ""
-- Execute custom install script
-- Symlinking: /home/nl455/mocap_ws/install/mocap4r2_dummy_driver/share/mocap4r2_dummy_driver/launch/dummy.launch.py
-- Symlinking: /home/nl455/mocap_ws/install/mocap4r2_dummy_driver/lib/libmocap4r2_dummy_driver.a
-- Symlinking: /home/nl455/mocap_ws/install/mocap4r2_dummy_driver/lib/mocap4r2_dummy_driver/mocap4r2_dummy_driver_main
-- Symlinking: /home/nl455/mocap_ws/install/mocap4r2_dummy_driver/share/ament_index/resource_index/package_run_dependencies/mocap4r2_dummy_driver
-- Symlinking: /home/nl455/mocap_ws/install/mocap4r2_dummy_driver/share/ament_index/resource_index/parent_prefix_path/mocap4r2_dummy_driver
-- Symlinking: /home/nl455/mocap_ws/install/mocap4r2_dummy_driver/share/mocap4r2_dummy_driver/environment/ament_prefix_path.sh
-- Symlinking: /home/nl455/mocap_ws/install/mocap4r2_dummy_driver/share/mocap4r2_dummy_driver/environment/ament_prefix_path.dsv
-- Symlinking: /home/nl455/mocap_ws/install/mocap4r2_dummy_driver/share/mocap4r2_dummy_driver/environment/path.sh
-- Symlinking: /home/nl455/mocap_ws/install/mocap4r2_dummy_driver/share/mocap4r2_dummy_driver/environment/path.dsv
-- Symlinking: /home/nl455/mocap_ws/install/mocap4r2_dummy_driver/share/mocap4r2_dummy_driver/local_setup.bash
-- Symlinking: /home/nl455/mocap_ws/install/mocap4r2_dummy_driver/share/mocap4r2_dummy_driver/local_setup.sh
-- Symlinking: /home/nl455/mocap_ws/install/mocap4r2_dummy_driver/share/mocap4r2_dummy_driver/local_setup.zsh
-- Symlinking: /home/nl455/mocap_ws/install/mocap4r2_dummy_driver/share/mocap4r2_dummy_driver/local_setup.dsv
-- Symlinking: /home/nl455/mocap_ws/install/mocap4r2_dummy_driver/share/mocap4r2_dummy_driver/package.dsv
-- Symlinking: /home/nl455/mocap_ws/install/mocap4r2_dummy_driver/share/ament_index/resource_index/packages/mocap4r2_dummy_driver
-- Symlinking: /home/nl455/mocap_ws/install/mocap4r2_dummy_driver/share/mocap4r2_dummy_driver/cmake/ament_cmake_export_dependencies-extras.cmake
-- Symlinking: /home/nl455/mocap_ws/install/mocap4r2_dummy_driver/share/mocap4r2_dummy_driver/cmake/mocap4r2_dummy_driverConfig.cmake
-- Symlinking: /home/nl455/mocap_ws/install/mocap4r2_dummy_driver/share/mocap4r2_dummy_driver/cmake/mocap4r2_dummy_driverConfig-version.cmake
-- Symlinking: /home/nl455/mocap_ws/install/mocap4r2_dummy_driver/share/mocap4r2_dummy_driver/package.xml
